#
# There is insufficient memory for the Java Runtime Environment to continue.
# Native memory allocation (malloc) failed to allocate 205760 bytes for Chunk::new
# Possible reasons:
#   The system is out of physical RAM or swap space
#   The process is running with CompressedOops enabled, and the Java Heap may be blocking the growth of the native heap
# Possible solutions:
#   Reduce memory load on the system
#   Increase physical memory or swap space
#   Check if swap backing store is full
#   Decrease Java heap size (-Xmx/-Xms)
#   Decrease number of Java threads
#   Decrease Java thread stack sizes (-Xss)
#   Set larger code cache with -XX:ReservedCodeCacheSize=
#   JVM is running with Zero Based Compressed Oops mode in which the Java heap is
#     placed in the first 32GB address space. The Java Heap base address is the
#     maximum limit for the native heap growth. Please use -XX:HeapBaseMinAddress
#     to set the Java Heap base and to place the Java Heap above 32GB virtual address.
# This output file may be truncated or incomplete.
#
#  Out of Memory Error (arena.cpp:189), pid=5268, tid=13832
#
# JRE version: OpenJDK Runtime Environment Temurin-17.0.4.1+1 (17.0.4.1+1) (build 17.0.4.1+1)
# Java VM: OpenJDK 64-Bit Server VM Temurin-17.0.4.1+1 (17.0.4.1+1, mixed mode, tiered, compressed oops, compressed class ptrs, g1 gc, windows-amd64)
# No core dump will be written. Minidumps are not enabled by default on client versions of Windows
#

---------------  S U M M A R Y ------------

Command Line: -ea -Dfile.encoding=UTF-8 -XX:+ShowCodeDetailsInExceptionMessages org.eclipse.jdt.internal.junit.runner.RemoteTestRunner -version 3 -port 60533 -testLoaderClass org.eclipse.jdt.internal.junit5.runner.JUnit5TestLoader -loaderpluginname org.eclipse.jdt.junit5.runtime -classNames database.DatabaseImplementationTest

Host: Intel(R) Xeon(R) Gold 6338 CPU @ 2.00GHz, 4 cores, 14G,  Windows 10 , 64 bit Build 19041 (10.0.19041.3031)
Time: Thu Aug 17 17:27:40 2023 Mitteleuropäische Sommerzeit elapsed time: 1.178743 seconds (0d 0h 0m 1s)

---------------  T H R E A D  ---------------

Current thread (0x000001ee9904bf70):  JavaThread "C2 CompilerThread0" daemon [_thread_in_native, id=13832, stack(0x000000097e700000,0x000000097e800000)]


Current CompileTask:
C2:   1178 1180       4       sun.reflect.annotation.AnnotationInvocationHandler::invoke (178 bytes)

Stack: [0x000000097e700000,0x000000097e800000]
Native frames: (J=compiled Java code, j=interpreted, Vv=VM code, C=native code)
V  [jvm.dll+0x67731a]
V  [jvm.dll+0x832284]
V  [jvm.dll+0x833a2e]
V  [jvm.dll+0x834093]
V  [jvm.dll+0x245775]
V  [jvm.dll+0xabd7b]
V  [jvm.dll+0xac30c]
V  [jvm.dll+0x363a97]
V  [jvm.dll+0x32e011]
V  [jvm.dll+0x32d4ba]
V  [jvm.dll+0x218681]
V  [jvm.dll+0x217aa1]
V  [jvm.dll+0x1a3f8d]
V  [jvm.dll+0x227498]
V  [jvm.dll+0x2255e5]
V  [jvm.dll+0x7e7e9b]
V  [jvm.dll+0x7e240a]
V  [jvm.dll+0x6761a5]
C  [ucrtbase.dll+0x21bb2]
C  [KERNEL32.DLL+0x17614]
C  [ntdll.dll+0x526f1]


---------------  P R O C E S S  ---------------

Threads class SMR info:
_java_thread_list=0x000001ee9967c2f0, length=14, elements={
0x000001eef8afaaa0, 0x000001eeffcb84e0, 0x000001eeffcd2b70, 0x000001ee99035c80,
0x000001ee99036540, 0x000001ee990496b0, 0x000001ee9904b380, 0x000001ee9904bf70,
0x000001ee99050600, 0x000001eeffcddfd0, 0x000001ee991b9260, 0x000001ee991bbde0,
0x000001ee991bb5c0, 0x000001ee999f3020
}

Java Threads: ( => current thread )
  0x000001eef8afaaa0 JavaThread "main" [_thread_in_Java, id=14280, stack(0x000000097da00000,0x000000097db00000)]
  0x000001eeffcb84e0 JavaThread "Reference Handler" daemon [_thread_blocked, id=8084, stack(0x000000097e100000,0x000000097e200000)]
  0x000001eeffcd2b70 JavaThread "Finalizer" daemon [_thread_blocked, id=6028, stack(0x000000097e200000,0x000000097e300000)]
  0x000001ee99035c80 JavaThread "Signal Dispatcher" daemon [_thread_blocked, id=9660, stack(0x000000097e300000,0x000000097e400000)]
  0x000001ee99036540 JavaThread "Attach Listener" daemon [_thread_blocked, id=7892, stack(0x000000097e400000,0x000000097e500000)]
  0x000001ee990496b0 JavaThread "Service Thread" daemon [_thread_blocked, id=10960, stack(0x000000097e500000,0x000000097e600000)]
  0x000001ee9904b380 JavaThread "Monitor Deflation Thread" daemon [_thread_blocked, id=5636, stack(0x000000097e600000,0x000000097e700000)]
=>0x000001ee9904bf70 JavaThread "C2 CompilerThread0" daemon [_thread_in_native, id=13832, stack(0x000000097e700000,0x000000097e800000)]
  0x000001ee99050600 JavaThread "C1 CompilerThread0" daemon [_thread_blocked, id=11652, stack(0x000000097e800000,0x000000097e900000)]
  0x000001eeffcddfd0 JavaThread "Sweeper thread" daemon [_thread_blocked, id=6596, stack(0x000000097e900000,0x000000097ea00000)]
  0x000001ee991b9260 JavaThread "Notification Thread" daemon [_thread_blocked, id=12412, stack(0x000000097ea00000,0x000000097eb00000)]
  0x000001ee991bbde0 JavaThread "Common-Cleaner" daemon [_thread_blocked, id=4384, stack(0x000000097ec00000,0x000000097ed00000)]
  0x000001ee991bb5c0 JavaThread "C2 CompilerThread1" daemon [_thread_in_native, id=11152, stack(0x000000097ed00000,0x000000097ee00000)]
  0x000001ee999f3020 JavaThread "ReaderThread" [_thread_in_native, id=10728, stack(0x000000097ee00000,0x000000097ef00000)]

Other Threads:
  0x000001eeffcb1b20 VMThread "VM Thread" [stack: 0x000000097e000000,0x000000097e100000] [id=11196]
  0x000001ee991b9730 WatcherThread [stack: 0x000000097eb00000,0x000000097ec00000] [id=14312]
  0x000001eef8b60390 GCTaskThread "GC Thread#0" [stack: 0x000000097db00000,0x000000097dc00000] [id=13620]
  0x000001ee99956d70 GCTaskThread "GC Thread#1" [stack: 0x000000097ef00000,0x000000097f000000] [id=7848]
  0x000001ee99957020 GCTaskThread "GC Thread#2" [stack: 0x000000097f000000,0x000000097f100000] [id=708]
  0x000001ee999572d0 GCTaskThread "GC Thread#3" [stack: 0x000000097f100000,0x000000097f200000] [id=10524]
  0x000001eef8b710f0 ConcurrentGCThread "G1 Main Marker" [stack: 0x000000097dc00000,0x000000097dd00000] [id=13164]
  0x000001eef8b73270 ConcurrentGCThread "G1 Conc#0" [stack: 0x000000097dd00000,0x000000097de00000] [id=13332]
  0x000001eef8bce090 ConcurrentGCThread "G1 Refine#0" [stack: 0x000000097de00000,0x000000097df00000] [id=4880]
  0x000001eef8bcea70 ConcurrentGCThread "G1 Service" [stack: 0x000000097df00000,0x000000097e000000] [id=11804]

Threads with active compile tasks:
C2 CompilerThread0     1202 1180       4       sun.reflect.annotation.AnnotationInvocationHandler::invoke (178 bytes)
C2 CompilerThread1     1202 1181       4       java.util.HashMap::putVal (300 bytes)

VM state: not at safepoint (normal execution)

VM Mutex/Monitor currently owned by a thread: None

Heap address: 0x0000000710000000, size: 3840 MB, Compressed Oops mode: Zero based, Oop shift amount: 3

CDS archive(s) not mapped
Compressed class space mapped at: 0x0000000800000000-0x0000000840000000, reserved size: 1073741824
Narrow klass base: 0x0000000800000000, Narrow klass shift: 0, Narrow klass range: 0x40000000

GC Precious Log:
 CPUs: 4 total, 4 available
 Memory: 15358M
 Large Page Support: Disabled
 NUMA Support: Disabled
 Compressed Oops: Enabled (Zero based)
 Heap Region Size: 2M
 Heap Min Capacity: 8M
 Heap Initial Capacity: 240M
 Heap Max Capacity: 3840M
 Pre-touch: Disabled
 Parallel Workers: 4
 Concurrent Workers: 1
 Concurrent Refinement Workers: 4
 Periodic GC: Disabled

Heap:
 garbage-first heap   total 245760K, used 9499K [0x0000000710000000, 0x0000000800000000)
  region size 2048K, 5 young (10240K), 1 survivors (2048K)
 Metaspace       used 13707K, committed 13824K, reserved 1064960K
  class space    used 1409K, committed 1472K, reserved 1048576K

Heap Regions: E=young(eden), S=young(survivor), O=old, HS=humongous(starts), HC=humongous(continues), CS=collection set, F=free, OA=open archive, CA=closed archive, TAMS=top-at-mark-start (previous, next)
|   0|0x0000000710000000, 0x0000000710146e00, 0x0000000710200000| 63%| O|  |TAMS 0x0000000710000000, 0x0000000710000000| Untracked 
|   1|0x0000000710200000, 0x0000000710200000, 0x0000000710400000|  0%| F|  |TAMS 0x0000000710200000, 0x0000000710200000| Untracked 
|   2|0x0000000710400000, 0x0000000710400000, 0x0000000710600000|  0%| F|  |TAMS 0x0000000710400000, 0x0000000710400000| Untracked 
|   3|0x0000000710600000, 0x0000000710600000, 0x0000000710800000|  0%| F|  |TAMS 0x0000000710600000, 0x0000000710600000| Untracked 
|   4|0x0000000710800000, 0x0000000710800000, 0x0000000710a00000|  0%| F|  |TAMS 0x0000000710800000, 0x0000000710800000| Untracked 
|   5|0x0000000710a00000, 0x0000000710a00000, 0x0000000710c00000|  0%| F|  |TAMS 0x0000000710a00000, 0x0000000710a00000| Untracked 
|   6|0x0000000710c00000, 0x0000000710c00000, 0x0000000710e00000|  0%| F|  |TAMS 0x0000000710c00000, 0x0000000710c00000| Untracked 
|   7|0x0000000710e00000, 0x0000000710e00000, 0x0000000711000000|  0%| F|  |TAMS 0x0000000710e00000, 0x0000000710e00000| Untracked 
|   8|0x0000000711000000, 0x0000000711000000, 0x0000000711200000|  0%| F|  |TAMS 0x0000000711000000, 0x0000000711000000| Untracked 
|   9|0x0000000711200000, 0x0000000711200000, 0x0000000711400000|  0%| F|  |TAMS 0x0000000711200000, 0x0000000711200000| Untracked 
|  10|0x0000000711400000, 0x0000000711400000, 0x0000000711600000|  0%| F|  |TAMS 0x0000000711400000, 0x0000000711400000| Untracked 
|  11|0x0000000711600000, 0x0000000711600000, 0x0000000711800000|  0%| F|  |TAMS 0x0000000711600000, 0x0000000711600000| Untracked 
|  12|0x0000000711800000, 0x0000000711800000, 0x0000000711a00000|  0%| F|  |TAMS 0x0000000711800000, 0x0000000711800000| Untracked 
|  13|0x0000000711a00000, 0x0000000711a00000, 0x0000000711c00000|  0%| F|  |TAMS 0x0000000711a00000, 0x0000000711a00000| Untracked 
|  14|0x0000000711c00000, 0x0000000711c00000, 0x0000000711e00000|  0%| F|  |TAMS 0x0000000711c00000, 0x0000000711c00000| Untracked 
|  15|0x0000000711e00000, 0x0000000711e00000, 0x0000000712000000|  0%| F|  |TAMS 0x0000000711e00000, 0x0000000711e00000| Untracked 
|  16|0x0000000712000000, 0x0000000712000000, 0x0000000712200000|  0%| F|  |TAMS 0x0000000712000000, 0x0000000712000000| Untracked 
|  17|0x0000000712200000, 0x0000000712200000, 0x0000000712400000|  0%| F|  |TAMS 0x0000000712200000, 0x0000000712200000| Untracked 
|  18|0x0000000712400000, 0x0000000712400000, 0x0000000712600000|  0%| F|  |TAMS 0x0000000712400000, 0x0000000712400000| Untracked 
|  19|0x0000000712600000, 0x0000000712600000, 0x0000000712800000|  0%| F|  |TAMS 0x0000000712600000, 0x0000000712600000| Untracked 
|  20|0x0000000712800000, 0x0000000712800000, 0x0000000712a00000|  0%| F|  |TAMS 0x0000000712800000, 0x0000000712800000| Untracked 
|  21|0x0000000712a00000, 0x0000000712a00000, 0x0000000712c00000|  0%| F|  |TAMS 0x0000000712a00000, 0x0000000712a00000| Untracked 
|  22|0x0000000712c00000, 0x0000000712c00000, 0x0000000712e00000|  0%| F|  |TAMS 0x0000000712c00000, 0x0000000712c00000| Untracked 
|  23|0x0000000712e00000, 0x0000000712e00000, 0x0000000713000000|  0%| F|  |TAMS 0x0000000712e00000, 0x0000000712e00000| Untracked 
|  24|0x0000000713000000, 0x0000000713000000, 0x0000000713200000|  0%| F|  |TAMS 0x0000000713000000, 0x0000000713000000| Untracked 
|  25|0x0000000713200000, 0x0000000713200000, 0x0000000713400000|  0%| F|  |TAMS 0x0000000713200000, 0x0000000713200000| Untracked 
|  26|0x0000000713400000, 0x0000000713400000, 0x0000000713600000|  0%| F|  |TAMS 0x0000000713400000, 0x0000000713400000| Untracked 
|  27|0x0000000713600000, 0x0000000713600000, 0x0000000713800000|  0%| F|  |TAMS 0x0000000713600000, 0x0000000713600000| Untracked 
|  28|0x0000000713800000, 0x0000000713800000, 0x0000000713a00000|  0%| F|  |TAMS 0x0000000713800000, 0x0000000713800000| Untracked 
|  29|0x0000000713a00000, 0x0000000713a00000, 0x0000000713c00000|  0%| F|  |TAMS 0x0000000713a00000, 0x0000000713a00000| Untracked 
|  30|0x0000000713c00000, 0x0000000713c00000, 0x0000000713e00000|  0%| F|  |TAMS 0x0000000713c00000, 0x0000000713c00000| Untracked 
|  31|0x0000000713e00000, 0x0000000713e00000, 0x0000000714000000|  0%| F|  |TAMS 0x0000000713e00000, 0x0000000713e00000| Untracked 
|  32|0x0000000714000000, 0x0000000714000000, 0x0000000714200000|  0%| F|  |TAMS 0x0000000714000000, 0x0000000714000000| Untracked 
|  33|0x0000000714200000, 0x0000000714200000, 0x0000000714400000|  0%| F|  |TAMS 0x0000000714200000, 0x0000000714200000| Untracked 
|  34|0x0000000714400000, 0x0000000714400000, 0x0000000714600000|  0%| F|  |TAMS 0x0000000714400000, 0x0000000714400000| Untracked 
|  35|0x0000000714600000, 0x0000000714600000, 0x0000000714800000|  0%| F|  |TAMS 0x0000000714600000, 0x0000000714600000| Untracked 
|  36|0x0000000714800000, 0x0000000714800000, 0x0000000714a00000|  0%| F|  |TAMS 0x0000000714800000, 0x0000000714800000| Untracked 
|  37|0x0000000714a00000, 0x0000000714a00000, 0x0000000714c00000|  0%| F|  |TAMS 0x0000000714a00000, 0x0000000714a00000| Untracked 
|  38|0x0000000714c00000, 0x0000000714c00000, 0x0000000714e00000|  0%| F|  |TAMS 0x0000000714c00000, 0x0000000714c00000| Untracked 
|  39|0x0000000714e00000, 0x0000000714e00000, 0x0000000715000000|  0%| F|  |TAMS 0x0000000714e00000, 0x0000000714e00000| Untracked 
|  40|0x0000000715000000, 0x0000000715000000, 0x0000000715200000|  0%| F|  |TAMS 0x0000000715000000, 0x0000000715000000| Untracked 
|  41|0x0000000715200000, 0x0000000715200000, 0x0000000715400000|  0%| F|  |TAMS 0x0000000715200000, 0x0000000715200000| Untracked 
|  42|0x0000000715400000, 0x0000000715400000, 0x0000000715600000|  0%| F|  |TAMS 0x0000000715400000, 0x0000000715400000| Untracked 
|  43|0x0000000715600000, 0x0000000715600000, 0x0000000715800000|  0%| F|  |TAMS 0x0000000715600000, 0x0000000715600000| Untracked 
|  44|0x0000000715800000, 0x0000000715800000, 0x0000000715a00000|  0%| F|  |TAMS 0x0000000715800000, 0x0000000715800000| Untracked 
|  45|0x0000000715a00000, 0x0000000715a00000, 0x0000000715c00000|  0%| F|  |TAMS 0x0000000715a00000, 0x0000000715a00000| Untracked 
|  46|0x0000000715c00000, 0x0000000715c00000, 0x0000000715e00000|  0%| F|  |TAMS 0x0000000715c00000, 0x0000000715c00000| Untracked 
|  47|0x0000000715e00000, 0x0000000715e00000, 0x0000000716000000|  0%| F|  |TAMS 0x0000000715e00000, 0x0000000715e00000| Untracked 
|  48|0x0000000716000000, 0x0000000716000000, 0x0000000716200000|  0%| F|  |TAMS 0x0000000716000000, 0x0000000716000000| Untracked 
|  49|0x0000000716200000, 0x0000000716200000, 0x0000000716400000|  0%| F|  |TAMS 0x0000000716200000, 0x0000000716200000| Untracked 
|  50|0x0000000716400000, 0x0000000716400000, 0x0000000716600000|  0%| F|  |TAMS 0x0000000716400000, 0x0000000716400000| Untracked 
|  51|0x0000000716600000, 0x0000000716600000, 0x0000000716800000|  0%| F|  |TAMS 0x0000000716600000, 0x0000000716600000| Untracked 
|  52|0x0000000716800000, 0x0000000716800000, 0x0000000716a00000|  0%| F|  |TAMS 0x0000000716800000, 0x0000000716800000| Untracked 
|  53|0x0000000716a00000, 0x0000000716a00000, 0x0000000716c00000|  0%| F|  |TAMS 0x0000000716a00000, 0x0000000716a00000| Untracked 
|  54|0x0000000716c00000, 0x0000000716c00000, 0x0000000716e00000|  0%| F|  |TAMS 0x0000000716c00000, 0x0000000716c00000| Untracked 
|  55|0x0000000716e00000, 0x0000000716e00000, 0x0000000717000000|  0%| F|  |TAMS 0x0000000716e00000, 0x0000000716e00000| Untracked 
|  56|0x0000000717000000, 0x0000000717000000, 0x0000000717200000|  0%| F|  |TAMS 0x0000000717000000, 0x0000000717000000| Untracked 
|  57|0x0000000717200000, 0x0000000717200000, 0x0000000717400000|  0%| F|  |TAMS 0x0000000717200000, 0x0000000717200000| Untracked 
|  58|0x0000000717400000, 0x0000000717400000, 0x0000000717600000|  0%| F|  |TAMS 0x0000000717400000, 0x0000000717400000| Untracked 
|  59|0x0000000717600000, 0x0000000717600000, 0x0000000717800000|  0%| F|  |TAMS 0x0000000717600000, 0x0000000717600000| Untracked 
|  60|0x0000000717800000, 0x0000000717800000, 0x0000000717a00000|  0%| F|  |TAMS 0x0000000717800000, 0x0000000717800000| Untracked 
|  61|0x0000000717a00000, 0x0000000717a00000, 0x0000000717c00000|  0%| F|  |TAMS 0x0000000717a00000, 0x0000000717a00000| Untracked 
|  62|0x0000000717c00000, 0x0000000717c00000, 0x0000000717e00000|  0%| F|  |TAMS 0x0000000717c00000, 0x0000000717c00000| Untracked 
|  63|0x0000000717e00000, 0x0000000717e00000, 0x0000000718000000|  0%| F|  |TAMS 0x0000000717e00000, 0x0000000717e00000| Untracked 
|  64|0x0000000718000000, 0x0000000718000000, 0x0000000718200000|  0%| F|  |TAMS 0x0000000718000000, 0x0000000718000000| Untracked 
|  65|0x0000000718200000, 0x0000000718200000, 0x0000000718400000|  0%| F|  |TAMS 0x0000000718200000, 0x0000000718200000| Untracked 
|  66|0x0000000718400000, 0x0000000718400000, 0x0000000718600000|  0%| F|  |TAMS 0x0000000718400000, 0x0000000718400000| Untracked 
|  67|0x0000000718600000, 0x0000000718600000, 0x0000000718800000|  0%| F|  |TAMS 0x0000000718600000, 0x0000000718600000| Untracked 
|  68|0x0000000718800000, 0x0000000718800000, 0x0000000718a00000|  0%| F|  |TAMS 0x0000000718800000, 0x0000000718800000| Untracked 
|  69|0x0000000718a00000, 0x0000000718a00000, 0x0000000718c00000|  0%| F|  |TAMS 0x0000000718a00000, 0x0000000718a00000| Untracked 
|  70|0x0000000718c00000, 0x0000000718c00000, 0x0000000718e00000|  0%| F|  |TAMS 0x0000000718c00000, 0x0000000718c00000| Untracked 
|  71|0x0000000718e00000, 0x0000000718e00000, 0x0000000719000000|  0%| F|  |TAMS 0x0000000718e00000, 0x0000000718e00000| Untracked 
|  72|0x0000000719000000, 0x0000000719000000, 0x0000000719200000|  0%| F|  |TAMS 0x0000000719000000, 0x0000000719000000| Untracked 
|  73|0x0000000719200000, 0x0000000719200000, 0x0000000719400000|  0%| F|  |TAMS 0x0000000719200000, 0x0000000719200000| Untracked 
|  74|0x0000000719400000, 0x0000000719400000, 0x0000000719600000|  0%| F|  |TAMS 0x0000000719400000, 0x0000000719400000| Untracked 
|  75|0x0000000719600000, 0x0000000719600000, 0x0000000719800000|  0%| F|  |TAMS 0x0000000719600000, 0x0000000719600000| Untracked 
|  76|0x0000000719800000, 0x0000000719800000, 0x0000000719a00000|  0%| F|  |TAMS 0x0000000719800000, 0x0000000719800000| Untracked 
|  77|0x0000000719a00000, 0x0000000719a00000, 0x0000000719c00000|  0%| F|  |TAMS 0x0000000719a00000, 0x0000000719a00000| Untracked 
|  78|0x0000000719c00000, 0x0000000719c00000, 0x0000000719e00000|  0%| F|  |TAMS 0x0000000719c00000, 0x0000000719c00000| Untracked 
|  79|0x0000000719e00000, 0x0000000719e00000, 0x000000071a000000|  0%| F|  |TAMS 0x0000000719e00000, 0x0000000719e00000| Untracked 
|  80|0x000000071a000000, 0x000000071a000000, 0x000000071a200000|  0%| F|  |TAMS 0x000000071a000000, 0x000000071a000000| Untracked 
|  81|0x000000071a200000, 0x000000071a200000, 0x000000071a400000|  0%| F|  |TAMS 0x000000071a200000, 0x000000071a200000| Untracked 
|  82|0x000000071a400000, 0x000000071a400000, 0x000000071a600000|  0%| F|  |TAMS 0x000000071a400000, 0x000000071a400000| Untracked 
|  83|0x000000071a600000, 0x000000071a600000, 0x000000071a800000|  0%| F|  |TAMS 0x000000071a600000, 0x000000071a600000| Untracked 
|  84|0x000000071a800000, 0x000000071a800000, 0x000000071aa00000|  0%| F|  |TAMS 0x000000071a800000, 0x000000071a800000| Untracked 
|  85|0x000000071aa00000, 0x000000071aa00000, 0x000000071ac00000|  0%| F|  |TAMS 0x000000071aa00000, 0x000000071aa00000| Untracked 
|  86|0x000000071ac00000, 0x000000071ac00000, 0x000000071ae00000|  0%| F|  |TAMS 0x000000071ac00000, 0x000000071ac00000| Untracked 
|  87|0x000000071ae00000, 0x000000071ae00000, 0x000000071b000000|  0%| F|  |TAMS 0x000000071ae00000, 0x000000071ae00000| Untracked 
|  88|0x000000071b000000, 0x000000071b000000, 0x000000071b200000|  0%| F|  |TAMS 0x000000071b000000, 0x000000071b000000| Untracked 
|  89|0x000000071b200000, 0x000000071b200000, 0x000000071b400000|  0%| F|  |TAMS 0x000000071b200000, 0x000000071b200000| Untracked 
|  90|0x000000071b400000, 0x000000071b400000, 0x000000071b600000|  0%| F|  |TAMS 0x000000071b400000, 0x000000071b400000| Untracked 
|  91|0x000000071b600000, 0x000000071b600000, 0x000000071b800000|  0%| F|  |TAMS 0x000000071b600000, 0x000000071b600000| Untracked 
|  92|0x000000071b800000, 0x000000071b800000, 0x000000071ba00000|  0%| F|  |TAMS 0x000000071b800000, 0x000000071b800000| Untracked 
|  93|0x000000071ba00000, 0x000000071ba00000, 0x000000071bc00000|  0%| F|  |TAMS 0x000000071ba00000, 0x000000071ba00000| Untracked 
|  94|0x000000071bc00000, 0x000000071bc00000, 0x000000071be00000|  0%| F|  |TAMS 0x000000071bc00000, 0x000000071bc00000| Untracked 
|  95|0x000000071be00000, 0x000000071be00000, 0x000000071c000000|  0%| F|  |TAMS 0x000000071be00000, 0x000000071be00000| Untracked 
|  96|0x000000071c000000, 0x000000071c000000, 0x000000071c200000|  0%| F|  |TAMS 0x000000071c000000, 0x000000071c000000| Untracked 
|  97|0x000000071c200000, 0x000000071c200000, 0x000000071c400000|  0%| F|  |TAMS 0x000000071c200000, 0x000000071c200000| Untracked 
|  98|0x000000071c400000, 0x000000071c400000, 0x000000071c600000|  0%| F|  |TAMS 0x000000071c400000, 0x000000071c400000| Untracked 
|  99|0x000000071c600000, 0x000000071c600000, 0x000000071c800000|  0%| F|  |TAMS 0x000000071c600000, 0x000000071c600000| Untracked 
| 100|0x000000071c800000, 0x000000071c800000, 0x000000071ca00000|  0%| F|  |TAMS 0x000000071c800000, 0x000000071c800000| Untracked 
| 101|0x000000071ca00000, 0x000000071ca00000, 0x000000071cc00000|  0%| F|  |TAMS 0x000000071ca00000, 0x000000071ca00000| Untracked 
| 102|0x000000071cc00000, 0x000000071cc00000, 0x000000071ce00000|  0%| F|  |TAMS 0x000000071cc00000, 0x000000071cc00000| Untracked 
| 103|0x000000071ce00000, 0x000000071ce00000, 0x000000071d000000|  0%| F|  |TAMS 0x000000071ce00000, 0x000000071ce00000| Untracked 
| 104|0x000000071d000000, 0x000000071d000000, 0x000000071d200000|  0%| F|  |TAMS 0x000000071d000000, 0x000000071d000000| Untracked 
| 105|0x000000071d200000, 0x000000071d200000, 0x000000071d400000|  0%| F|  |TAMS 0x000000071d200000, 0x000000071d200000| Untracked 
| 106|0x000000071d400000, 0x000000071d400000, 0x000000071d600000|  0%| F|  |TAMS 0x000000071d400000, 0x000000071d400000| Untracked 
| 107|0x000000071d600000, 0x000000071d600000, 0x000000071d800000|  0%| F|  |TAMS 0x000000071d600000, 0x000000071d600000| Untracked 
| 108|0x000000071d800000, 0x000000071d800000, 0x000000071da00000|  0%| F|  |TAMS 0x000000071d800000, 0x000000071d800000| Untracked 
| 109|0x000000071da00000, 0x000000071da00000, 0x000000071dc00000|  0%| F|  |TAMS 0x000000071da00000, 0x000000071da00000| Untracked 
| 110|0x000000071dc00000, 0x000000071dc00000, 0x000000071de00000|  0%| F|  |TAMS 0x000000071dc00000, 0x000000071dc00000| Untracked 
| 111|0x000000071de00000, 0x000000071de00000, 0x000000071e000000|  0%| F|  |TAMS 0x000000071de00000, 0x000000071de00000| Untracked 
| 112|0x000000071e000000, 0x000000071e000000, 0x000000071e200000|  0%| F|  |TAMS 0x000000071e000000, 0x000000071e000000| Untracked 
| 113|0x000000071e200000, 0x000000071e400000, 0x000000071e400000|100%| S|CS|TAMS 0x000000071e200000, 0x000000071e200000| Complete 
| 114|0x000000071e400000, 0x000000071e400000, 0x000000071e600000|  0%| F|  |TAMS 0x000000071e400000, 0x000000071e400000| Untracked 
| 115|0x000000071e600000, 0x000000071e600000, 0x000000071e800000|  0%| F|  |TAMS 0x000000071e600000, 0x000000071e600000| Untracked 
| 116|0x000000071e800000, 0x000000071e9f6e08, 0x000000071ea00000| 98%| E|  |TAMS 0x000000071e800000, 0x000000071e800000| Complete 
| 117|0x000000071ea00000, 0x000000071ec00000, 0x000000071ec00000|100%| E|CS|TAMS 0x000000071ea00000, 0x000000071ea00000| Complete 
| 118|0x000000071ec00000, 0x000000071ee00000, 0x000000071ee00000|100%| E|CS|TAMS 0x000000071ec00000, 0x000000071ec00000| Complete 
| 119|0x000000071ee00000, 0x000000071f000000, 0x000000071f000000|100%| E|CS|TAMS 0x000000071ee00000, 0x000000071ee00000| Complete 

Card table byte_map: [0x000001eefe750000,0x000001eefeed0000] _byte_map_base: 0x000001eefaed0000

Marking Bits (Prev, Next): (CMBitMap*) 0x000001eef8b617c0, (CMBitMap*) 0x000001eef8b61800
 Prev Bits: [0x000001ee8f000000, 0x000001ee92c00000)
 Next Bits: [0x000001ee92c00000, 0x000001ee96800000)

Polling page: 0x000001eef8bd0000

Metaspace:

Usage:
  Non-class:     12.03 MB used.
      Class:      1.38 MB used.
       Both:     13.41 MB used.

Virtual space:
  Non-class space:       16.00 MB reserved,      12.12 MB ( 76%) committed,  2 nodes.
      Class space:        1.00 GB reserved,       1.44 MB ( <1%) committed,  1 nodes.
             Both:        1.02 GB reserved,      13.56 MB (  1%) committed. 

Chunk freelists:
   Non-Class:  3.50 MB
       Class:  2.50 MB
        Both:  6.00 MB

MaxMetaspaceSize: unlimited
CompressedClassSpaceSize: 1.00 GB
Initial GC threshold: 21.00 MB
Current GC threshold: 21.00 MB
CDS: off
MetaspaceReclaimPolicy: balanced
 - commit_granule_bytes: 65536.
 - commit_granule_words: 8192.
 - virtual_space_node_default_size: 1048576.
 - enlarge_chunks_in_place: 1.
 - new_chunks_are_fully_committed: 0.
 - uncommit_free_chunks: 1.
 - use_allocation_guard: 0.
 - handle_deallocations: 1.


Internal statistics:

num_allocs_failed_limit: 0.
num_arena_births: 82.
num_arena_deaths: 0.
num_vsnodes_births: 3.
num_vsnodes_deaths: 0.
num_space_committed: 217.
num_space_uncommitted: 0.
num_chunks_returned_to_freelist: 0.
num_chunks_taken_from_freelist: 255.
num_chunk_merges: 0.
num_chunk_splits: 126.
num_chunks_enlarged: 74.
num_purges: 0.
num_inconsistent_stats: 0.

CodeHeap 'non-profiled nmethods': size=120000Kb used=359Kb max_used=359Kb free=119640Kb
 bounds [0x000001ee87ad0000, 0x000001ee87d40000, 0x000001ee8f000000]
CodeHeap 'profiled nmethods': size=120000Kb used=2258Kb max_used=2258Kb free=117741Kb
 bounds [0x000001ee805a0000, 0x000001ee80810000, 0x000001ee87ad0000]
CodeHeap 'non-nmethods': size=5760Kb used=1163Kb max_used=1179Kb free=4596Kb
 bounds [0x000001ee80000000, 0x000001ee80270000, 0x000001ee805a0000]
 total_blobs=1643 nmethods=1202 adapters=354
 compilation: enabled
              stopped_count=0, restarted_count=0
 full_count=0

Compilation events (20 events):
Event: 1.156 Thread 0x000001ee99050600 1187       3       java.lang.invoke.VarHandleGuards::guard_LII_V (137 bytes)
Event: 1.159 Thread 0x000001ee99050600 nmethod 1187 0x000001ee807c6e90 code [0x000001ee807c72c0, 0x000001ee807c9e18]
Event: 1.160 Thread 0x000001ee99050600 1194       3       jdk.internal.misc.Unsafe::getLongUnaligned (173 bytes)
Event: 1.161 Thread 0x000001ee99050600 nmethod 1194 0x000001ee807caa10 code [0x000001ee807cabe0, 0x000001ee807cb008]
Event: 1.161 Thread 0x000001ee99050600 1190  s    3       java.io.ByteArrayOutputStream::toString (18 bytes)
Event: 1.161 Thread 0x000001ee99050600 nmethod 1190 0x000001ee807cb110 code [0x000001ee807cb2c0, 0x000001ee807cb528]
Event: 1.162 Thread 0x000001ee99050600 1197       3       java.math.MutableBigInteger::mulsub (110 bytes)
Event: 1.162 Thread 0x000001ee99050600 nmethod 1197 0x000001ee807cb610 code [0x000001ee807cb7c0, 0x000001ee807cba98]
Event: 1.163 Thread 0x000001ee99050600 1191       3       sun.security.util.ManifestDigester$Entry::<init> (16 bytes)
Event: 1.164 Thread 0x000001ee99050600 nmethod 1191 0x000001ee807cbc10 code [0x000001ee807cbde0, 0x000001ee807cc1f8]
Event: 1.164 Thread 0x000001ee99050600 1192       3       sun.security.util.ManifestDigester$Section::<init> (26 bytes)
Event: 1.165 Thread 0x000001ee99050600 nmethod 1192 0x000001ee807cc390 code [0x000001ee807cc520, 0x000001ee807cc6f8]
Event: 1.165 Thread 0x000001ee99050600 1193       3       sun.security.util.ManifestDigester$Entry::addSection (13 bytes)
Event: 1.166 Thread 0x000001ee99050600 nmethod 1193 0x000001ee807cc790 code [0x000001ee807cc940, 0x000001ee807ccb28]
Event: 1.166 Thread 0x000001ee99050600 1195  s    1       java.io.ByteArrayOutputStream::size (5 bytes)
Event: 1.167 Thread 0x000001ee99050600 nmethod 1195 0x000001ee87b29890 code [0x000001ee87b29a20, 0x000001ee87b29b98]
Event: 1.167 Thread 0x000001ee99050600 1196       1       sun.security.util.DerOutputStream::buf (5 bytes)
Event: 1.167 Thread 0x000001ee99050600 nmethod 1196 0x000001ee87b29c10 code [0x000001ee87b29da0, 0x000001ee87b29e78]
Event: 1.167 Thread 0x000001ee99050600 1188       3       java.lang.invoke.VarHandleByteArrayAsInts$ArrayHandle::set (39 bytes)
Event: 1.169 Thread 0x000001ee99050600 nmethod 1188 0x000001ee807ccc10 code [0x000001ee807cce00, 0x000001ee807cd338]

GC Heap History (2 events):
Event: 0.827 GC heap before
{Heap before GC invocations=0 (full 0):
 garbage-first heap   total 245760K, used 10240K [0x0000000710000000, 0x0000000800000000)
  region size 2048K, 6 young (12288K), 0 survivors (0K)
 Metaspace       used 10037K, committed 10240K, reserved 1064960K
  class space    used 975K, committed 1088K, reserved 1048576K
}
Event: 0.832 GC heap after
{Heap after GC invocations=1 (full 0):
 garbage-first heap   total 245760K, used 3355K [0x0000000710000000, 0x0000000800000000)
  region size 2048K, 1 young (2048K), 1 survivors (2048K)
 Metaspace       used 10037K, committed 10240K, reserved 1064960K
  class space    used 975K, committed 1088K, reserved 1048576K
}

Deoptimization events (20 events):
Event: 1.037 Thread 0x000001eef8afaaa0 DEOPT PACKING pc=0x000001ee80768696 sp=0x000000097daf90a0
Event: 1.037 Thread 0x000001eef8afaaa0 DEOPT UNPACKING pc=0x000001ee80056763 sp=0x000000097daf84f8 mode 0
Event: 1.038 Thread 0x000001eef8afaaa0 DEOPT PACKING pc=0x000001ee80768696 sp=0x000000097daf90a0
Event: 1.038 Thread 0x000001eef8afaaa0 DEOPT UNPACKING pc=0x000001ee80056763 sp=0x000000097daf84f8 mode 0
Event: 1.046 Thread 0x000001eef8afaaa0 DEOPT PACKING pc=0x000001ee80768696 sp=0x000000097daf97a0
Event: 1.046 Thread 0x000001eef8afaaa0 DEOPT UNPACKING pc=0x000001ee80056763 sp=0x000000097daf8bf8 mode 0
Event: 1.052 Thread 0x000001eef8afaaa0 DEOPT PACKING pc=0x000001ee80768696 sp=0x000000097daf77e0
Event: 1.052 Thread 0x000001eef8afaaa0 DEOPT UNPACKING pc=0x000001ee80056763 sp=0x000000097daf6c38 mode 0
Event: 1.053 Thread 0x000001eef8afaaa0 DEOPT PACKING pc=0x000001ee80768696 sp=0x000000097daf5e70
Event: 1.053 Thread 0x000001eef8afaaa0 DEOPT UNPACKING pc=0x000001ee80056763 sp=0x000000097daf52c8 mode 0
Event: 1.053 Thread 0x000001eef8afaaa0 DEOPT PACKING pc=0x000001ee80768696 sp=0x000000097daf5e70
Event: 1.053 Thread 0x000001eef8afaaa0 DEOPT UNPACKING pc=0x000001ee80056763 sp=0x000000097daf52c8 mode 0
Event: 1.053 Thread 0x000001eef8afaaa0 DEOPT PACKING pc=0x000001ee80768696 sp=0x000000097daf5e70
Event: 1.053 Thread 0x000001eef8afaaa0 DEOPT UNPACKING pc=0x000001ee80056763 sp=0x000000097daf52c8 mode 0
Event: 1.062 Thread 0x000001eef8afaaa0 DEOPT PACKING pc=0x000001ee80775dfe sp=0x000000097dafdce0
Event: 1.062 Thread 0x000001eef8afaaa0 DEOPT UNPACKING pc=0x000001ee80056763 sp=0x000000097dafd150 mode 0
Event: 1.117 Thread 0x000001eef8afaaa0 DEOPT PACKING pc=0x000001ee80775dfe sp=0x000000097dafdc20
Event: 1.117 Thread 0x000001eef8afaaa0 DEOPT UNPACKING pc=0x000001ee80056763 sp=0x000000097dafd090 mode 0
Event: 1.171 Thread 0x000001eef8afaaa0 DEOPT PACKING pc=0x000001ee80616348 sp=0x000000097dafd7a0
Event: 1.171 Thread 0x000001eef8afaaa0 DEOPT UNPACKING pc=0x000001ee80056763 sp=0x000000097dafccb8 mode 0

Classes unloaded (0 events):
No events

Classes redefined (0 events):
No events

Internal exceptions (20 events):
Event: 0.718 Thread 0x000001eef8afaaa0 Exception <a 'java/lang/NoSuchMethodError'{0x000000071e7a7900}: 'java.lang.Object java.lang.invoke.DirectMethodHandle$Holder.newInvokeSpecial(java.lang.Object, java.lang.Object, java.lang.Object, java.lang.Object, java.lang.Object)'> (0x000000071e7a7900) 
thrown [s\src\hotspot\share\interpreter\linkResolver.cpp, line 759]
Event: 0.765 Thread 0x000001eef8afaaa0 Exception <a 'java/lang/NoSuchMethodError'{0x000000071e4b57f0}: 'java.lang.Object java.lang.invoke.DirectMethodHandle$Holder.invokeInterface(java.lang.Object, java.lang.Object)'> (0x000000071e4b57f0) 
thrown [s\src\hotspot\share\interpreter\linkResolver.cpp, line 759]
Event: 0.783 Thread 0x000001eef8afaaa0 Exception <a 'java/lang/NoSuchMethodError'{0x000000071e501eb8}: 'java.lang.Object java.lang.invoke.DirectMethodHandle$Holder.invokeSpecialIFC(java.lang.Object, java.lang.Object, java.lang.Object, java.lang.Object)'> (0x000000071e501eb8) 
thrown [s\src\hotspot\share\interpreter\linkResolver.cpp, line 759]
Event: 0.790 Thread 0x000001eef8afaaa0 Exception <a 'java/lang/NoSuchMethodError'{0x000000071e51d480}: 'java.lang.Object java.lang.invoke.DirectMethodHandle$Holder.invokeInterface(java.lang.Object, java.lang.Object, java.lang.Object)'> (0x000000071e51d480) 
thrown [s\src\hotspot\share\interpreter\linkResolver.cpp, line 759]
Event: 0.809 Thread 0x000001eef8afaaa0 Exception <a 'java/lang/NoSuchMethodError'{0x000000071e57d828}: 'void java.lang.invoke.DirectMethodHandle$Holder.invokeInterface(java.lang.Object, java.lang.Object, java.lang.Object)'> (0x000000071e57d828) 
thrown [s\src\hotspot\share\interpreter\linkResolver.cpp, line 759]
Event: 0.820 Thread 0x000001eef8afaaa0 Exception <a 'java/lang/NoSuchMethodError'{0x000000071e5c2410}: 'java.lang.Object java.lang.invoke.DirectMethodHandle$Holder.newInvokeSpecial(java.lang.Object, java.lang.Object, java.lang.Object, java.lang.Object, java.lang.Object, java.lang.Object)'> (0x000000071e5c2410) 
thrown [s\src\hotspot\share\interpreter\linkResolver.cpp, line 759]
Event: 0.835 Thread 0x000001eef8afaaa0 Exception <a 'java/lang/NoSuchMethodError'{0x000000071ee0def0}: 'void java.lang.invoke.DirectMethodHandle$Holder.invokeInterface(java.lang.Object, java.lang.Object, java.lang.Object, java.lang.Object, java.lang.Object)'> (0x000000071ee0def0) 
thrown [s\src\hotspot\share\interpreter\linkResolver.cpp, line 759]
Event: 0.836 Thread 0x000001eef8afaaa0 Exception <a 'java/lang/IncompatibleClassChangeError'{0x000000071ee11e68}: Found class java.lang.Object, but interface was expected> (0x000000071ee11e68) 
thrown [s\src\hotspot\share\interpreter\linkResolver.cpp, line 826]
Event: 0.854 Thread 0x000001eef8afaaa0 Exception <a 'java/lang/IncompatibleClassChangeError'{0x000000071ee90768}: Found class java.lang.Object, but interface was expected> (0x000000071ee90768) 
thrown [s\src\hotspot\share\interpreter\linkResolver.cpp, line 826]
Event: 0.858 Thread 0x000001eef8afaaa0 Exception <a 'java/lang/NoSuchMethodError'{0x000000071eeaa9e8}: 'java.lang.Object java.lang.invoke.DirectMethodHandle$Holder.invokeStatic(java.lang.Object, java.lang.Object, int)'> (0x000000071eeaa9e8) 
thrown [s\src\hotspot\share\interpreter\linkResolver.cpp, line 759]
Event: 0.874 Thread 0x000001eef8afaaa0 Exception <a 'java/lang/NoSuchMethodError'{0x000000071eefbaa8}: 'void java.lang.invoke.DirectMethodHandle$Holder.invokeSpecial(java.lang.Object, java.lang.Object, java.lang.Object, java.lang.Object, java.lang.Object)'> (0x000000071eefbaa8) 
thrown [s\src\hotspot\share\interpreter\linkResolver.cpp, line 759]
Event: 0.879 Thread 0x000001eef8afaaa0 Exception <a 'java/lang/NoSuchMethodError'{0x000000071ef1fc10}: 'int java.lang.invoke.DirectMethodHandle$Holder.invokeStatic(java.lang.Object, java.lang.Object, java.lang.Object, java.lang.Object)'> (0x000000071ef1fc10) 
thrown [s\src\hotspot\share\interpreter\linkResolver.cpp, line 759]
Event: 0.880 Thread 0x000001eef8afaaa0 Exception <a 'java/lang/NoSuchMethodError'{0x000000071ef23590}: 'java.lang.Object java.lang.invoke.Invokers$Holder.invokeExact_MT(java.lang.Object, java.lang.Object, java.lang.Object, java.lang.Object, java.lang.Object, java.lang.Object)'> (0x000000071ef23590) 
thrown [s\src\hotspot\share\interpreter\linkResolver.cpp, line 759]
Event: 0.881 Thread 0x000001eef8afaaa0 Exception <a 'java/lang/NoSuchMethodError'{0x000000071ef2b9e0}: 'int java.lang.invoke.DirectMethodHandle$Holder.invokeInterface(java.lang.Object, java.lang.Object)'> (0x000000071ef2b9e0) 
thrown [s\src\hotspot\share\interpreter\linkResolver.cpp, line 759]
Event: 1.088 Thread 0x000001eef8afaaa0 Exception <a 'java/lang/NoSuchMethodError'{0x000000071eb61010}: 'java.lang.Object java.lang.invoke.DirectMethodHandle$Holder.newInvokeSpecial(java.lang.Object, java.lang.Object, int)'> (0x000000071eb61010) 
thrown [s\src\hotspot\share\interpreter\linkResolver.cpp, line 759]
Event: 1.106 Thread 0x000001eef8afaaa0 Exception <a 'java/lang/NoSuchMethodError'{0x000000071ebbdd10}: 'void java.lang.invoke.DirectMethodHandle$Holder.invokeInterface(java.lang.Object, java.lang.Object, java.lang.Object, java.lang.Object)'> (0x000000071ebbdd10) 
thrown [s\src\hotspot\share\interpreter\linkResolver.cpp, line 759]
Event: 1.106 Thread 0x000001eef8afaaa0 Exception <a 'java/lang/IncompatibleClassChangeError'{0x000000071ebc1638}: Found class java.lang.Object, but interface was expected> (0x000000071ebc1638) 
thrown [s\src\hotspot\share\interpreter\linkResolver.cpp, line 826]
Event: 1.111 Thread 0x000001eef8afaaa0 Exception <a 'java/lang/NoSuchMethodError'{0x000000071ebe89b8}: 'void java.lang.invoke.DirectMethodHandle$Holder.invokeStatic(java.lang.Object, java.lang.Object, java.lang.Object, java.lang.Object)'> (0x000000071ebe89b8) 
thrown [s\src\hotspot\share\interpreter\linkResolver.cpp, line 759]
Event: 1.132 Thread 0x000001eef8afaaa0 Exception <a 'java/lang/NoSuchMethodError'{0x000000071e84a568}: 'int java.lang.invoke.DirectMethodHandle$Holder.invokeStatic(java.lang.Object, java.lang.Object, java.lang.Object, java.lang.Object, java.lang.Object)'> (0x000000071e84a568) 
thrown [s\src\hotspot\share\interpreter\linkResolver.cpp, line 759]
Event: 1.147 Thread 0x000001eef8afaaa0 Exception <a 'java/lang/NoSuchMethodError'{0x000000071e897320}: 'void java.lang.invoke.DirectMethodHandle$Holder.invokeStaticInit(java.lang.Object)'> (0x000000071e897320) 
thrown [s\src\hotspot\share\interpreter\linkResolver.cpp, line 759]

VM Operations (18 events):
Event: 0.251 Executing VM operation: HandshakeAllThreads
Event: 0.251 Executing VM operation: HandshakeAllThreads done
Event: 0.446 Executing VM operation: HandshakeAllThreads
Event: 0.446 Executing VM operation: HandshakeAllThreads done
Event: 0.542 Executing VM operation: HandshakeAllThreads
Event: 0.542 Executing VM operation: HandshakeAllThreads done
Event: 0.827 Executing VM operation: G1CollectForAllocation
Event: 0.832 Executing VM operation: G1CollectForAllocation done
Event: 0.919 Executing VM operation: HandshakeAllThreads
Event: 0.919 Executing VM operation: HandshakeAllThreads done
Event: 0.933 Executing VM operation: HandshakeAllThreads
Event: 0.933 Executing VM operation: HandshakeAllThreads done
Event: 1.065 Executing VM operation: HandshakeAllThreads
Event: 1.065 Executing VM operation: HandshakeAllThreads done
Event: 1.075 Executing VM operation: HandshakeAllThreads
Event: 1.075 Executing VM operation: HandshakeAllThreads done
Event: 1.153 Executing VM operation: HandshakeAllThreads
Event: 1.153 Executing VM operation: HandshakeAllThreads done

Events (20 events):
Event: 1.129 loading class java/util/Comparators$NaturalOrderComparator
Event: 1.129 loading class java/util/Comparators$NaturalOrderComparator done
Event: 1.136 loading class java/util/concurrent/ForkJoinPool$ManagedBlocker
Event: 1.136 loading class java/util/concurrent/ForkJoinPool$ManagedBlocker done
Event: 1.137 loading class java/util/concurrent/locks/ReentrantReadWriteLock
Event: 1.137 loading class java/util/concurrent/locks/ReentrantReadWriteLock done
Event: 1.137 loading class java/util/concurrent/locks/ReentrantReadWriteLock$NonfairSync
Event: 1.137 loading class java/util/concurrent/locks/ReentrantReadWriteLock$Sync
Event: 1.137 loading class java/util/concurrent/locks/ReentrantReadWriteLock$Sync done
Event: 1.137 loading class java/util/concurrent/locks/ReentrantReadWriteLock$NonfairSync done
Event: 1.137 loading class java/util/concurrent/locks/ReentrantReadWriteLock$Sync$ThreadLocalHoldCounter
Event: 1.137 loading class java/util/concurrent/locks/ReentrantReadWriteLock$Sync$ThreadLocalHoldCounter done
Event: 1.137 loading class java/util/concurrent/locks/ReentrantReadWriteLock$ReadLock
Event: 1.138 loading class java/util/concurrent/locks/ReentrantReadWriteLock$ReadLock done
Event: 1.138 loading class java/util/concurrent/locks/ReentrantReadWriteLock$WriteLock
Event: 1.138 loading class java/util/concurrent/locks/ReentrantReadWriteLock$WriteLock done
Event: 1.151 loading class java/util/concurrent/Callable
Event: 1.151 loading class java/util/concurrent/Callable done
Event: 1.155 loading class java/util/regex/Pattern$1
Event: 1.155 loading class java/util/regex/Pattern$1 done


Dynamic libraries:
0x00007ff7aeab0000 - 0x00007ff7aeabe000 	C:\Users\ACK\.p2\pool\plugins\org.eclipse.justj.openjdk.hotspot.jre.full.win32.x86_64_17.0.4.v20221004-1257\jre\bin\javaw.exe
0x00007ffd3e670000 - 0x00007ffd3e868000 	C:\Windows\SYSTEM32\ntdll.dll
0x00007ffd3e130000 - 0x00007ffd3e1ef000 	C:\Windows\System32\KERNEL32.DLL
0x00007ffd3c040000 - 0x00007ffd3c336000 	C:\Windows\System32\KERNELBASE.dll
0x00007ffd3c540000 - 0x00007ffd3c640000 	C:\Windows\System32\ucrtbase.dll
0x00007ffd23b00000 - 0x00007ffd23b18000 	C:\Users\ACK\.p2\pool\plugins\org.eclipse.justj.openjdk.hotspot.jre.full.win32.x86_64_17.0.4.v20221004-1257\jre\bin\jli.dll
0x00007ffd3c6d0000 - 0x00007ffd3c86d000 	C:\Windows\System32\USER32.dll
0x00007ffd3bdd0000 - 0x00007ffd3bdf2000 	C:\Windows\System32\win32u.dll
0x00007ffd3ca90000 - 0x00007ffd3cabc000 	C:\Windows\System32\GDI32.dll
0x00007ffd3beb0000 - 0x00007ffd3bfc5000 	C:\Windows\System32\gdi32full.dll
0x00007ffd3c340000 - 0x00007ffd3c3dd000 	C:\Windows\System32\msvcp_win.dll
0x00007ffd2b470000 - 0x00007ffd2b489000 	C:\Users\ACK\.p2\pool\plugins\org.eclipse.justj.openjdk.hotspot.jre.full.win32.x86_64_17.0.4.v20221004-1257\jre\bin\VCRUNTIME140.dll
0x00007ffd25410000 - 0x00007ffd256aa000 	C:\Windows\WinSxS\amd64_microsoft.windows.common-controls_6595b64144ccf1df_6.0.19041.1110_none_60b5254171f9507e\COMCTL32.dll
0x00007ffd3d710000 - 0x00007ffd3d7ae000 	C:\Windows\System32\msvcrt.dll
0x00007ffd3e1f0000 - 0x00007ffd3e220000 	C:\Windows\System32\IMM32.DLL
0x00007ffd2a830000 - 0x00007ffd2a83c000 	C:\Users\ACK\.p2\pool\plugins\org.eclipse.justj.openjdk.hotspot.jre.full.win32.x86_64_17.0.4.v20221004-1257\jre\bin\vcruntime140_1.dll
0x00007ffd1ff10000 - 0x00007ffd1ffa1000 	C:\Users\ACK\.p2\pool\plugins\org.eclipse.justj.openjdk.hotspot.jre.full.win32.x86_64_17.0.4.v20221004-1257\jre\bin\msvcp140.dll
0x00007ffd0b220000 - 0x00007ffd0be66000 	C:\Users\ACK\.p2\pool\plugins\org.eclipse.justj.openjdk.hotspot.jre.full.win32.x86_64_17.0.4.v20221004-1257\jre\bin\server\jvm.dll
0x00007ffd3e570000 - 0x00007ffd3e61f000 	C:\Windows\System32\ADVAPI32.dll
0x00007ffd3d670000 - 0x00007ffd3d70c000 	C:\Windows\System32\sechost.dll
0x00007ffd3d7d0000 - 0x00007ffd3d8f6000 	C:\Windows\System32\RPCRT4.dll
0x00007ffd3e620000 - 0x00007ffd3e628000 	C:\Windows\System32\PSAPI.DLL
0x00007ffd25130000 - 0x00007ffd25139000 	C:\Windows\SYSTEM32\WSOCK32.dll
0x00007ffd3d600000 - 0x00007ffd3d66b000 	C:\Windows\System32\WS2_32.dll
0x00007ffd213f0000 - 0x00007ffd21417000 	C:\Windows\SYSTEM32\WINMM.dll
0x00007ffd34670000 - 0x00007ffd3467a000 	C:\Windows\SYSTEM32\VERSION.dll
0x00007ffd39a00000 - 0x00007ffd39a12000 	C:\Windows\SYSTEM32\kernel.appcore.dll
0x00007ffd250a0000 - 0x00007ffd250aa000 	C:\Users\ACK\.p2\pool\plugins\org.eclipse.justj.openjdk.hotspot.jre.full.win32.x86_64_17.0.4.v20221004-1257\jre\bin\jimage.dll
0x00007ffd2c210000 - 0x00007ffd2c3f4000 	C:\Windows\SYSTEM32\DBGHELP.DLL
0x00007ffd2c1b0000 - 0x00007ffd2c1e4000 	C:\Windows\SYSTEM32\dbgcore.DLL
0x00007ffd3c640000 - 0x00007ffd3c6c2000 	C:\Windows\System32\bcryptPrimitives.dll
0x00007ffd20620000 - 0x00007ffd20645000 	C:\Users\ACK\.p2\pool\plugins\org.eclipse.justj.openjdk.hotspot.jre.full.win32.x86_64_17.0.4.v20221004-1257\jre\bin\java.dll
0x00007ffd20600000 - 0x00007ffd20618000 	C:\Users\ACK\.p2\pool\plugins\org.eclipse.justj.openjdk.hotspot.jre.full.win32.x86_64_17.0.4.v20221004-1257\jre\bin\zip.dll
0x00007ffd3d9e0000 - 0x00007ffd3e124000 	C:\Windows\System32\SHELL32.dll
0x00007ffd39c00000 - 0x00007ffd3a393000 	C:\Windows\SYSTEM32\windows.storage.dll
0x00007ffd3d2a0000 - 0x00007ffd3d5f4000 	C:\Windows\System32\combase.dll
0x00007ffd3b5e0000 - 0x00007ffd3b60e000 	C:\Windows\SYSTEM32\Wldp.dll
0x00007ffd3cac0000 - 0x00007ffd3cb6d000 	C:\Windows\System32\SHCORE.dll
0x00007ffd3ca30000 - 0x00007ffd3ca85000 	C:\Windows\System32\shlwapi.dll
0x00007ffd3bc90000 - 0x00007ffd3bcaf000 	C:\Windows\SYSTEM32\profapi.dll
0x00007ffd205e0000 - 0x00007ffd205f9000 	C:\Users\ACK\.p2\pool\plugins\org.eclipse.justj.openjdk.hotspot.jre.full.win32.x86_64_17.0.4.v20221004-1257\jre\bin\net.dll
0x00007ffd35260000 - 0x00007ffd3536a000 	C:\Windows\SYSTEM32\WINHTTP.dll
0x00007ffd3b3c0000 - 0x00007ffd3b42a000 	C:\Windows\system32\mswsock.dll
0x00007ffd205c0000 - 0x00007ffd205d5000 	C:\Users\ACK\.p2\pool\plugins\org.eclipse.justj.openjdk.hotspot.jre.full.win32.x86_64_17.0.4.v20221004-1257\jre\bin\nio.dll
0x00007ffd3b0d0000 - 0x00007ffd3b10c000 	C:\Windows\SYSTEM32\IPHLPAPI.DLL
0x00007ffd3d7b0000 - 0x00007ffd3d7b8000 	C:\Windows\System32\NSI.dll
0x00007ffd36a00000 - 0x00007ffd36a17000 	C:\Windows\SYSTEM32\dhcpcsvc6.DLL
0x00007ffd369e0000 - 0x00007ffd369fd000 	C:\Windows\SYSTEM32\dhcpcsvc.DLL
0x00007ffd3b110000 - 0x00007ffd3b1da000 	C:\Windows\SYSTEM32\DNSAPI.dll
0x00007ffd25020000 - 0x00007ffd25030000 	C:\Users\ACK\.p2\pool\plugins\org.eclipse.justj.openjdk.hotspot.jre.full.win32.x86_64_17.0.4.v20221004-1257\jre\bin\verify.dll

dbghelp: loaded successfully - version: 4.0.5 - missing functions: none
symbol engine: initialized successfully - sym options: 0x614 - pdb path: .;C:\Users\ACK\.p2\pool\plugins\org.eclipse.justj.openjdk.hotspot.jre.full.win32.x86_64_17.0.4.v20221004-1257\jre\bin;C:\Windows\SYSTEM32;C:\Windows\WinSxS\amd64_microsoft.windows.common-controls_6595b64144ccf1df_6.0.19041.1110_none_60b5254171f9507e;C:\Users\ACK\.p2\pool\plugins\org.eclipse.justj.openjdk.hotspot.jre.full.win32.x86_64_17.0.4.v20221004-1257\jre\bin\server

VM Arguments:
jvm_args: -ea -Dfile.encoding=UTF-8 -XX:+ShowCodeDetailsInExceptionMessages 
java_command: org.eclipse.jdt.internal.junit.runner.RemoteTestRunner -version 3 -port 60533 -testLoaderClass org.eclipse.jdt.internal.junit5.runner.JUnit5TestLoader -loaderpluginname org.eclipse.jdt.junit5.runtime -classNames database.DatabaseImplementationTest
java_class_path (initial): C:\Users\ACK\git\HV-1\HV-1\target\test-classes;C:\Users\ACK\git\HV-1\HV-1\target\classes;C:\Users\ACK\.p2\pool\plugins\junit-jupiter-api_5.9.0.jar;C:\Users\ACK\.p2\pool\plugins\junit-jupiter-engine_5.9.0.jar;C:\Users\ACK\.p2\pool\plugins\junit-jupiter-migrationsupport_5.9.0.jar;C:\Users\ACK\.p2\pool\plugins\junit-jupiter-params_5.9.0.jar;C:\Users\ACK\.p2\pool\plugins\junit-platform-commons_1.9.0.jar;C:\Users\ACK\.p2\pool\plugins\junit-platform-engine_1.9.0.jar;C:\Users\ACK\.p2\pool\plugins\junit-platform-launcher_1.9.0.jar;C:\Users\ACK\.p2\pool\plugins\junit-platform-runner_1.9.0.jar;C:\Users\ACK\.p2\pool\plugins\junit-platform-suite-api_1.9.0.jar;C:\Users\ACK\.p2\pool\plugins\junit-platform-suite-engine_1.9.0.jar;C:\Users\ACK\.p2\pool\plugins\junit-platform-suite-commons_1.9.0.jar;C:\Users\ACK\.p2\pool\plugins\junit-vintage-engine_5.9.0.jar;C:\Users\ACK\.p2\pool\plugins\org.opentest4j_1.2.0.jar;C:\Users\ACK\.p2\pool\plugins\org.apiguardian.api_1.1.2.jar;C:\Users\ACK\.p2\pool\plugins\org.junit_4.13.2.v20211018-1956.jar;C:\Users\ACK\.p2\pool\plugins\org.hamcrest.core_1.3.0.v20180420-1519.jar;C:\Users\ACK\git\HV_AllProjects\HV-0\target\classes;C:\Users\ACK\.m2\repository\org\projectlombok\lombok\1.18.24\lombok-1.18.24.jar;C:\Users\ACK\.m2\repository\org\mariadb\jdbc\mariadb-java-client\3.1.1\mariadb-java-client-3.1.1.jar;C:\Users\ACK\.m2\repository\com\github\waffle\waffle-jna\3.2.0\waffle-jna-3.2.0.jar;C:\Users\ACK\.m2\repository\net\java\dev\jna\jna\5.12.1\jna-5.12.1.jar;C:\Users\ACK\.m2\repository\net\java\dev\jna\jna-platform\5.12.1\jna-platform-5.12.1.jar;C:\Users\ACK\.m2\repository\org\slf4j\jcl-over-slf4j\1.7.36\jcl-over-slf4j-1.7.36.jar;C:\Users\ACK\.m2\repository\org\checkerframework\checker-qual\3.23.0\checker-qual-3.23.0.jar;C:\Users\ACK\.m2\repository\org\jdbi\jdbi3-core\3.36.0\jdbi3-core-3.36.0.jar;C:\Users\ACK\.m2\repository\org\slf4j\slf4j-api\1.7.36\slf4j-api-1.7.36.jar;C:\Users\ACK\.m2\repository\io\leangen\geantyref\geant
Launcher Type: SUN_STANDARD

[Global flags]
     intx CICompilerCount                          = 3                                         {product} {ergonomic}
     uint ConcGCThreads                            = 1                                         {product} {ergonomic}
     uint G1ConcRefinementThreads                  = 4                                         {product} {ergonomic}
   size_t G1HeapRegionSize                         = 2097152                                   {product} {ergonomic}
    uintx GCDrainStackTargetSize                   = 64                                        {product} {ergonomic}
   size_t InitialHeapSize                          = 251658240                                 {product} {ergonomic}
   size_t MarkStackSize                            = 4194304                                   {product} {ergonomic}
   size_t MaxHeapSize                              = 4026531840                                {product} {ergonomic}
   size_t MaxNewSize                               = 2415919104                                {product} {ergonomic}
   size_t MinHeapDeltaBytes                        = 2097152                                   {product} {ergonomic}
   size_t MinHeapSize                              = 8388608                                   {product} {ergonomic}
    uintx NonNMethodCodeHeapSize                   = 5832780                                {pd product} {ergonomic}
    uintx NonProfiledCodeHeapSize                  = 122912730                              {pd product} {ergonomic}
    uintx ProfiledCodeHeapSize                     = 122912730                              {pd product} {ergonomic}
    uintx ReservedCodeCacheSize                    = 251658240                              {pd product} {ergonomic}
     bool SegmentedCodeCache                       = true                                      {product} {ergonomic}
     bool ShowCodeDetailsInExceptionMessages       = true                                   {manageable} {command line}
   size_t SoftMaxHeapSize                          = 4026531840                             {manageable} {ergonomic}
     bool UseCompressedClassPointers               = true                           {product lp64_product} {ergonomic}
     bool UseCompressedOops                        = true                           {product lp64_product} {ergonomic}
     bool UseG1GC                                  = true                                      {product} {ergonomic}
     bool UseLargePagesIndividualAllocation        = false                                  {pd product} {ergonomic}

Logging:
Log output configuration:
 #0: stdout all=warning uptime,level,tags
 #1: stderr all=off uptime,level,tags

Environment Variables:
PATH=C:/Users/ACK/.p2/pool/plugins/org.eclipse.justj.openjdk.hotspot.jre.full.win32.x86_64_17.0.4.v20221004-1257/jre/bin/server;C:/Users/ACK/.p2/pool/plugins/org.eclipse.justj.openjdk.hotspot.jre.full.win32.x86_64_17.0.4.v20221004-1257/jre/bin;C:\Program Files (x86)\Common Files\Oracle\Java\javapath;C:\Windows\system32;C:\Windows;C:\Windows\System32\Wbem;C:\Windows\System32\WindowsPowerShell\v1.0\;C:\Windows\System32\OpenSSH\;C:\Program Files (x86)\Bitvise SSH Client;C:\Program Files\Git\cmd;C:\Users\ACK\AppData\Local\Microsoft\WindowsApps;C:\Users\ACK\AppData\Local\Programs\MiKTeX\miktex\bin\x64\;C:\Users\ACK\AppData\Local\GitHubDesktop\bin;C:\Windows\system32;
USERNAME=ack
OS=Windows_NT
PROCESSOR_IDENTIFIER=Intel64 Family 6 Model 106 Stepping 6, GenuineIntel
TMP=C:\Users\ACK\AppData\Local\Temp
TEMP=C:\Users\ACK\AppData\Local\Temp



---------------  S Y S T E M  ---------------

OS:
 Windows 10 , 64 bit Build 19041 (10.0.19041.3031)
OS uptime: 6 days 7:29 hours
Hyper-V role detected

CPU: total 4 (initial active 4) (2 cores per cpu, 2 threads per core) family 6 model 106 stepping 6 microcode 0xffffffff, cx8, cmov, fxsr, ht, mmx, 3dnowpref, sse, sse2, sse3, ssse3, sse4.1, sse4.2, popcnt, lzcnt, tsc, avx, avx2, aes, erms, clmul, bmi1, bmi2, rtm, adx, avx512f, avx512dq, avx512cd, avx512bw, avx512vl, sha, fma, vzeroupper, avx512_vpopcntdq, avx512_vpclmulqdq, avx512_vaes, avx512_vnni, clflush, clflushopt, clwb, avx512_vbmi2, avx512_vbmi, hv

Memory: 4k page, system-wide physical 15358M (3620M free)
TotalPageFile size 15458M (AvailPageFile size 5M)
current process WorkingSet (physical memory assigned to process): 73M, peak: 73M
current process commit charge ("private bytes"): 333M, peak: 333M

vm_info: OpenJDK 64-Bit Server VM (17.0.4.1+1) for windows-amd64 JRE (17.0.4.1+1), built on Aug 17 2022 07:42:43 by "temurin" with MS VC++ 16.7 (VS2019)

END.
