#
# There is insufficient memory for the Java Runtime Environment to continue.
# Native memory allocation (mmap) failed to map 65536 bytes for Failed to commit metaspace.
# Possible reasons:
#   The system is out of physical RAM or swap space
#   The process is running with CompressedOops enabled, and the Java Heap may be blocking the growth of the native heap
# Possible solutions:
#   Reduce memory load on the system
#   Increase physical memory or swap space
#   Check if swap backing store is full
#   Decrease Java heap size (-Xmx/-Xms)
#   Decrease number of Java threads
#   Decrease Java thread stack sizes (-Xss)
#   Set larger code cache with -XX:ReservedCodeCacheSize=
#   JVM is running with Zero Based Compressed Oops mode in which the Java heap is
#     placed in the first 32GB address space. The Java Heap base address is the
#     maximum limit for the native heap growth. Please use -XX:HeapBaseMinAddress
#     to set the Java Heap base and to place the Java Heap above 32GB virtual address.
# This output file may be truncated or incomplete.
#
#  Out of Memory Error (virtualSpaceNode.cpp:110), pid=3688, tid=7880
#
# JRE version: OpenJDK Runtime Environment Temurin-17.0.4.1+1 (17.0.4.1+1) (build 17.0.4.1+1)
# Java VM: OpenJDK 64-Bit Server VM Temurin-17.0.4.1+1 (17.0.4.1+1, mixed mode, tiered, compressed oops, compressed class ptrs, g1 gc, windows-amd64)
# No core dump will be written. Minidumps are not enabled by default on client versions of Windows
#

---------------  S U M M A R Y ------------

Command Line: -javaagent:C:\Users\ACK\eclipse\java-2022-09\eclipse\configuration\org.eclipse.osgi\401\0\.cp\jacocoagent.jar=includes=*,excludes=Main:main,exclclassloader=sun.reflect.DelegatingClassLoader,output=tcpclient,port=60523 -ea -Dfile.encoding=UTF-8 -XX:+ShowCodeDetailsInExceptionMessages org.eclipse.jdt.internal.junit.runner.RemoteTestRunner -version 3 -port 60524 -testLoaderClass org.eclipse.jdt.internal.junit5.runner.JUnit5TestLoader -loaderpluginname org.eclipse.jdt.junit5.runtime -classNames database.DatabaseImplementationTest

Host: Intel(R) Xeon(R) Gold 6338 CPU @ 2.00GHz, 4 cores, 14G,  Windows 10 , 64 bit Build 19041 (10.0.19041.3031)
Time: Thu Aug 17 17:27:01 2023 Mitteleuropäische Sommerzeit elapsed time: 0.437860 seconds (0d 0h 0m 0s)

---------------  T H R E A D  ---------------

Current thread (0x0000026ffdb8b7d0):  JavaThread "main" [_thread_in_vm, id=7880, stack(0x00000095b7b00000,0x00000095b7c00000)]

Stack: [0x00000095b7b00000,0x00000095b7c00000]
Native frames: (J=compiled Java code, j=interpreted, Vv=VM code, C=native code)
V  [jvm.dll+0x67731a]
V  [jvm.dll+0x832284]
V  [jvm.dll+0x833a2e]
V  [jvm.dll+0x834093]
V  [jvm.dll+0x245775]
V  [jvm.dll+0x82e22b]
V  [jvm.dll+0x61bdf6]
V  [jvm.dll+0x61be5a]
V  [jvm.dll+0x61e67a]
V  [jvm.dll+0x61c796]
V  [jvm.dll+0x2431cc]
V  [jvm.dll+0x6cd7ed]
V  [jvm.dll+0x6ce21f]
V  [jvm.dll+0x370333]
V  [jvm.dll+0x36f512]
V  [jvm.dll+0x36f4b8]
V  [jvm.dll+0x55df35]
V  [jvm.dll+0x55ce54]
V  [jvm.dll+0x383307]
V  [jvm.dll+0x38295f]
C  0x0000026f8360a622

Java frames: (J=compiled Java code, j=interpreted, Vv=VM code)
j  sun.security.provider.X509Factory.commitEvent(Lsun/security/x509/X509CertImpl;)V+15 java.base@17.0.4.1
j  sun.security.provider.X509Factory.engineGenerateCertificate(Ljava/io/InputStream;)Ljava/security/cert/Certificate;+71 java.base@17.0.4.1
j  java.security.cert.CertificateFactory.generateCertificate(Ljava/io/InputStream;)Ljava/security/cert/Certificate;+5 java.base@17.0.4.1
j  sun.security.pkcs.PKCS7.parseSignedData(Lsun/security/util/DerValue;)V+264 java.base@17.0.4.1
j  sun.security.pkcs.PKCS7.parse(Lsun/security/util/DerInputStream;Z)V+40 java.base@17.0.4.1
j  sun.security.pkcs.PKCS7.parse(Lsun/security/util/DerInputStream;)V+11 java.base@17.0.4.1
j  sun.security.pkcs.PKCS7.<init>([B)V+50 java.base@17.0.4.1
j  sun.security.util.SignatureFileVerifier.<init>(Ljava/util/ArrayList;Lsun/security/util/ManifestDigester;Ljava/lang/String;[B)V+40 java.base@17.0.4.1
j  java.util.jar.JarVerifier.processEntry(Lsun/security/util/ManifestEntryVerifier;)V+319 java.base@17.0.4.1
j  java.util.jar.JarVerifier.update(I[BIILsun/security/util/ManifestEntryVerifier;)V+39 java.base@17.0.4.1
j  java.util.jar.JarFile.initializeVerifier()V+164 java.base@17.0.4.1
j  java.util.jar.JarFile.ensureInitialization()V+41 java.base@17.0.4.1
j  java.util.jar.JavaUtilJarAccessImpl.ensureInitialization(Ljava/util/jar/JarFile;)V+1 java.base@17.0.4.1
j  jdk.internal.loader.URLClassPath$JarLoader$2.getManifest()Ljava/util/jar/Manifest;+10 java.base@17.0.4.1
j  jdk.internal.loader.BuiltinClassLoader.defineClass(Ljava/lang/String;Ljdk/internal/loader/Resource;)Ljava/lang/Class;+29 java.base@17.0.4.1
j  jdk.internal.loader.BuiltinClassLoader.findClassOnClassPathOrNull(Ljava/lang/String;)Ljava/lang/Class;+37 java.base@17.0.4.1
j  jdk.internal.loader.BuiltinClassLoader.loadClassOrNull(Ljava/lang/String;Z)Ljava/lang/Class;+111 java.base@17.0.4.1
j  jdk.internal.loader.BuiltinClassLoader.loadClass(Ljava/lang/String;Z)Ljava/lang/Class;+3 java.base@17.0.4.1
j  jdk.internal.loader.ClassLoaders$AppClassLoader.loadClass(Ljava/lang/String;Z)Ljava/lang/Class;+36 java.base@17.0.4.1
j  java.lang.ClassLoader.loadClass(Ljava/lang/String;)Ljava/lang/Class;+3 java.base@17.0.4.1
j  sun.instrument.InstrumentationImpl.loadClassAndStartAgent(Ljava/lang/String;Ljava/lang/String;Ljava/lang/String;)V+8 java.instrument@17.0.4.1
j  sun.instrument.InstrumentationImpl.loadClassAndCallPremain(Ljava/lang/String;Ljava/lang/String;)V+6 java.instrument@17.0.4.1
v  ~StubRoutines::call_stub

---------------  P R O C E S S  ---------------

Threads class SMR info:
_java_thread_list=0x0000026f9cbf45f0, length=12, elements={
0x0000026ffdb8b7d0, 0x0000026fff80b3e0, 0x0000026fff80dee0, 0x0000026f9c8305c0,
0x0000026f9c83ffc0, 0x0000026f9c841ea0, 0x0000026f9c842850, 0x0000026f9c84bf60,
0x0000026f9c8586d0, 0x0000026f9c85a0d0, 0x0000026f9c9207b0, 0x0000026f9cbd7570
}

Java Threads: ( => current thread )
=>0x0000026ffdb8b7d0 JavaThread "main" [_thread_in_vm, id=7880, stack(0x00000095b7b00000,0x00000095b7c00000)]
  0x0000026fff80b3e0 JavaThread "Reference Handler" daemon [_thread_blocked, id=12720, stack(0x00000095b8200000,0x00000095b8300000)]
  0x0000026fff80dee0 JavaThread "Finalizer" daemon [_thread_blocked, id=12544, stack(0x00000095b8300000,0x00000095b8400000)]
  0x0000026f9c8305c0 JavaThread "Signal Dispatcher" daemon [_thread_blocked, id=14068, stack(0x00000095b8500000,0x00000095b8600000)]
  0x0000026f9c83ffc0 JavaThread "Attach Listener" daemon [_thread_blocked, id=12680, stack(0x00000095b8600000,0x00000095b8700000)]
  0x0000026f9c841ea0 JavaThread "Service Thread" daemon [_thread_blocked, id=10956, stack(0x00000095b8700000,0x00000095b8800000)]
  0x0000026f9c842850 JavaThread "Monitor Deflation Thread" daemon [_thread_blocked, id=13020, stack(0x00000095b8800000,0x00000095b8900000)]
  0x0000026f9c84bf60 JavaThread "C2 CompilerThread0" daemon [_thread_blocked, id=6820, stack(0x00000095b8900000,0x00000095b8a00000)]
  0x0000026f9c8586d0 JavaThread "C1 CompilerThread0" daemon [_thread_blocked, id=12576, stack(0x00000095b8a00000,0x00000095b8b00000)]
  0x0000026f9c85a0d0 JavaThread "Sweeper thread" daemon [_thread_blocked, id=6120, stack(0x00000095b8b00000,0x00000095b8c00000)]
  0x0000026f9c9207b0 JavaThread "Common-Cleaner" daemon [_thread_blocked, id=4936, stack(0x00000095b8c00000,0x00000095b8d00000)]
  0x0000026f9cbd7570 JavaThread "C2 CompilerThread1" daemon [_thread_blocked, id=3312, stack(0x00000095b8d00000,0x00000095b8e00000)]

Other Threads:
  0x0000026fff7e4640 VMThread "VM Thread" [stack: 0x00000095b8100000,0x00000095b8200000] [id=6384]
  0x0000026ffdbf32f0 GCTaskThread "GC Thread#0" [stack: 0x00000095b7c00000,0x00000095b7d00000] [id=10292]
  0x0000026ffdc05150 ConcurrentGCThread "G1 Main Marker" [stack: 0x00000095b7d00000,0x00000095b7e00000] [id=10988]
  0x0000026ffdc06340 ConcurrentGCThread "G1 Conc#0" [stack: 0x00000095b7e00000,0x00000095b7f00000] [id=11292]
  0x0000026fff65a4f0 ConcurrentGCThread "G1 Refine#0" [stack: 0x00000095b7f00000,0x00000095b8000000] [id=11752]
  0x0000026fff65ef60 ConcurrentGCThread "G1 Service" [stack: 0x00000095b8000000,0x00000095b8100000] [id=13992]

Threads with active compile tasks:

VM state: not at safepoint (normal execution)

VM Mutex/Monitor currently owned by a thread:  ([mutex/lock_event])
[0x0000026ffdb85200] Metaspace_lock - owner thread: 0x0000026ffdb8b7d0

Heap address: 0x0000000710000000, size: 3840 MB, Compressed Oops mode: Zero based, Oop shift amount: 3

CDS archive(s) not mapped
Compressed class space mapped at: 0x0000000800000000-0x0000000840000000, reserved size: 1073741824
Narrow klass base: 0x0000000800000000, Narrow klass shift: 0, Narrow klass range: 0x40000000

GC Precious Log:
 CPUs: 4 total, 4 available
 Memory: 15358M
 Large Page Support: Disabled
 NUMA Support: Disabled
 Compressed Oops: Enabled (Zero based)
 Heap Region Size: 2M
 Heap Min Capacity: 8M
 Heap Initial Capacity: 240M
 Heap Max Capacity: 3840M
 Pre-touch: Disabled
 Parallel Workers: 4
 Concurrent Workers: 1
 Concurrent Refinement Workers: 4
 Periodic GC: Disabled

Heap:
 garbage-first heap   total 245760K, used 4096K [0x0000000710000000, 0x0000000800000000)
  region size 2048K, 3 young (6144K), 0 survivors (0K)
 Metaspace       used 7197K, committed 7232K, reserved 1056768K
  class space    used 606K, committed 640K, reserved 1048576K

Heap Regions: E=young(eden), S=young(survivor), O=old, HS=humongous(starts), HC=humongous(continues), CS=collection set, F=free, OA=open archive, CA=closed archive, TAMS=top-at-mark-start (previous, next)
|   0|0x0000000710000000, 0x0000000710000000, 0x0000000710200000|  0%| F|  |TAMS 0x0000000710000000, 0x0000000710000000| Untracked 
|   1|0x0000000710200000, 0x0000000710200000, 0x0000000710400000|  0%| F|  |TAMS 0x0000000710200000, 0x0000000710200000| Untracked 
|   2|0x0000000710400000, 0x0000000710400000, 0x0000000710600000|  0%| F|  |TAMS 0x0000000710400000, 0x0000000710400000| Untracked 
|   3|0x0000000710600000, 0x0000000710600000, 0x0000000710800000|  0%| F|  |TAMS 0x0000000710600000, 0x0000000710600000| Untracked 
|   4|0x0000000710800000, 0x0000000710800000, 0x0000000710a00000|  0%| F|  |TAMS 0x0000000710800000, 0x0000000710800000| Untracked 
|   5|0x0000000710a00000, 0x0000000710a00000, 0x0000000710c00000|  0%| F|  |TAMS 0x0000000710a00000, 0x0000000710a00000| Untracked 
|   6|0x0000000710c00000, 0x0000000710c00000, 0x0000000710e00000|  0%| F|  |TAMS 0x0000000710c00000, 0x0000000710c00000| Untracked 
|   7|0x0000000710e00000, 0x0000000710e00000, 0x0000000711000000|  0%| F|  |TAMS 0x0000000710e00000, 0x0000000710e00000| Untracked 
|   8|0x0000000711000000, 0x0000000711000000, 0x0000000711200000|  0%| F|  |TAMS 0x0000000711000000, 0x0000000711000000| Untracked 
|   9|0x0000000711200000, 0x0000000711200000, 0x0000000711400000|  0%| F|  |TAMS 0x0000000711200000, 0x0000000711200000| Untracked 
|  10|0x0000000711400000, 0x0000000711400000, 0x0000000711600000|  0%| F|  |TAMS 0x0000000711400000, 0x0000000711400000| Untracked 
|  11|0x0000000711600000, 0x0000000711600000, 0x0000000711800000|  0%| F|  |TAMS 0x0000000711600000, 0x0000000711600000| Untracked 
|  12|0x0000000711800000, 0x0000000711800000, 0x0000000711a00000|  0%| F|  |TAMS 0x0000000711800000, 0x0000000711800000| Untracked 
|  13|0x0000000711a00000, 0x0000000711a00000, 0x0000000711c00000|  0%| F|  |TAMS 0x0000000711a00000, 0x0000000711a00000| Untracked 
|  14|0x0000000711c00000, 0x0000000711c00000, 0x0000000711e00000|  0%| F|  |TAMS 0x0000000711c00000, 0x0000000711c00000| Untracked 
|  15|0x0000000711e00000, 0x0000000711e00000, 0x0000000712000000|  0%| F|  |TAMS 0x0000000711e00000, 0x0000000711e00000| Untracked 
|  16|0x0000000712000000, 0x0000000712000000, 0x0000000712200000|  0%| F|  |TAMS 0x0000000712000000, 0x0000000712000000| Untracked 
|  17|0x0000000712200000, 0x0000000712200000, 0x0000000712400000|  0%| F|  |TAMS 0x0000000712200000, 0x0000000712200000| Untracked 
|  18|0x0000000712400000, 0x0000000712400000, 0x0000000712600000|  0%| F|  |TAMS 0x0000000712400000, 0x0000000712400000| Untracked 
|  19|0x0000000712600000, 0x0000000712600000, 0x0000000712800000|  0%| F|  |TAMS 0x0000000712600000, 0x0000000712600000| Untracked 
|  20|0x0000000712800000, 0x0000000712800000, 0x0000000712a00000|  0%| F|  |TAMS 0x0000000712800000, 0x0000000712800000| Untracked 
|  21|0x0000000712a00000, 0x0000000712a00000, 0x0000000712c00000|  0%| F|  |TAMS 0x0000000712a00000, 0x0000000712a00000| Untracked 
|  22|0x0000000712c00000, 0x0000000712c00000, 0x0000000712e00000|  0%| F|  |TAMS 0x0000000712c00000, 0x0000000712c00000| Untracked 
|  23|0x0000000712e00000, 0x0000000712e00000, 0x0000000713000000|  0%| F|  |TAMS 0x0000000712e00000, 0x0000000712e00000| Untracked 
|  24|0x0000000713000000, 0x0000000713000000, 0x0000000713200000|  0%| F|  |TAMS 0x0000000713000000, 0x0000000713000000| Untracked 
|  25|0x0000000713200000, 0x0000000713200000, 0x0000000713400000|  0%| F|  |TAMS 0x0000000713200000, 0x0000000713200000| Untracked 
|  26|0x0000000713400000, 0x0000000713400000, 0x0000000713600000|  0%| F|  |TAMS 0x0000000713400000, 0x0000000713400000| Untracked 
|  27|0x0000000713600000, 0x0000000713600000, 0x0000000713800000|  0%| F|  |TAMS 0x0000000713600000, 0x0000000713600000| Untracked 
|  28|0x0000000713800000, 0x0000000713800000, 0x0000000713a00000|  0%| F|  |TAMS 0x0000000713800000, 0x0000000713800000| Untracked 
|  29|0x0000000713a00000, 0x0000000713a00000, 0x0000000713c00000|  0%| F|  |TAMS 0x0000000713a00000, 0x0000000713a00000| Untracked 
|  30|0x0000000713c00000, 0x0000000713c00000, 0x0000000713e00000|  0%| F|  |TAMS 0x0000000713c00000, 0x0000000713c00000| Untracked 
|  31|0x0000000713e00000, 0x0000000713e00000, 0x0000000714000000|  0%| F|  |TAMS 0x0000000713e00000, 0x0000000713e00000| Untracked 
|  32|0x0000000714000000, 0x0000000714000000, 0x0000000714200000|  0%| F|  |TAMS 0x0000000714000000, 0x0000000714000000| Untracked 
|  33|0x0000000714200000, 0x0000000714200000, 0x0000000714400000|  0%| F|  |TAMS 0x0000000714200000, 0x0000000714200000| Untracked 
|  34|0x0000000714400000, 0x0000000714400000, 0x0000000714600000|  0%| F|  |TAMS 0x0000000714400000, 0x0000000714400000| Untracked 
|  35|0x0000000714600000, 0x0000000714600000, 0x0000000714800000|  0%| F|  |TAMS 0x0000000714600000, 0x0000000714600000| Untracked 
|  36|0x0000000714800000, 0x0000000714800000, 0x0000000714a00000|  0%| F|  |TAMS 0x0000000714800000, 0x0000000714800000| Untracked 
|  37|0x0000000714a00000, 0x0000000714a00000, 0x0000000714c00000|  0%| F|  |TAMS 0x0000000714a00000, 0x0000000714a00000| Untracked 
|  38|0x0000000714c00000, 0x0000000714c00000, 0x0000000714e00000|  0%| F|  |TAMS 0x0000000714c00000, 0x0000000714c00000| Untracked 
|  39|0x0000000714e00000, 0x0000000714e00000, 0x0000000715000000|  0%| F|  |TAMS 0x0000000714e00000, 0x0000000714e00000| Untracked 
|  40|0x0000000715000000, 0x0000000715000000, 0x0000000715200000|  0%| F|  |TAMS 0x0000000715000000, 0x0000000715000000| Untracked 
|  41|0x0000000715200000, 0x0000000715200000, 0x0000000715400000|  0%| F|  |TAMS 0x0000000715200000, 0x0000000715200000| Untracked 
|  42|0x0000000715400000, 0x0000000715400000, 0x0000000715600000|  0%| F|  |TAMS 0x0000000715400000, 0x0000000715400000| Untracked 
|  43|0x0000000715600000, 0x0000000715600000, 0x0000000715800000|  0%| F|  |TAMS 0x0000000715600000, 0x0000000715600000| Untracked 
|  44|0x0000000715800000, 0x0000000715800000, 0x0000000715a00000|  0%| F|  |TAMS 0x0000000715800000, 0x0000000715800000| Untracked 
|  45|0x0000000715a00000, 0x0000000715a00000, 0x0000000715c00000|  0%| F|  |TAMS 0x0000000715a00000, 0x0000000715a00000| Untracked 
|  46|0x0000000715c00000, 0x0000000715c00000, 0x0000000715e00000|  0%| F|  |TAMS 0x0000000715c00000, 0x0000000715c00000| Untracked 
|  47|0x0000000715e00000, 0x0000000715e00000, 0x0000000716000000|  0%| F|  |TAMS 0x0000000715e00000, 0x0000000715e00000| Untracked 
|  48|0x0000000716000000, 0x0000000716000000, 0x0000000716200000|  0%| F|  |TAMS 0x0000000716000000, 0x0000000716000000| Untracked 
|  49|0x0000000716200000, 0x0000000716200000, 0x0000000716400000|  0%| F|  |TAMS 0x0000000716200000, 0x0000000716200000| Untracked 
|  50|0x0000000716400000, 0x0000000716400000, 0x0000000716600000|  0%| F|  |TAMS 0x0000000716400000, 0x0000000716400000| Untracked 
|  51|0x0000000716600000, 0x0000000716600000, 0x0000000716800000|  0%| F|  |TAMS 0x0000000716600000, 0x0000000716600000| Untracked 
|  52|0x0000000716800000, 0x0000000716800000, 0x0000000716a00000|  0%| F|  |TAMS 0x0000000716800000, 0x0000000716800000| Untracked 
|  53|0x0000000716a00000, 0x0000000716a00000, 0x0000000716c00000|  0%| F|  |TAMS 0x0000000716a00000, 0x0000000716a00000| Untracked 
|  54|0x0000000716c00000, 0x0000000716c00000, 0x0000000716e00000|  0%| F|  |TAMS 0x0000000716c00000, 0x0000000716c00000| Untracked 
|  55|0x0000000716e00000, 0x0000000716e00000, 0x0000000717000000|  0%| F|  |TAMS 0x0000000716e00000, 0x0000000716e00000| Untracked 
|  56|0x0000000717000000, 0x0000000717000000, 0x0000000717200000|  0%| F|  |TAMS 0x0000000717000000, 0x0000000717000000| Untracked 
|  57|0x0000000717200000, 0x0000000717200000, 0x0000000717400000|  0%| F|  |TAMS 0x0000000717200000, 0x0000000717200000| Untracked 
|  58|0x0000000717400000, 0x0000000717400000, 0x0000000717600000|  0%| F|  |TAMS 0x0000000717400000, 0x0000000717400000| Untracked 
|  59|0x0000000717600000, 0x0000000717600000, 0x0000000717800000|  0%| F|  |TAMS 0x0000000717600000, 0x0000000717600000| Untracked 
|  60|0x0000000717800000, 0x0000000717800000, 0x0000000717a00000|  0%| F|  |TAMS 0x0000000717800000, 0x0000000717800000| Untracked 
|  61|0x0000000717a00000, 0x0000000717a00000, 0x0000000717c00000|  0%| F|  |TAMS 0x0000000717a00000, 0x0000000717a00000| Untracked 
|  62|0x0000000717c00000, 0x0000000717c00000, 0x0000000717e00000|  0%| F|  |TAMS 0x0000000717c00000, 0x0000000717c00000| Untracked 
|  63|0x0000000717e00000, 0x0000000717e00000, 0x0000000718000000|  0%| F|  |TAMS 0x0000000717e00000, 0x0000000717e00000| Untracked 
|  64|0x0000000718000000, 0x0000000718000000, 0x0000000718200000|  0%| F|  |TAMS 0x0000000718000000, 0x0000000718000000| Untracked 
|  65|0x0000000718200000, 0x0000000718200000, 0x0000000718400000|  0%| F|  |TAMS 0x0000000718200000, 0x0000000718200000| Untracked 
|  66|0x0000000718400000, 0x0000000718400000, 0x0000000718600000|  0%| F|  |TAMS 0x0000000718400000, 0x0000000718400000| Untracked 
|  67|0x0000000718600000, 0x0000000718600000, 0x0000000718800000|  0%| F|  |TAMS 0x0000000718600000, 0x0000000718600000| Untracked 
|  68|0x0000000718800000, 0x0000000718800000, 0x0000000718a00000|  0%| F|  |TAMS 0x0000000718800000, 0x0000000718800000| Untracked 
|  69|0x0000000718a00000, 0x0000000718a00000, 0x0000000718c00000|  0%| F|  |TAMS 0x0000000718a00000, 0x0000000718a00000| Untracked 
|  70|0x0000000718c00000, 0x0000000718c00000, 0x0000000718e00000|  0%| F|  |TAMS 0x0000000718c00000, 0x0000000718c00000| Untracked 
|  71|0x0000000718e00000, 0x0000000718e00000, 0x0000000719000000|  0%| F|  |TAMS 0x0000000718e00000, 0x0000000718e00000| Untracked 
|  72|0x0000000719000000, 0x0000000719000000, 0x0000000719200000|  0%| F|  |TAMS 0x0000000719000000, 0x0000000719000000| Untracked 
|  73|0x0000000719200000, 0x0000000719200000, 0x0000000719400000|  0%| F|  |TAMS 0x0000000719200000, 0x0000000719200000| Untracked 
|  74|0x0000000719400000, 0x0000000719400000, 0x0000000719600000|  0%| F|  |TAMS 0x0000000719400000, 0x0000000719400000| Untracked 
|  75|0x0000000719600000, 0x0000000719600000, 0x0000000719800000|  0%| F|  |TAMS 0x0000000719600000, 0x0000000719600000| Untracked 
|  76|0x0000000719800000, 0x0000000719800000, 0x0000000719a00000|  0%| F|  |TAMS 0x0000000719800000, 0x0000000719800000| Untracked 
|  77|0x0000000719a00000, 0x0000000719a00000, 0x0000000719c00000|  0%| F|  |TAMS 0x0000000719a00000, 0x0000000719a00000| Untracked 
|  78|0x0000000719c00000, 0x0000000719c00000, 0x0000000719e00000|  0%| F|  |TAMS 0x0000000719c00000, 0x0000000719c00000| Untracked 
|  79|0x0000000719e00000, 0x0000000719e00000, 0x000000071a000000|  0%| F|  |TAMS 0x0000000719e00000, 0x0000000719e00000| Untracked 
|  80|0x000000071a000000, 0x000000071a000000, 0x000000071a200000|  0%| F|  |TAMS 0x000000071a000000, 0x000000071a000000| Untracked 
|  81|0x000000071a200000, 0x000000071a200000, 0x000000071a400000|  0%| F|  |TAMS 0x000000071a200000, 0x000000071a200000| Untracked 
|  82|0x000000071a400000, 0x000000071a400000, 0x000000071a600000|  0%| F|  |TAMS 0x000000071a400000, 0x000000071a400000| Untracked 
|  83|0x000000071a600000, 0x000000071a600000, 0x000000071a800000|  0%| F|  |TAMS 0x000000071a600000, 0x000000071a600000| Untracked 
|  84|0x000000071a800000, 0x000000071a800000, 0x000000071aa00000|  0%| F|  |TAMS 0x000000071a800000, 0x000000071a800000| Untracked 
|  85|0x000000071aa00000, 0x000000071aa00000, 0x000000071ac00000|  0%| F|  |TAMS 0x000000071aa00000, 0x000000071aa00000| Untracked 
|  86|0x000000071ac00000, 0x000000071ac00000, 0x000000071ae00000|  0%| F|  |TAMS 0x000000071ac00000, 0x000000071ac00000| Untracked 
|  87|0x000000071ae00000, 0x000000071ae00000, 0x000000071b000000|  0%| F|  |TAMS 0x000000071ae00000, 0x000000071ae00000| Untracked 
|  88|0x000000071b000000, 0x000000071b000000, 0x000000071b200000|  0%| F|  |TAMS 0x000000071b000000, 0x000000071b000000| Untracked 
|  89|0x000000071b200000, 0x000000071b200000, 0x000000071b400000|  0%| F|  |TAMS 0x000000071b200000, 0x000000071b200000| Untracked 
|  90|0x000000071b400000, 0x000000071b400000, 0x000000071b600000|  0%| F|  |TAMS 0x000000071b400000, 0x000000071b400000| Untracked 
|  91|0x000000071b600000, 0x000000071b600000, 0x000000071b800000|  0%| F|  |TAMS 0x000000071b600000, 0x000000071b600000| Untracked 
|  92|0x000000071b800000, 0x000000071b800000, 0x000000071ba00000|  0%| F|  |TAMS 0x000000071b800000, 0x000000071b800000| Untracked 
|  93|0x000000071ba00000, 0x000000071ba00000, 0x000000071bc00000|  0%| F|  |TAMS 0x000000071ba00000, 0x000000071ba00000| Untracked 
|  94|0x000000071bc00000, 0x000000071bc00000, 0x000000071be00000|  0%| F|  |TAMS 0x000000071bc00000, 0x000000071bc00000| Untracked 
|  95|0x000000071be00000, 0x000000071be00000, 0x000000071c000000|  0%| F|  |TAMS 0x000000071be00000, 0x000000071be00000| Untracked 
|  96|0x000000071c000000, 0x000000071c000000, 0x000000071c200000|  0%| F|  |TAMS 0x000000071c000000, 0x000000071c000000| Untracked 
|  97|0x000000071c200000, 0x000000071c200000, 0x000000071c400000|  0%| F|  |TAMS 0x000000071c200000, 0x000000071c200000| Untracked 
|  98|0x000000071c400000, 0x000000071c400000, 0x000000071c600000|  0%| F|  |TAMS 0x000000071c400000, 0x000000071c400000| Untracked 
|  99|0x000000071c600000, 0x000000071c600000, 0x000000071c800000|  0%| F|  |TAMS 0x000000071c600000, 0x000000071c600000| Untracked 
| 100|0x000000071c800000, 0x000000071c800000, 0x000000071ca00000|  0%| F|  |TAMS 0x000000071c800000, 0x000000071c800000| Untracked 
| 101|0x000000071ca00000, 0x000000071ca00000, 0x000000071cc00000|  0%| F|  |TAMS 0x000000071ca00000, 0x000000071ca00000| Untracked 
| 102|0x000000071cc00000, 0x000000071cc00000, 0x000000071ce00000|  0%| F|  |TAMS 0x000000071cc00000, 0x000000071cc00000| Untracked 
| 103|0x000000071ce00000, 0x000000071ce00000, 0x000000071d000000|  0%| F|  |TAMS 0x000000071ce00000, 0x000000071ce00000| Untracked 
| 104|0x000000071d000000, 0x000000071d000000, 0x000000071d200000|  0%| F|  |TAMS 0x000000071d000000, 0x000000071d000000| Untracked 
| 105|0x000000071d200000, 0x000000071d200000, 0x000000071d400000|  0%| F|  |TAMS 0x000000071d200000, 0x000000071d200000| Untracked 
| 106|0x000000071d400000, 0x000000071d400000, 0x000000071d600000|  0%| F|  |TAMS 0x000000071d400000, 0x000000071d400000| Untracked 
| 107|0x000000071d600000, 0x000000071d600000, 0x000000071d800000|  0%| F|  |TAMS 0x000000071d600000, 0x000000071d600000| Untracked 
| 108|0x000000071d800000, 0x000000071d800000, 0x000000071da00000|  0%| F|  |TAMS 0x000000071d800000, 0x000000071d800000| Untracked 
| 109|0x000000071da00000, 0x000000071da00000, 0x000000071dc00000|  0%| F|  |TAMS 0x000000071da00000, 0x000000071da00000| Untracked 
| 110|0x000000071dc00000, 0x000000071dc00000, 0x000000071de00000|  0%| F|  |TAMS 0x000000071dc00000, 0x000000071dc00000| Untracked 
| 111|0x000000071de00000, 0x000000071de00000, 0x000000071e000000|  0%| F|  |TAMS 0x000000071de00000, 0x000000071de00000| Untracked 
| 112|0x000000071e000000, 0x000000071e000000, 0x000000071e200000|  0%| F|  |TAMS 0x000000071e000000, 0x000000071e000000| Untracked 
| 113|0x000000071e200000, 0x000000071e200000, 0x000000071e400000|  0%| F|  |TAMS 0x000000071e200000, 0x000000071e200000| Untracked 
| 114|0x000000071e400000, 0x000000071e400000, 0x000000071e600000|  0%| F|  |TAMS 0x000000071e400000, 0x000000071e400000| Untracked 
| 115|0x000000071e600000, 0x000000071e600000, 0x000000071e800000|  0%| F|  |TAMS 0x000000071e600000, 0x000000071e600000| Untracked 
| 116|0x000000071e800000, 0x000000071e800000, 0x000000071ea00000|  0%| F|  |TAMS 0x000000071e800000, 0x000000071e800000| Untracked 
| 117|0x000000071ea00000, 0x000000071ebc9298, 0x000000071ec00000| 89%| E|  |TAMS 0x000000071ea00000, 0x000000071ea00000| Complete 
| 118|0x000000071ec00000, 0x000000071ee00000, 0x000000071ee00000|100%| E|CS|TAMS 0x000000071ec00000, 0x000000071ec00000| Complete 
| 119|0x000000071ee00000, 0x000000071f000000, 0x000000071f000000|100%| E|CS|TAMS 0x000000071ee00000, 0x000000071ee00000| Complete 

Card table byte_map: [0x0000026ffe3e0000,0x0000026ffeb60000] _byte_map_base: 0x0000026ffab60000

Marking Bits (Prev, Next): (CMBitMap*) 0x0000026ffdbf5820, (CMBitMap*) 0x0000026ffdbf5860
 Prev Bits: [0x0000026f925f0000, 0x0000026f961f0000)
 Next Bits: [0x0000026f961f0000, 0x0000026f99df0000)

Polling page: 0x0000026ffd360000

Metaspace:

Usage:
  Non-class:      6.44 MB used.
      Class:    606.64 KB used.
       Both:      7.03 MB used.

Virtual space:
  Non-class space:        8.00 MB reserved,       6.44 MB ( 80%) committed,  1 nodes.
      Class space:        1.00 GB reserved,     640.00 KB ( <1%) committed,  1 nodes.
             Both:        1.01 GB reserved,       7.06 MB ( <1%) committed. 

Chunk freelists:
   Non-Class:  1.00 MB
       Class:  3.25 MB
        Both:  4.25 MB

MaxMetaspaceSize: unlimited
CompressedClassSpaceSize: 1.00 GB
Initial GC threshold: 21.00 MB
Current GC threshold: 21.00 MB
CDS: off
MetaspaceReclaimPolicy: balanced
 - commit_granule_bytes: 65536.
 - commit_granule_words: 8192.
 - virtual_space_node_default_size: 1048576.
 - enlarge_chunks_in_place: 1.
 - new_chunks_are_fully_committed: 0.
 - uncommit_free_chunks: 1.
 - use_allocation_guard: 0.
 - handle_deallocations: 1.


Internal statistics:

num_allocs_failed_limit: 0.
num_arena_births: 4.
num_arena_deaths: 0.
num_vsnodes_births: 2.
num_vsnodes_deaths: 0.
num_space_committed: 113.
num_space_uncommitted: 0.
num_chunks_returned_to_freelist: 0.
num_chunks_taken_from_freelist: 24.
num_chunk_merges: 0.
num_chunk_splits: 5.
num_chunks_enlarged: 1.
num_purges: 0.
num_inconsistent_stats: 0.

CodeHeap 'non-profiled nmethods': size=120000Kb used=127Kb max_used=127Kb free=119872Kb
 bounds [0x0000026f8b0c0000, 0x0000026f8b330000, 0x0000026f925f0000]
CodeHeap 'profiled nmethods': size=120000Kb used=436Kb max_used=436Kb free=119563Kb
 bounds [0x0000026f83b90000, 0x0000026f83e00000, 0x0000026f8b0c0000]
CodeHeap 'non-nmethods': size=5760Kb used=1118Kb max_used=1138Kb free=4641Kb
 bounds [0x0000026f835f0000, 0x0000026f83860000, 0x0000026f83b90000]
 total_blobs=732 nmethods=350 adapters=295
 compilation: enabled
              stopped_count=0, restarted_count=0
 full_count=0

Compilation events (20 events):
Event: 0.427 Thread 0x0000026f9c8586d0  342       3       java.util.HashMap::<init> (98 bytes)
Event: 0.428 Thread 0x0000026f9c8586d0 nmethod 342 0x0000026f83bf9d90 code [0x0000026f83bfa0e0, 0x0000026f83bfb1f8]
Event: 0.428 Thread 0x0000026f9c8586d0  343       1       sun.security.util.KnownOIDs::value (5 bytes)
Event: 0.428 Thread 0x0000026f9c8586d0 nmethod 343 0x0000026f8b0deb90 code [0x0000026f8b0ded20, 0x0000026f8b0dedf8]
Event: 0.428 Thread 0x0000026f9c8586d0  344       3       java.util.HashMap::<init> (11 bytes)
Event: 0.428 Thread 0x0000026f9c8586d0 nmethod 344 0x0000026f83bfb790 code [0x0000026f83bfb940, 0x0000026f83bfbb18]
Event: 0.428 Thread 0x0000026f9c8586d0  345       1       java.security.Provider$Service::getType (5 bytes)
Event: 0.428 Thread 0x0000026f9c8586d0 nmethod 345 0x0000026f8b0dee90 code [0x0000026f8b0df020, 0x0000026f8b0df0f8]
Event: 0.428 Thread 0x0000026f9c8586d0  346       1       java.security.Provider$Service::getAlgorithm (5 bytes)
Event: 0.428 Thread 0x0000026f9c8586d0 nmethod 346 0x0000026f8b0df190 code [0x0000026f8b0df320, 0x0000026f8b0df3f8]
Event: 0.428 Thread 0x0000026f9c8586d0  347       1       java.security.Provider$Service::getAliases (5 bytes)
Event: 0.428 Thread 0x0000026f9c8586d0 nmethod 347 0x0000026f8b0df490 code [0x0000026f8b0df620, 0x0000026f8b0df6f8]
Event: 0.429 Thread 0x0000026f9c84bf60  348       4       java.lang.Math::min (11 bytes)
Event: 0.430 Thread 0x0000026f9c84bf60 nmethod 348 0x0000026f8b0df790 code [0x0000026f8b0df900, 0x0000026f8b0df958]
Event: 0.431 Thread 0x0000026f9c8586d0  349       3       sun.security.util.ObjectIdentifier::checkOtherComponent (41 bytes)
Event: 0.432 Thread 0x0000026f9c8586d0 nmethod 349 0x0000026f83bfbc10 code [0x0000026f83bfbe40, 0x0000026f83bfc4c8]
Event: 0.432 Thread 0x0000026f9c8586d0  350       3       sun.security.util.ObjectIdentifier::pack (220 bytes)
Event: 0.433 Thread 0x0000026f9c8586d0 nmethod 350 0x0000026f83bfc790 code [0x0000026f83bfc960, 0x0000026f83bfcfc8]
Event: 0.433 Thread 0x0000026f9c84bf60  351       4       java.lang.String::coder (15 bytes)
Event: 0.433 Thread 0x0000026f9c84bf60 nmethod 351 0x0000026f8b0dfa90 code [0x0000026f8b0dfc00, 0x0000026f8b0dfc78]

GC Heap History (0 events):
No events

Deoptimization events (18 events):
Event: 0.310 Thread 0x0000026ffdb8b7d0 DEOPT PACKING pc=0x0000026f83bb688c sp=0x00000095b7bfdcf0
Event: 0.310 Thread 0x0000026ffdb8b7d0 DEOPT UNPACKING pc=0x0000026f83646763 sp=0x00000095b7bfd180 mode 0
Event: 0.339 Thread 0x0000026ffdb8b7d0 DEOPT PACKING pc=0x0000026f83b997e7 sp=0x00000095b7bfdc60
Event: 0.339 Thread 0x0000026ffdb8b7d0 DEOPT UNPACKING pc=0x0000026f83646763 sp=0x00000095b7bfd080 mode 0
Event: 0.346 Thread 0x0000026ffdb8b7d0 DEOPT PACKING pc=0x0000026f83b97cd1 sp=0x00000095b7bfdb50
Event: 0.346 Thread 0x0000026ffdb8b7d0 DEOPT UNPACKING pc=0x0000026f83646763 sp=0x00000095b7bfcfc8 mode 0
Event: 0.383 Thread 0x0000026ffdb8b7d0 DEOPT PACKING pc=0x0000026f83bdacbc sp=0x00000095b7bfe380
Event: 0.383 Thread 0x0000026ffdb8b7d0 DEOPT UNPACKING pc=0x0000026f83646763 sp=0x00000095b7bfd850 mode 0
Event: 0.384 Thread 0x0000026ffdb8b7d0 DEOPT PACKING pc=0x0000026f83bc81d6 sp=0x00000095b7bfe2f0
Event: 0.384 Thread 0x0000026ffdb8b7d0 DEOPT UNPACKING pc=0x0000026f83646763 sp=0x00000095b7bfd790 mode 0
Event: 0.385 Thread 0x0000026ffdb8b7d0 DEOPT PACKING pc=0x0000026f83bc81d6 sp=0x00000095b7bfe2f0
Event: 0.385 Thread 0x0000026ffdb8b7d0 DEOPT UNPACKING pc=0x0000026f83646763 sp=0x00000095b7bfd790 mode 0
Event: 0.390 Thread 0x0000026ffdb8b7d0 DEOPT PACKING pc=0x0000026f83bc81d6 sp=0x00000095b7bfe2e0
Event: 0.390 Thread 0x0000026ffdb8b7d0 DEOPT UNPACKING pc=0x0000026f83646763 sp=0x00000095b7bfd768 mode 0
Event: 0.407 Thread 0x0000026ffdb8b7d0 Uncommon trap: trap_request=0xffffff45 fr.pc=0x0000026f8b0cded0 relative=0x00000000000008f0
Event: 0.407 Thread 0x0000026ffdb8b7d0 Uncommon trap: reason=unstable_if action=reinterpret pc=0x0000026f8b0cded0 method=java.util.HashMap.putVal(ILjava/lang/Object;Ljava/lang/Object;ZZ)Ljava/lang/Object; @ 181 c2
Event: 0.408 Thread 0x0000026ffdb8b7d0 DEOPT PACKING pc=0x0000026f8b0cded0 sp=0x00000095b7bfdfe0
Event: 0.408 Thread 0x0000026ffdb8b7d0 DEOPT UNPACKING pc=0x0000026f83645c23 sp=0x00000095b7bfdf90 mode 2

Classes unloaded (0 events):
No events

Classes redefined (0 events):
No events

Internal exceptions (0 events):
No events

VM Operations (2 events):
Event: 0.413 Executing VM operation: HandshakeAllThreads
Event: 0.413 Executing VM operation: HandshakeAllThreads done

Events (20 events):
Event: 0.432 loading class sun/security/x509/SubjectKeyIdentifierExtension
Event: 0.432 loading class sun/security/x509/SubjectKeyIdentifierExtension done
Event: 0.432 loading class sun/security/x509/KeyIdentifier
Event: 0.432 loading class sun/security/x509/KeyIdentifier done
Event: 0.433 loading class sun/security/x509/AuthorityKeyIdentifierExtension
Event: 0.433 loading class sun/security/x509/AuthorityKeyIdentifierExtension done
Event: 0.433 loading class sun/security/x509/GeneralNames
Event: 0.433 loading class sun/security/x509/GeneralNames done
Event: 0.433 loading class sun/security/x509/X509AttributeName
Event: 0.433 loading class sun/security/x509/X509AttributeName done
Event: 0.433 loading class sun/security/util/MemoryCache$SoftCacheEntry
Event: 0.433 loading class sun/security/util/MemoryCache$CacheEntry
Event: 0.433 loading class sun/security/util/MemoryCache$CacheEntry done
Event: 0.433 loading class sun/security/util/MemoryCache$SoftCacheEntry done
Event: 0.433 loading class jdk/internal/event/X509CertificateEvent
Event: 0.433 loading class jdk/internal/event/Event
Event: 0.434 loading class jdk/internal/event/Event done
Event: 0.434 loading class jdk/internal/event/X509CertificateEvent done
Event: 0.434 loading class jdk/internal/event/EventHelper
Event: 0.434 loading class jdk/internal/event/EventHelper done


Dynamic libraries:
0x00007ff7aeab0000 - 0x00007ff7aeabe000 	C:\Users\ACK\.p2\pool\plugins\org.eclipse.justj.openjdk.hotspot.jre.full.win32.x86_64_17.0.4.v20221004-1257\jre\bin\javaw.exe
0x00007ffd3e670000 - 0x00007ffd3e868000 	C:\Windows\SYSTEM32\ntdll.dll
0x00007ffd3e130000 - 0x00007ffd3e1ef000 	C:\Windows\System32\KERNEL32.DLL
0x00007ffd3c040000 - 0x00007ffd3c336000 	C:\Windows\System32\KERNELBASE.dll
0x00007ffd3c540000 - 0x00007ffd3c640000 	C:\Windows\System32\ucrtbase.dll
0x00007ffd23b00000 - 0x00007ffd23b18000 	C:\Users\ACK\.p2\pool\plugins\org.eclipse.justj.openjdk.hotspot.jre.full.win32.x86_64_17.0.4.v20221004-1257\jre\bin\jli.dll
0x00007ffd3c6d0000 - 0x00007ffd3c86d000 	C:\Windows\System32\USER32.dll
0x00007ffd3bdd0000 - 0x00007ffd3bdf2000 	C:\Windows\System32\win32u.dll
0x00007ffd3ca90000 - 0x00007ffd3cabc000 	C:\Windows\System32\GDI32.dll
0x00007ffd3beb0000 - 0x00007ffd3bfc5000 	C:\Windows\System32\gdi32full.dll
0x00007ffd3c340000 - 0x00007ffd3c3dd000 	C:\Windows\System32\msvcp_win.dll
0x00007ffd2b470000 - 0x00007ffd2b489000 	C:\Users\ACK\.p2\pool\plugins\org.eclipse.justj.openjdk.hotspot.jre.full.win32.x86_64_17.0.4.v20221004-1257\jre\bin\VCRUNTIME140.dll
0x00007ffd25410000 - 0x00007ffd256aa000 	C:\Windows\WinSxS\amd64_microsoft.windows.common-controls_6595b64144ccf1df_6.0.19041.1110_none_60b5254171f9507e\COMCTL32.dll
0x00007ffd3d710000 - 0x00007ffd3d7ae000 	C:\Windows\System32\msvcrt.dll
0x00007ffd3e1f0000 - 0x00007ffd3e220000 	C:\Windows\System32\IMM32.DLL
0x00007ffd2a830000 - 0x00007ffd2a83c000 	C:\Users\ACK\.p2\pool\plugins\org.eclipse.justj.openjdk.hotspot.jre.full.win32.x86_64_17.0.4.v20221004-1257\jre\bin\vcruntime140_1.dll
0x00007ffd1ff10000 - 0x00007ffd1ffa1000 	C:\Users\ACK\.p2\pool\plugins\org.eclipse.justj.openjdk.hotspot.jre.full.win32.x86_64_17.0.4.v20221004-1257\jre\bin\msvcp140.dll
0x00007ffd0b220000 - 0x00007ffd0be66000 	C:\Users\ACK\.p2\pool\plugins\org.eclipse.justj.openjdk.hotspot.jre.full.win32.x86_64_17.0.4.v20221004-1257\jre\bin\server\jvm.dll
0x00007ffd3e570000 - 0x00007ffd3e61f000 	C:\Windows\System32\ADVAPI32.dll
0x00007ffd3d670000 - 0x00007ffd3d70c000 	C:\Windows\System32\sechost.dll
0x00007ffd3d7d0000 - 0x00007ffd3d8f6000 	C:\Windows\System32\RPCRT4.dll
0x00007ffd3e620000 - 0x00007ffd3e628000 	C:\Windows\System32\PSAPI.DLL
0x00007ffd25130000 - 0x00007ffd25139000 	C:\Windows\SYSTEM32\WSOCK32.dll
0x00007ffd3d600000 - 0x00007ffd3d66b000 	C:\Windows\System32\WS2_32.dll
0x00007ffd213f0000 - 0x00007ffd21417000 	C:\Windows\SYSTEM32\WINMM.dll
0x00007ffd34670000 - 0x00007ffd3467a000 	C:\Windows\SYSTEM32\VERSION.dll
0x00007ffd39a00000 - 0x00007ffd39a12000 	C:\Windows\SYSTEM32\kernel.appcore.dll
0x00007ffd250a0000 - 0x00007ffd250aa000 	C:\Users\ACK\.p2\pool\plugins\org.eclipse.justj.openjdk.hotspot.jre.full.win32.x86_64_17.0.4.v20221004-1257\jre\bin\jimage.dll
0x00007ffd2c210000 - 0x00007ffd2c3f4000 	C:\Windows\SYSTEM32\DBGHELP.DLL
0x00007ffd2c1b0000 - 0x00007ffd2c1e4000 	C:\Windows\SYSTEM32\dbgcore.DLL
0x00007ffd3c640000 - 0x00007ffd3c6c2000 	C:\Windows\System32\bcryptPrimitives.dll
0x00007ffd25030000 - 0x00007ffd2503e000 	C:\Users\ACK\.p2\pool\plugins\org.eclipse.justj.openjdk.hotspot.jre.full.win32.x86_64_17.0.4.v20221004-1257\jre\bin\instrument.dll
0x00007ffd20620000 - 0x00007ffd20645000 	C:\Users\ACK\.p2\pool\plugins\org.eclipse.justj.openjdk.hotspot.jre.full.win32.x86_64_17.0.4.v20221004-1257\jre\bin\java.dll
0x00007ffd20600000 - 0x00007ffd20618000 	C:\Users\ACK\.p2\pool\plugins\org.eclipse.justj.openjdk.hotspot.jre.full.win32.x86_64_17.0.4.v20221004-1257\jre\bin\zip.dll
0x00007ffd3d9e0000 - 0x00007ffd3e124000 	C:\Windows\System32\SHELL32.dll
0x00007ffd39c00000 - 0x00007ffd3a393000 	C:\Windows\SYSTEM32\windows.storage.dll
0x00007ffd3d2a0000 - 0x00007ffd3d5f4000 	C:\Windows\System32\combase.dll
0x00007ffd3b5e0000 - 0x00007ffd3b60e000 	C:\Windows\SYSTEM32\Wldp.dll
0x00007ffd3cac0000 - 0x00007ffd3cb6d000 	C:\Windows\System32\SHCORE.dll
0x00007ffd3ca30000 - 0x00007ffd3ca85000 	C:\Windows\System32\shlwapi.dll
0x00007ffd3bc90000 - 0x00007ffd3bcaf000 	C:\Windows\SYSTEM32\profapi.dll
0x00007ffd205e0000 - 0x00007ffd205f9000 	C:\Users\ACK\.p2\pool\plugins\org.eclipse.justj.openjdk.hotspot.jre.full.win32.x86_64_17.0.4.v20221004-1257\jre\bin\net.dll
0x00007ffd35260000 - 0x00007ffd3536a000 	C:\Windows\SYSTEM32\WINHTTP.dll
0x00007ffd3b3c0000 - 0x00007ffd3b42a000 	C:\Windows\system32\mswsock.dll
0x00007ffd205c0000 - 0x00007ffd205d5000 	C:\Users\ACK\.p2\pool\plugins\org.eclipse.justj.openjdk.hotspot.jre.full.win32.x86_64_17.0.4.v20221004-1257\jre\bin\nio.dll

dbghelp: loaded successfully - version: 4.0.5 - missing functions: none
symbol engine: initialized successfully - sym options: 0x614 - pdb path: .;C:\Users\ACK\.p2\pool\plugins\org.eclipse.justj.openjdk.hotspot.jre.full.win32.x86_64_17.0.4.v20221004-1257\jre\bin;C:\Windows\SYSTEM32;C:\Windows\WinSxS\amd64_microsoft.windows.common-controls_6595b64144ccf1df_6.0.19041.1110_none_60b5254171f9507e;C:\Users\ACK\.p2\pool\plugins\org.eclipse.justj.openjdk.hotspot.jre.full.win32.x86_64_17.0.4.v20221004-1257\jre\bin\server

VM Arguments:
jvm_args: -javaagent:C:\Users\ACK\eclipse\java-2022-09\eclipse\configuration\org.eclipse.osgi\401\0\.cp\jacocoagent.jar=includes=*,excludes=Main:main,exclclassloader=sun.reflect.DelegatingClassLoader,output=tcpclient,port=60523 -ea -Dfile.encoding=UTF-8 -XX:+ShowCodeDetailsInExceptionMessages 
java_command: org.eclipse.jdt.internal.junit.runner.RemoteTestRunner -version 3 -port 60524 -testLoaderClass org.eclipse.jdt.internal.junit5.runner.JUnit5TestLoader -loaderpluginname org.eclipse.jdt.junit5.runtime -classNames database.DatabaseImplementationTest
java_class_path (initial): C:\Users\ACK\git\HV-1\HV-1\target\test-classes;C:\Users\ACK\git\HV-1\HV-1\target\classes;C:\Users\ACK\.p2\pool\plugins\junit-jupiter-api_5.9.0.jar;C:\Users\ACK\.p2\pool\plugins\junit-jupiter-engine_5.9.0.jar;C:\Users\ACK\.p2\pool\plugins\junit-jupiter-migrationsupport_5.9.0.jar;C:\Users\ACK\.p2\pool\plugins\junit-jupiter-params_5.9.0.jar;C:\Users\ACK\.p2\pool\plugins\junit-platform-commons_1.9.0.jar;C:\Users\ACK\.p2\pool\plugins\junit-platform-engine_1.9.0.jar;C:\Users\ACK\.p2\pool\plugins\junit-platform-launcher_1.9.0.jar;C:\Users\ACK\.p2\pool\plugins\junit-platform-runner_1.9.0.jar;C:\Users\ACK\.p2\pool\plugins\junit-platform-suite-api_1.9.0.jar;C:\Users\ACK\.p2\pool\plugins\junit-platform-suite-engine_1.9.0.jar;C:\Users\ACK\.p2\pool\plugins\junit-platform-suite-commons_1.9.0.jar;C:\Users\ACK\.p2\pool\plugins\junit-vintage-engine_5.9.0.jar;C:\Users\ACK\.p2\pool\plugins\org.opentest4j_1.2.0.jar;C:\Users\ACK\.p2\pool\plugins\org.apiguardian.api_1.1.2.jar;C:\Users\ACK\.p2\pool\plugins\org.junit_4.13.2.v20211018-1956.jar;C:\Users\ACK\.p2\pool\plugins\org.hamcrest.core_1.3.0.v20180420-1519.jar;C:\Users\ACK\git\HV_AllProjects\HV-0\target\classes;C:\Users\ACK\.m2\repository\org\projectlombok\lombok\1.18.24\lombok-1.18.24.jar;C:\Users\ACK\.m2\repository\org\mariadb\jdbc\mariadb-java-client\3.1.1\mariadb-java-client-3.1.1.jar;C:\Users\ACK\.m2\repository\com\github\waffle\waffle-jna\3.2.0\waffle-jna-3.2.0.jar;C:\Users\ACK\.m2\repository\net\java\dev\jna\jna\5.12.1\jna-5.12.1.jar;C:\Users\ACK\.m2\repository\net\java\dev\jna\jna-platform\5.12.1\jna-platform-5.12.1.jar;C:\Users\ACK\.m2\repository\org\slf4j\jcl-over-slf4j\1.7.36\jcl-over-slf4j-1.7.36.jar;C:\Users\ACK\.m2\repository\org\checkerframework\checker-qual\3.23.0\checker-qual-3.23.0.jar;C:\Users\ACK\.m2\repository\org\jdbi\jdbi3-core\3.36.0\jdbi3-core-3.36.0.jar;C:\Users\ACK\.m2\repository\org\slf4j\slf4j-api\1.7.36\slf4j-api-1.7.36.jar;C:\Users\ACK\.m2\repository\io\leangen\geantyref\geant
Launcher Type: SUN_STANDARD

[Global flags]
     intx CICompilerCount                          = 3                                         {product} {ergonomic}
     uint ConcGCThreads                            = 1                                         {product} {ergonomic}
     uint G1ConcRefinementThreads                  = 4                                         {product} {ergonomic}
   size_t G1HeapRegionSize                         = 2097152                                   {product} {ergonomic}
    uintx GCDrainStackTargetSize                   = 64                                        {product} {ergonomic}
   size_t InitialHeapSize                          = 251658240                                 {product} {ergonomic}
   size_t MarkStackSize                            = 4194304                                   {product} {ergonomic}
   size_t MaxHeapSize                              = 4026531840                                {product} {ergonomic}
   size_t MaxNewSize                               = 2415919104                                {product} {ergonomic}
   size_t MinHeapDeltaBytes                        = 2097152                                   {product} {ergonomic}
   size_t MinHeapSize                              = 8388608                                   {product} {ergonomic}
    uintx NonNMethodCodeHeapSize                   = 5832780                                {pd product} {ergonomic}
    uintx NonProfiledCodeHeapSize                  = 122912730                              {pd product} {ergonomic}
    uintx ProfiledCodeHeapSize                     = 122912730                              {pd product} {ergonomic}
    uintx ReservedCodeCacheSize                    = 251658240                              {pd product} {ergonomic}
     bool SegmentedCodeCache                       = true                                      {product} {ergonomic}
     bool ShowCodeDetailsInExceptionMessages       = true                                   {manageable} {command line}
   size_t SoftMaxHeapSize                          = 4026531840                             {manageable} {ergonomic}
     bool UseCompressedClassPointers               = true                           {product lp64_product} {ergonomic}
     bool UseCompressedOops                        = true                           {product lp64_product} {ergonomic}
     bool UseG1GC                                  = true                                      {product} {ergonomic}
     bool UseLargePagesIndividualAllocation        = false                                  {pd product} {ergonomic}

Logging:
Log output configuration:
 #0: stdout all=warning uptime,level,tags
 #1: stderr all=off uptime,level,tags

Environment Variables:
PATH=C:/Users/ACK/.p2/pool/plugins/org.eclipse.justj.openjdk.hotspot.jre.full.win32.x86_64_17.0.4.v20221004-1257/jre/bin/server;C:/Users/ACK/.p2/pool/plugins/org.eclipse.justj.openjdk.hotspot.jre.full.win32.x86_64_17.0.4.v20221004-1257/jre/bin;C:\Program Files (x86)\Common Files\Oracle\Java\javapath;C:\Windows\system32;C:\Windows;C:\Windows\System32\Wbem;C:\Windows\System32\WindowsPowerShell\v1.0\;C:\Windows\System32\OpenSSH\;C:\Program Files (x86)\Bitvise SSH Client;C:\Program Files\Git\cmd;C:\Users\ACK\AppData\Local\Microsoft\WindowsApps;C:\Users\ACK\AppData\Local\Programs\MiKTeX\miktex\bin\x64\;C:\Users\ACK\AppData\Local\GitHubDesktop\bin;C:\Windows\system32;
USERNAME=ack
OS=Windows_NT
PROCESSOR_IDENTIFIER=Intel64 Family 6 Model 106 Stepping 6, GenuineIntel
TMP=C:\Users\ACK\AppData\Local\Temp
TEMP=C:\Users\ACK\AppData\Local\Temp



---------------  S Y S T E M  ---------------

OS:
 Windows 10 , 64 bit Build 19041 (10.0.19041.3031)
OS uptime: 6 days 7:28 hours
Hyper-V role detected

CPU: total 4 (initial active 4) (2 cores per cpu, 2 threads per core) family 6 model 106 stepping 6 microcode 0xffffffff, cx8, cmov, fxsr, ht, mmx, 3dnowpref, sse, sse2, sse3, ssse3, sse4.1, sse4.2, popcnt, lzcnt, tsc, avx, avx2, aes, erms, clmul, bmi1, bmi2, rtm, adx, avx512f, avx512dq, avx512cd, avx512bw, avx512vl, sha, fma, vzeroupper, avx512_vpopcntdq, avx512_vpclmulqdq, avx512_vaes, avx512_vnni, clflush, clflushopt, clwb, avx512_vbmi2, avx512_vbmi, hv

Memory: 4k page, system-wide physical 15358M (3635M free)
TotalPageFile size 15458M (AvailPageFile size 5M)
current process WorkingSet (physical memory assigned to process): 44M, peak: 44M
current process commit charge ("private bytes"): 319M, peak: 319M

vm_info: OpenJDK 64-Bit Server VM (17.0.4.1+1) for windows-amd64 JRE (17.0.4.1+1), built on Aug 17 2022 07:42:43 by "temurin" with MS VC++ 16.7 (VS2019)

END.
