#
# There is insufficient memory for the Java Runtime Environment to continue.
# Native memory allocation (malloc) failed to allocate 732256 bytes for Chunk::new
# Possible reasons:
#   The system is out of physical RAM or swap space
#   The process is running with CompressedOops enabled, and the Java Heap may be blocking the growth of the native heap
# Possible solutions:
#   Reduce memory load on the system
#   Increase physical memory or swap space
#   Check if swap backing store is full
#   Decrease Java heap size (-Xmx/-Xms)
#   Decrease number of Java threads
#   Decrease Java thread stack sizes (-Xss)
#   Set larger code cache with -XX:ReservedCodeCacheSize=
#   JVM is running with Zero Based Compressed Oops mode in which the Java heap is
#     placed in the first 32GB address space. The Java Heap base address is the
#     maximum limit for the native heap growth. Please use -XX:HeapBaseMinAddress
#     to set the Java Heap base and to place the Java Heap above 32GB virtual address.
# This output file may be truncated or incomplete.
#
#  Out of Memory Error (arena.cpp:189), pid=13824, tid=10016
#
# JRE version: OpenJDK Runtime Environment Temurin-17.0.4.1+1 (17.0.4.1+1) (build 17.0.4.1+1)
# Java VM: OpenJDK 64-Bit Server VM Temurin-17.0.4.1+1 (17.0.4.1+1, mixed mode, tiered, compressed oops, compressed class ptrs, g1 gc, windows-amd64)
# No core dump will be written. Minidumps are not enabled by default on client versions of Windows
#

---------------  S U M M A R Y ------------

Command Line: -javaagent:C:\Users\ACK\eclipse\java-2022-09\eclipse\configuration\org.eclipse.osgi\401\0\.cp\jacocoagent.jar=includes=*,excludes=Main:main,exclclassloader=sun.reflect.DelegatingClassLoader,output=tcpclient,port=60518 -ea -Dfile.encoding=UTF-8 -XX:+ShowCodeDetailsInExceptionMessages org.eclipse.jdt.internal.junit.runner.RemoteTestRunner -version 3 -port 60519 -testLoaderClass org.eclipse.jdt.internal.junit5.runner.JUnit5TestLoader -loaderpluginname org.eclipse.jdt.junit5.runtime -packageNameFile C:\Users\ACK\AppData\Local\Temp\packageNames9993011796571414182.txt

Host: Intel(R) Xeon(R) Gold 6338 CPU @ 2.00GHz, 4 cores, 14G,  Windows 10 , 64 bit Build 19041 (10.0.19041.3031)
Time: Thu Aug 17 17:26:49 2023 Mitteleuropäische Sommerzeit elapsed time: 1.271859 seconds (0d 0h 0m 1s)

---------------  T H R E A D  ---------------

Current thread (0x000002457fbc4f00):  JavaThread "C2 CompilerThread0" daemon [_thread_in_native, id=10016, stack(0x00000062da300000,0x00000062da400000)]


Current CompileTask:
C2:   1271 1133       4       org.jacoco.agent.rt.internal_b6258fc.asm.commons.AnalyzerAdapter::execute (2009 bytes)

Stack: [0x00000062da300000,0x00000062da400000]
Native frames: (J=compiled Java code, j=interpreted, Vv=VM code, C=native code)
V  [jvm.dll+0x67731a]
V  [jvm.dll+0x832284]
V  [jvm.dll+0x833a2e]
V  [jvm.dll+0x834093]
V  [jvm.dll+0x245775]
V  [jvm.dll+0xabd7b]
V  [jvm.dll+0xac30c]
V  [jvm.dll+0x2ac80f]
V  [jvm.dll+0x57dd77]
V  [jvm.dll+0x220892]
V  [jvm.dll+0x21a182]
V  [jvm.dll+0x21799b]
V  [jvm.dll+0x1a3f8d]
V  [jvm.dll+0x227498]
V  [jvm.dll+0x2255e5]
V  [jvm.dll+0x7e7e9b]
V  [jvm.dll+0x7e240a]
V  [jvm.dll+0x6761a5]
C  [ucrtbase.dll+0x21bb2]
C  [KERNEL32.DLL+0x17614]
C  [ntdll.dll+0x526f1]


---------------  P R O C E S S  ---------------

Threads class SMR info:
_java_thread_list=0x0000024512f714c0, length=15, elements={
0x00000245711cb2c0, 0x000002457fb783e0, 0x000002457fb92010, 0x000002457fbc06b0,
0x000002457fbc0f70, 0x000002457fbc1920, 0x000002457fbc32e0, 0x000002457fbc4f00,
0x000002457fbc9de0, 0x000002457fbe4ed0, 0x000002457fd25ea0, 0x000002457ff76430,
0x000002457fd27b80, 0x000002457fd28050, 0x000002457fd26370
}

Java Threads: ( => current thread )
  0x00000245711cb2c0 JavaThread "main" [_thread_in_vm, id=4436, stack(0x00000062d9500000,0x00000062d9600000)]
  0x000002457fb783e0 JavaThread "Reference Handler" daemon [_thread_blocked, id=11564, stack(0x00000062d9c00000,0x00000062d9d00000)]
  0x000002457fb92010 JavaThread "Finalizer" daemon [_thread_blocked, id=5400, stack(0x00000062d9d00000,0x00000062d9e00000)]
  0x000002457fbc06b0 JavaThread "Signal Dispatcher" daemon [_thread_blocked, id=14304, stack(0x00000062d9f00000,0x00000062da000000)]
  0x000002457fbc0f70 JavaThread "Attach Listener" daemon [_thread_blocked, id=10900, stack(0x00000062da000000,0x00000062da100000)]
  0x000002457fbc1920 JavaThread "Service Thread" daemon [_thread_blocked, id=6284, stack(0x00000062da100000,0x00000062da200000)]
  0x000002457fbc32e0 JavaThread "Monitor Deflation Thread" daemon [_thread_blocked, id=14236, stack(0x00000062da200000,0x00000062da300000)]
=>0x000002457fbc4f00 JavaThread "C2 CompilerThread0" daemon [_thread_in_native, id=10016, stack(0x00000062da300000,0x00000062da400000)]
  0x000002457fbc9de0 JavaThread "C1 CompilerThread0" daemon [_thread_blocked, id=5616, stack(0x00000062da400000,0x00000062da500000)]
  0x000002457fbe4ed0 JavaThread "Sweeper thread" daemon [_thread_blocked, id=13236, stack(0x00000062da500000,0x00000062da600000)]
  0x000002457fd25ea0 JavaThread "Common-Cleaner" daemon [_thread_blocked, id=13904, stack(0x00000062da600000,0x00000062da700000)]
  0x000002457ff76430 JavaThread "C2 CompilerThread1" daemon [_thread_in_native, id=12612, stack(0x00000062da700000,0x00000062da800000)]
  0x000002457fd27b80 JavaThread "org.jacoco.agent.rt.internal_b6258fc.output.TcpClientOutput" daemon [_thread_in_native, id=13248, stack(0x00000062da800000,0x00000062da900000)]
  0x000002457fd28050 JavaThread "Notification Thread" daemon [_thread_blocked, id=13928, stack(0x00000062da900000,0x00000062daa00000)]
  0x000002457fd26370 JavaThread "ReaderThread" [_thread_in_native, id=13848, stack(0x00000062dae00000,0x00000062daf00000)]

Other Threads:
  0x000002457fb173e0 VMThread "VM Thread" [stack: 0x00000062d9b00000,0x00000062d9c00000] [id=7000]
  0x0000024511bf8510 WatcherThread [stack: 0x00000062daa00000,0x00000062dab00000] [id=13464]
  0x00000245712330c0 GCTaskThread "GC Thread#0" [stack: 0x00000062d9600000,0x00000062d9700000] [id=5808]
  0x0000024511d1d730 GCTaskThread "GC Thread#1" [stack: 0x00000062dab00000,0x00000062dac00000] [id=6148]
  0x00000245711cc080 GCTaskThread "GC Thread#2" [stack: 0x00000062dac00000,0x00000062dad00000] [id=13764]
  0x0000024511c3a910 GCTaskThread "GC Thread#3" [stack: 0x00000062dad00000,0x00000062dae00000] [id=12364]
  0x0000024571244f20 ConcurrentGCThread "G1 Main Marker" [stack: 0x00000062d9700000,0x00000062d9800000] [id=6312]
  0x0000024571246110 ConcurrentGCThread "G1 Conc#0" [stack: 0x00000062d9800000,0x00000062d9900000] [id=9344]
  0x000002457129d8e0 ConcurrentGCThread "G1 Refine#0" [stack: 0x00000062d9900000,0x00000062d9a00000] [id=1160]
  0x000002457129eae0 ConcurrentGCThread "G1 Service" [stack: 0x00000062d9a00000,0x00000062d9b00000] [id=10464]

Threads with active compile tasks:
C2 CompilerThread0     1314 1133       4       org.jacoco.agent.rt.internal_b6258fc.asm.commons.AnalyzerAdapter::execute (2009 bytes)
C2 CompilerThread1     1314 1209       4       org.jacoco.agent.rt.internal_b6258fc.asm.ClassReader::readCode (5109 bytes)

VM state: not at safepoint (normal execution)

VM Mutex/Monitor currently owned by a thread: None

Heap address: 0x0000000710000000, size: 3840 MB, Compressed Oops mode: Zero based, Oop shift amount: 3

CDS archive(s) not mapped
Compressed class space mapped at: 0x0000000800000000-0x0000000840000000, reserved size: 1073741824
Narrow klass base: 0x0000000800000000, Narrow klass shift: 0, Narrow klass range: 0x40000000

GC Precious Log:
 CPUs: 4 total, 4 available
 Memory: 15358M
 Large Page Support: Disabled
 NUMA Support: Disabled
 Compressed Oops: Enabled (Zero based)
 Heap Region Size: 2M
 Heap Min Capacity: 8M
 Heap Initial Capacity: 240M
 Heap Max Capacity: 3840M
 Pre-touch: Disabled
 Parallel Workers: 4
 Concurrent Workers: 1
 Concurrent Refinement Workers: 4
 Periodic GC: Disabled

Heap:
 garbage-first heap   total 245760K, used 6441K [0x0000000710000000, 0x0000000800000000)
  region size 2048K, 3 young (6144K), 1 survivors (2048K)
 Metaspace       used 12673K, committed 12800K, reserved 1064960K
  class space    used 1171K, committed 1216K, reserved 1048576K

Heap Regions: E=young(eden), S=young(survivor), O=old, HS=humongous(starts), HC=humongous(continues), CS=collection set, F=free, OA=open archive, CA=closed archive, TAMS=top-at-mark-start (previous, next)
|   0|0x0000000710000000, 0x0000000710200000, 0x0000000710200000|100%| O|  |TAMS 0x0000000710000000, 0x0000000710000000| Untracked 
|   1|0x0000000710200000, 0x00000007103cb600, 0x0000000710400000| 89%| O|  |TAMS 0x0000000710200000, 0x0000000710200000| Untracked 
|   2|0x0000000710400000, 0x0000000710400000, 0x0000000710600000|  0%| F|  |TAMS 0x0000000710400000, 0x0000000710400000| Untracked 
|   3|0x0000000710600000, 0x0000000710600000, 0x0000000710800000|  0%| F|  |TAMS 0x0000000710600000, 0x0000000710600000| Untracked 
|   4|0x0000000710800000, 0x0000000710800000, 0x0000000710a00000|  0%| F|  |TAMS 0x0000000710800000, 0x0000000710800000| Untracked 
|   5|0x0000000710a00000, 0x0000000710a00000, 0x0000000710c00000|  0%| F|  |TAMS 0x0000000710a00000, 0x0000000710a00000| Untracked 
|   6|0x0000000710c00000, 0x0000000710c00000, 0x0000000710e00000|  0%| F|  |TAMS 0x0000000710c00000, 0x0000000710c00000| Untracked 
|   7|0x0000000710e00000, 0x0000000710e00000, 0x0000000711000000|  0%| F|  |TAMS 0x0000000710e00000, 0x0000000710e00000| Untracked 
|   8|0x0000000711000000, 0x0000000711000000, 0x0000000711200000|  0%| F|  |TAMS 0x0000000711000000, 0x0000000711000000| Untracked 
|   9|0x0000000711200000, 0x0000000711200000, 0x0000000711400000|  0%| F|  |TAMS 0x0000000711200000, 0x0000000711200000| Untracked 
|  10|0x0000000711400000, 0x0000000711400000, 0x0000000711600000|  0%| F|  |TAMS 0x0000000711400000, 0x0000000711400000| Untracked 
|  11|0x0000000711600000, 0x0000000711600000, 0x0000000711800000|  0%| F|  |TAMS 0x0000000711600000, 0x0000000711600000| Untracked 
|  12|0x0000000711800000, 0x0000000711800000, 0x0000000711a00000|  0%| F|  |TAMS 0x0000000711800000, 0x0000000711800000| Untracked 
|  13|0x0000000711a00000, 0x0000000711a00000, 0x0000000711c00000|  0%| F|  |TAMS 0x0000000711a00000, 0x0000000711a00000| Untracked 
|  14|0x0000000711c00000, 0x0000000711c00000, 0x0000000711e00000|  0%| F|  |TAMS 0x0000000711c00000, 0x0000000711c00000| Untracked 
|  15|0x0000000711e00000, 0x0000000711e00000, 0x0000000712000000|  0%| F|  |TAMS 0x0000000711e00000, 0x0000000711e00000| Untracked 
|  16|0x0000000712000000, 0x0000000712000000, 0x0000000712200000|  0%| F|  |TAMS 0x0000000712000000, 0x0000000712000000| Untracked 
|  17|0x0000000712200000, 0x0000000712200000, 0x0000000712400000|  0%| F|  |TAMS 0x0000000712200000, 0x0000000712200000| Untracked 
|  18|0x0000000712400000, 0x0000000712400000, 0x0000000712600000|  0%| F|  |TAMS 0x0000000712400000, 0x0000000712400000| Untracked 
|  19|0x0000000712600000, 0x0000000712600000, 0x0000000712800000|  0%| F|  |TAMS 0x0000000712600000, 0x0000000712600000| Untracked 
|  20|0x0000000712800000, 0x0000000712800000, 0x0000000712a00000|  0%| F|  |TAMS 0x0000000712800000, 0x0000000712800000| Untracked 
|  21|0x0000000712a00000, 0x0000000712a00000, 0x0000000712c00000|  0%| F|  |TAMS 0x0000000712a00000, 0x0000000712a00000| Untracked 
|  22|0x0000000712c00000, 0x0000000712c00000, 0x0000000712e00000|  0%| F|  |TAMS 0x0000000712c00000, 0x0000000712c00000| Untracked 
|  23|0x0000000712e00000, 0x0000000712e00000, 0x0000000713000000|  0%| F|  |TAMS 0x0000000712e00000, 0x0000000712e00000| Untracked 
|  24|0x0000000713000000, 0x0000000713000000, 0x0000000713200000|  0%| F|  |TAMS 0x0000000713000000, 0x0000000713000000| Untracked 
|  25|0x0000000713200000, 0x0000000713200000, 0x0000000713400000|  0%| F|  |TAMS 0x0000000713200000, 0x0000000713200000| Untracked 
|  26|0x0000000713400000, 0x0000000713400000, 0x0000000713600000|  0%| F|  |TAMS 0x0000000713400000, 0x0000000713400000| Untracked 
|  27|0x0000000713600000, 0x0000000713600000, 0x0000000713800000|  0%| F|  |TAMS 0x0000000713600000, 0x0000000713600000| Untracked 
|  28|0x0000000713800000, 0x0000000713800000, 0x0000000713a00000|  0%| F|  |TAMS 0x0000000713800000, 0x0000000713800000| Untracked 
|  29|0x0000000713a00000, 0x0000000713a00000, 0x0000000713c00000|  0%| F|  |TAMS 0x0000000713a00000, 0x0000000713a00000| Untracked 
|  30|0x0000000713c00000, 0x0000000713c00000, 0x0000000713e00000|  0%| F|  |TAMS 0x0000000713c00000, 0x0000000713c00000| Untracked 
|  31|0x0000000713e00000, 0x0000000713e00000, 0x0000000714000000|  0%| F|  |TAMS 0x0000000713e00000, 0x0000000713e00000| Untracked 
|  32|0x0000000714000000, 0x0000000714000000, 0x0000000714200000|  0%| F|  |TAMS 0x0000000714000000, 0x0000000714000000| Untracked 
|  33|0x0000000714200000, 0x0000000714200000, 0x0000000714400000|  0%| F|  |TAMS 0x0000000714200000, 0x0000000714200000| Untracked 
|  34|0x0000000714400000, 0x0000000714400000, 0x0000000714600000|  0%| F|  |TAMS 0x0000000714400000, 0x0000000714400000| Untracked 
|  35|0x0000000714600000, 0x0000000714600000, 0x0000000714800000|  0%| F|  |TAMS 0x0000000714600000, 0x0000000714600000| Untracked 
|  36|0x0000000714800000, 0x0000000714800000, 0x0000000714a00000|  0%| F|  |TAMS 0x0000000714800000, 0x0000000714800000| Untracked 
|  37|0x0000000714a00000, 0x0000000714a00000, 0x0000000714c00000|  0%| F|  |TAMS 0x0000000714a00000, 0x0000000714a00000| Untracked 
|  38|0x0000000714c00000, 0x0000000714c00000, 0x0000000714e00000|  0%| F|  |TAMS 0x0000000714c00000, 0x0000000714c00000| Untracked 
|  39|0x0000000714e00000, 0x0000000714e00000, 0x0000000715000000|  0%| F|  |TAMS 0x0000000714e00000, 0x0000000714e00000| Untracked 
|  40|0x0000000715000000, 0x0000000715000000, 0x0000000715200000|  0%| F|  |TAMS 0x0000000715000000, 0x0000000715000000| Untracked 
|  41|0x0000000715200000, 0x0000000715200000, 0x0000000715400000|  0%| F|  |TAMS 0x0000000715200000, 0x0000000715200000| Untracked 
|  42|0x0000000715400000, 0x0000000715400000, 0x0000000715600000|  0%| F|  |TAMS 0x0000000715400000, 0x0000000715400000| Untracked 
|  43|0x0000000715600000, 0x0000000715600000, 0x0000000715800000|  0%| F|  |TAMS 0x0000000715600000, 0x0000000715600000| Untracked 
|  44|0x0000000715800000, 0x0000000715800000, 0x0000000715a00000|  0%| F|  |TAMS 0x0000000715800000, 0x0000000715800000| Untracked 
|  45|0x0000000715a00000, 0x0000000715a00000, 0x0000000715c00000|  0%| F|  |TAMS 0x0000000715a00000, 0x0000000715a00000| Untracked 
|  46|0x0000000715c00000, 0x0000000715c00000, 0x0000000715e00000|  0%| F|  |TAMS 0x0000000715c00000, 0x0000000715c00000| Untracked 
|  47|0x0000000715e00000, 0x0000000715e00000, 0x0000000716000000|  0%| F|  |TAMS 0x0000000715e00000, 0x0000000715e00000| Untracked 
|  48|0x0000000716000000, 0x0000000716000000, 0x0000000716200000|  0%| F|  |TAMS 0x0000000716000000, 0x0000000716000000| Untracked 
|  49|0x0000000716200000, 0x0000000716200000, 0x0000000716400000|  0%| F|  |TAMS 0x0000000716200000, 0x0000000716200000| Untracked 
|  50|0x0000000716400000, 0x0000000716400000, 0x0000000716600000|  0%| F|  |TAMS 0x0000000716400000, 0x0000000716400000| Untracked 
|  51|0x0000000716600000, 0x0000000716600000, 0x0000000716800000|  0%| F|  |TAMS 0x0000000716600000, 0x0000000716600000| Untracked 
|  52|0x0000000716800000, 0x0000000716800000, 0x0000000716a00000|  0%| F|  |TAMS 0x0000000716800000, 0x0000000716800000| Untracked 
|  53|0x0000000716a00000, 0x0000000716a00000, 0x0000000716c00000|  0%| F|  |TAMS 0x0000000716a00000, 0x0000000716a00000| Untracked 
|  54|0x0000000716c00000, 0x0000000716c00000, 0x0000000716e00000|  0%| F|  |TAMS 0x0000000716c00000, 0x0000000716c00000| Untracked 
|  55|0x0000000716e00000, 0x0000000716e00000, 0x0000000717000000|  0%| F|  |TAMS 0x0000000716e00000, 0x0000000716e00000| Untracked 
|  56|0x0000000717000000, 0x0000000717000000, 0x0000000717200000|  0%| F|  |TAMS 0x0000000717000000, 0x0000000717000000| Untracked 
|  57|0x0000000717200000, 0x0000000717200000, 0x0000000717400000|  0%| F|  |TAMS 0x0000000717200000, 0x0000000717200000| Untracked 
|  58|0x0000000717400000, 0x0000000717400000, 0x0000000717600000|  0%| F|  |TAMS 0x0000000717400000, 0x0000000717400000| Untracked 
|  59|0x0000000717600000, 0x0000000717600000, 0x0000000717800000|  0%| F|  |TAMS 0x0000000717600000, 0x0000000717600000| Untracked 
|  60|0x0000000717800000, 0x0000000717800000, 0x0000000717a00000|  0%| F|  |TAMS 0x0000000717800000, 0x0000000717800000| Untracked 
|  61|0x0000000717a00000, 0x0000000717a00000, 0x0000000717c00000|  0%| F|  |TAMS 0x0000000717a00000, 0x0000000717a00000| Untracked 
|  62|0x0000000717c00000, 0x0000000717c00000, 0x0000000717e00000|  0%| F|  |TAMS 0x0000000717c00000, 0x0000000717c00000| Untracked 
|  63|0x0000000717e00000, 0x0000000717e00000, 0x0000000718000000|  0%| F|  |TAMS 0x0000000717e00000, 0x0000000717e00000| Untracked 
|  64|0x0000000718000000, 0x0000000718000000, 0x0000000718200000|  0%| F|  |TAMS 0x0000000718000000, 0x0000000718000000| Untracked 
|  65|0x0000000718200000, 0x0000000718200000, 0x0000000718400000|  0%| F|  |TAMS 0x0000000718200000, 0x0000000718200000| Untracked 
|  66|0x0000000718400000, 0x0000000718400000, 0x0000000718600000|  0%| F|  |TAMS 0x0000000718400000, 0x0000000718400000| Untracked 
|  67|0x0000000718600000, 0x0000000718600000, 0x0000000718800000|  0%| F|  |TAMS 0x0000000718600000, 0x0000000718600000| Untracked 
|  68|0x0000000718800000, 0x0000000718800000, 0x0000000718a00000|  0%| F|  |TAMS 0x0000000718800000, 0x0000000718800000| Untracked 
|  69|0x0000000718a00000, 0x0000000718a00000, 0x0000000718c00000|  0%| F|  |TAMS 0x0000000718a00000, 0x0000000718a00000| Untracked 
|  70|0x0000000718c00000, 0x0000000718c00000, 0x0000000718e00000|  0%| F|  |TAMS 0x0000000718c00000, 0x0000000718c00000| Untracked 
|  71|0x0000000718e00000, 0x0000000718e00000, 0x0000000719000000|  0%| F|  |TAMS 0x0000000718e00000, 0x0000000718e00000| Untracked 
|  72|0x0000000719000000, 0x0000000719000000, 0x0000000719200000|  0%| F|  |TAMS 0x0000000719000000, 0x0000000719000000| Untracked 
|  73|0x0000000719200000, 0x0000000719200000, 0x0000000719400000|  0%| F|  |TAMS 0x0000000719200000, 0x0000000719200000| Untracked 
|  74|0x0000000719400000, 0x0000000719400000, 0x0000000719600000|  0%| F|  |TAMS 0x0000000719400000, 0x0000000719400000| Untracked 
|  75|0x0000000719600000, 0x0000000719600000, 0x0000000719800000|  0%| F|  |TAMS 0x0000000719600000, 0x0000000719600000| Untracked 
|  76|0x0000000719800000, 0x0000000719800000, 0x0000000719a00000|  0%| F|  |TAMS 0x0000000719800000, 0x0000000719800000| Untracked 
|  77|0x0000000719a00000, 0x0000000719a00000, 0x0000000719c00000|  0%| F|  |TAMS 0x0000000719a00000, 0x0000000719a00000| Untracked 
|  78|0x0000000719c00000, 0x0000000719c00000, 0x0000000719e00000|  0%| F|  |TAMS 0x0000000719c00000, 0x0000000719c00000| Untracked 
|  79|0x0000000719e00000, 0x0000000719e00000, 0x000000071a000000|  0%| F|  |TAMS 0x0000000719e00000, 0x0000000719e00000| Untracked 
|  80|0x000000071a000000, 0x000000071a000000, 0x000000071a200000|  0%| F|  |TAMS 0x000000071a000000, 0x000000071a000000| Untracked 
|  81|0x000000071a200000, 0x000000071a200000, 0x000000071a400000|  0%| F|  |TAMS 0x000000071a200000, 0x000000071a200000| Untracked 
|  82|0x000000071a400000, 0x000000071a400000, 0x000000071a600000|  0%| F|  |TAMS 0x000000071a400000, 0x000000071a400000| Untracked 
|  83|0x000000071a600000, 0x000000071a600000, 0x000000071a800000|  0%| F|  |TAMS 0x000000071a600000, 0x000000071a600000| Untracked 
|  84|0x000000071a800000, 0x000000071a800000, 0x000000071aa00000|  0%| F|  |TAMS 0x000000071a800000, 0x000000071a800000| Untracked 
|  85|0x000000071aa00000, 0x000000071aa00000, 0x000000071ac00000|  0%| F|  |TAMS 0x000000071aa00000, 0x000000071aa00000| Untracked 
|  86|0x000000071ac00000, 0x000000071ac00000, 0x000000071ae00000|  0%| F|  |TAMS 0x000000071ac00000, 0x000000071ac00000| Untracked 
|  87|0x000000071ae00000, 0x000000071ae00000, 0x000000071b000000|  0%| F|  |TAMS 0x000000071ae00000, 0x000000071ae00000| Untracked 
|  88|0x000000071b000000, 0x000000071b000000, 0x000000071b200000|  0%| F|  |TAMS 0x000000071b000000, 0x000000071b000000| Untracked 
|  89|0x000000071b200000, 0x000000071b200000, 0x000000071b400000|  0%| F|  |TAMS 0x000000071b200000, 0x000000071b200000| Untracked 
|  90|0x000000071b400000, 0x000000071b400000, 0x000000071b600000|  0%| F|  |TAMS 0x000000071b400000, 0x000000071b400000| Untracked 
|  91|0x000000071b600000, 0x000000071b600000, 0x000000071b800000|  0%| F|  |TAMS 0x000000071b600000, 0x000000071b600000| Untracked 
|  92|0x000000071b800000, 0x000000071b800000, 0x000000071ba00000|  0%| F|  |TAMS 0x000000071b800000, 0x000000071b800000| Untracked 
|  93|0x000000071ba00000, 0x000000071ba00000, 0x000000071bc00000|  0%| F|  |TAMS 0x000000071ba00000, 0x000000071ba00000| Untracked 
|  94|0x000000071bc00000, 0x000000071bc00000, 0x000000071be00000|  0%| F|  |TAMS 0x000000071bc00000, 0x000000071bc00000| Untracked 
|  95|0x000000071be00000, 0x000000071be00000, 0x000000071c000000|  0%| F|  |TAMS 0x000000071be00000, 0x000000071be00000| Untracked 
|  96|0x000000071c000000, 0x000000071c000000, 0x000000071c200000|  0%| F|  |TAMS 0x000000071c000000, 0x000000071c000000| Untracked 
|  97|0x000000071c200000, 0x000000071c200000, 0x000000071c400000|  0%| F|  |TAMS 0x000000071c200000, 0x000000071c200000| Untracked 
|  98|0x000000071c400000, 0x000000071c400000, 0x000000071c600000|  0%| F|  |TAMS 0x000000071c400000, 0x000000071c400000| Untracked 
|  99|0x000000071c600000, 0x000000071c600000, 0x000000071c800000|  0%| F|  |TAMS 0x000000071c600000, 0x000000071c600000| Untracked 
| 100|0x000000071c800000, 0x000000071c800000, 0x000000071ca00000|  0%| F|  |TAMS 0x000000071c800000, 0x000000071c800000| Untracked 
| 101|0x000000071ca00000, 0x000000071ca00000, 0x000000071cc00000|  0%| F|  |TAMS 0x000000071ca00000, 0x000000071ca00000| Untracked 
| 102|0x000000071cc00000, 0x000000071cc00000, 0x000000071ce00000|  0%| F|  |TAMS 0x000000071cc00000, 0x000000071cc00000| Untracked 
| 103|0x000000071ce00000, 0x000000071ce00000, 0x000000071d000000|  0%| F|  |TAMS 0x000000071ce00000, 0x000000071ce00000| Untracked 
| 104|0x000000071d000000, 0x000000071d000000, 0x000000071d200000|  0%| F|  |TAMS 0x000000071d000000, 0x000000071d000000| Untracked 
| 105|0x000000071d200000, 0x000000071d200000, 0x000000071d400000|  0%| F|  |TAMS 0x000000071d200000, 0x000000071d200000| Untracked 
| 106|0x000000071d400000, 0x000000071d400000, 0x000000071d600000|  0%| F|  |TAMS 0x000000071d400000, 0x000000071d400000| Untracked 
| 107|0x000000071d600000, 0x000000071d600000, 0x000000071d800000|  0%| F|  |TAMS 0x000000071d600000, 0x000000071d600000| Untracked 
| 108|0x000000071d800000, 0x000000071d800000, 0x000000071da00000|  0%| F|  |TAMS 0x000000071d800000, 0x000000071d800000| Untracked 
| 109|0x000000071da00000, 0x000000071da00000, 0x000000071dc00000|  0%| F|  |TAMS 0x000000071da00000, 0x000000071da00000| Untracked 
| 110|0x000000071dc00000, 0x000000071dc00000, 0x000000071de00000|  0%| F|  |TAMS 0x000000071dc00000, 0x000000071dc00000| Untracked 
| 111|0x000000071de00000, 0x000000071de00000, 0x000000071e000000|  0%| F|  |TAMS 0x000000071de00000, 0x000000071de00000| Untracked 
| 112|0x000000071e000000, 0x000000071e000000, 0x000000071e200000|  0%| F|  |TAMS 0x000000071e000000, 0x000000071e000000| Untracked 
| 113|0x000000071e200000, 0x000000071e200000, 0x000000071e400000|  0%| F|  |TAMS 0x000000071e200000, 0x000000071e200000| Untracked 
| 114|0x000000071e400000, 0x000000071e47f0b8, 0x000000071e600000| 24%| S|CS|TAMS 0x000000071e400000, 0x000000071e400000| Complete 
| 115|0x000000071e600000, 0x000000071e600000, 0x000000071e800000|  0%| F|  |TAMS 0x000000071e600000, 0x000000071e600000| Untracked 
| 116|0x000000071e800000, 0x000000071e800000, 0x000000071ea00000|  0%| F|  |TAMS 0x000000071e800000, 0x000000071e800000| Untracked 
| 117|0x000000071ea00000, 0x000000071ea00000, 0x000000071ec00000|  0%| F|  |TAMS 0x000000071ea00000, 0x000000071ea00000| Untracked 
| 118|0x000000071ec00000, 0x000000071ec8c038, 0x000000071ee00000| 27%| E|  |TAMS 0x000000071ec00000, 0x000000071ec00000| Complete 
| 119|0x000000071ee00000, 0x000000071f000000, 0x000000071f000000|100%| E|CS|TAMS 0x000000071ee00000, 0x000000071ee00000| Complete 

Card table byte_map: [0x0000024576df0000,0x0000024577570000] _byte_map_base: 0x0000024573570000

Marking Bits (Prev, Next): (CMBitMap*) 0x00000245712345e0, (CMBitMap*) 0x0000024571234620
 Prev Bits: [0x0000024577cf0000, 0x000002457b8f0000)
 Next Bits: [0x000002457b8f0000, 0x000002457f4f0000)

Polling page: 0x0000024570fb0000

Metaspace:

Usage:
  Non-class:     11.23 MB used.
      Class:      1.14 MB used.
       Both:     12.38 MB used.

Virtual space:
  Non-class space:       16.00 MB reserved,      11.31 MB ( 71%) committed,  2 nodes.
      Class space:        1.00 GB reserved,       1.19 MB ( <1%) committed,  1 nodes.
             Both:        1.02 GB reserved,      12.50 MB (  1%) committed. 

Chunk freelists:
   Non-Class:  80.00 KB
       Class:  2.64 MB
        Both:  2.72 MB

MaxMetaspaceSize: unlimited
CompressedClassSpaceSize: 1.00 GB
Initial GC threshold: 21.00 MB
Current GC threshold: 21.00 MB
CDS: off
MetaspaceReclaimPolicy: balanced
 - commit_granule_bytes: 65536.
 - commit_granule_words: 8192.
 - virtual_space_node_default_size: 1048576.
 - enlarge_chunks_in_place: 1.
 - new_chunks_are_fully_committed: 0.
 - uncommit_free_chunks: 1.
 - use_allocation_guard: 0.
 - handle_deallocations: 1.


Internal statistics:

num_allocs_failed_limit: 0.
num_arena_births: 26.
num_arena_deaths: 0.
num_vsnodes_births: 3.
num_vsnodes_deaths: 0.
num_space_committed: 200.
num_space_uncommitted: 0.
num_chunks_returned_to_freelist: 0.
num_chunks_taken_from_freelist: 138.
num_chunk_merges: 0.
num_chunk_splits: 70.
num_chunks_enlarged: 51.
num_purges: 0.
num_inconsistent_stats: 0.

CodeHeap 'non-profiled nmethods': size=120000Kb used=404Kb max_used=404Kb free=119595Kb
 bounds [0x0000024507ad0000, 0x0000024507d40000, 0x000002450f000000]
CodeHeap 'profiled nmethods': size=120000Kb used=2558Kb max_used=2558Kb free=117442Kb
 bounds [0x00000245005a0000, 0x0000024500820000, 0x0000024507ad0000]
CodeHeap 'non-nmethods': size=5760Kb used=1156Kb max_used=1185Kb free=4603Kb
 bounds [0x0000024500000000, 0x0000024500270000, 0x00000245005a0000]
 total_blobs=1643 nmethods=1211 adapters=345
 compilation: enabled
              stopped_count=0, restarted_count=0
 full_count=0

Compilation events (20 events):
Event: 1.254 Thread 0x000002457ff76430 nmethod 1195 0x0000024507b33b90 code [0x0000024507b33d20, 0x0000024507b33ee8]
Event: 1.254 Thread 0x000002457ff76430 1199       4       java.util.regex.Pattern$$Lambda$15/0x000000080009ea18::is (5 bytes)
Event: 1.254 Thread 0x000002457ff76430 nmethod 1199 0x0000024507b34090 code [0x0000024507b34200, 0x0000024507b342d8]
Event: 1.257 Thread 0x000002457fbc9de0 1201       3       java.util.Properties::getProperty (50 bytes)
Event: 1.257 Thread 0x000002457fbc9de0 nmethod 1201 0x0000024500816890 code [0x0000024500816a60, 0x0000024500816f78]
Event: 1.258 Thread 0x000002457fbc9de0 1202       3       org.jacoco.agent.rt.internal_b6258fc.asm.tree.InvokeDynamicInsnNode::accept (26 bytes)
Event: 1.258 Thread 0x000002457fbc9de0 nmethod 1202 0x0000024500817090 code [0x0000024500817240, 0x0000024500817478]
Event: 1.259 Thread 0x000002457fbc9de0 1203       1       java.util.logging.LogManager$LoggerContext::getOwner (5 bytes)
Event: 1.259 Thread 0x000002457fbc9de0 nmethod 1203 0x0000024507b34410 code [0x0000024507b345a0, 0x0000024507b34678]
Event: 1.259 Thread 0x000002457fbc9de0 1204       3       org.jacoco.agent.rt.internal_b6258fc.asm.ClassReader::<init> (371 bytes)
Event: 1.261 Thread 0x000002457fbc9de0 nmethod 1204 0x0000024500817590 code [0x0000024500817880, 0x0000024500818c78]
Event: 1.261 Thread 0x000002457fbc9de0 1205       3       org.jacoco.agent.rt.internal_b6258fc.asm.SymbolTable::<init> (536 bytes)
Event: 1.263 Thread 0x000002457ff76430 1207       4       org.jacoco.agent.rt.internal_b6258fc.core.internal.instr.DuplicateFrameEliminator::visitVarInsn (15 bytes)
Event: 1.264 Thread 0x000002457fbc9de0 nmethod 1205 0x0000024500819210 code [0x00000245008197c0, 0x000002450081c408]
Event: 1.264 Thread 0x000002457fbc9de0 1206       3       org.jacoco.agent.rt.internal_b6258fc.asm.AnnotationWriter::visitEnd (44 bytes)
Event: 1.264 Thread 0x000002457fbc9de0 nmethod 1206 0x000002450081d510 code [0x000002450081d6a0, 0x000002450081d858]
Event: 1.264 Thread 0x000002457fbc9de0 1208       3       org.jacoco.agent.rt.internal_b6258fc.asm.MethodVisitor::visitAnnotation (19 bytes)
Event: 1.265 Thread 0x000002457fbc9de0 nmethod 1208 0x000002450081d990 code [0x000002450081db40, 0x000002450081dd88]
Event: 1.268 Thread 0x000002457ff76430 nmethod 1207 0x0000024507b34710 code [0x0000024507b348c0, 0x0000024507b34cd8]
Event: 1.268 Thread 0x000002457ff76430 1209       4       org.jacoco.agent.rt.internal_b6258fc.asm.ClassReader::readCode (5109 bytes)

GC Heap History (4 events):
Event: 0.926 GC heap before
{Heap before GC invocations=0 (full 0):
 garbage-first heap   total 245760K, used 12288K [0x0000000710000000, 0x0000000800000000)
  region size 2048K, 6 young (12288K), 0 survivors (0K)
 Metaspace       used 10847K, committed 11008K, reserved 1064960K
  class space    used 985K, committed 1088K, reserved 1048576K
}
Event: 0.933 GC heap after
{Heap after GC invocations=1 (full 0):
 garbage-first heap   total 245760K, used 3816K [0x0000000710000000, 0x0000000800000000)
  region size 2048K, 1 young (2048K), 1 survivors (2048K)
 Metaspace       used 10847K, committed 11008K, reserved 1064960K
  class space    used 985K, committed 1088K, reserved 1048576K
}
Event: 1.219 GC heap before
{Heap before GC invocations=1 (full 0):
 garbage-first heap   total 245760K, used 14056K [0x0000000710000000, 0x0000000800000000)
  region size 2048K, 6 young (12288K), 1 survivors (2048K)
 Metaspace       used 12372K, committed 12544K, reserved 1064960K
  class space    used 1139K, committed 1216K, reserved 1048576K
}
Event: 1.223 GC heap after
{Heap after GC invocations=2 (full 0):
 garbage-first heap   total 245760K, used 4393K [0x0000000710000000, 0x0000000800000000)
  region size 2048K, 1 young (2048K), 1 survivors (2048K)
 Metaspace       used 12372K, committed 12544K, reserved 1064960K
  class space    used 1139K, committed 1216K, reserved 1048576K
}

Deoptimization events (20 events):
Event: 1.053 Thread 0x00000245711cb2c0 Uncommon trap: trap_request=0xffffff45 fr.pc=0x0000024507b196a4 relative=0x00000000000011a4
Event: 1.053 Thread 0x00000245711cb2c0 Uncommon trap: reason=unstable_if action=reinterpret pc=0x0000024507b196a4 method=java.io.WinNTFileSystem.normalize(Ljava/lang/String;)Ljava/lang/String; @ 40 c2
Event: 1.053 Thread 0x00000245711cb2c0 DEOPT PACKING pc=0x0000024507b196a4 sp=0x00000062d95fe170
Event: 1.053 Thread 0x00000245711cb2c0 DEOPT UNPACKING pc=0x0000024500055c23 sp=0x00000062d95fe158 mode 2
Event: 1.053 Thread 0x00000245711cb2c0 Uncommon trap: trap_request=0xffffff45 fr.pc=0x0000024507ae7a64 relative=0x0000000000000064
Event: 1.053 Thread 0x00000245711cb2c0 Uncommon trap: reason=unstable_if action=reinterpret pc=0x0000024507ae7a64 method=java.io.WinNTFileSystem.isSlash(C)Z @ 9 c2
Event: 1.053 Thread 0x00000245711cb2c0 DEOPT PACKING pc=0x0000024507ae7a64 sp=0x00000062d95fdfa0
Event: 1.053 Thread 0x00000245711cb2c0 DEOPT UNPACKING pc=0x0000024500055c23 sp=0x00000062d95fdf28 mode 2
Event: 1.054 Thread 0x00000245711cb2c0 Uncommon trap: trap_request=0xffffff45 fr.pc=0x0000024507b0ebdc relative=0x000000000000005c
Event: 1.054 Thread 0x00000245711cb2c0 Uncommon trap: reason=unstable_if action=reinterpret pc=0x0000024507b0ebdc method=java.util.jar.JarFile.checkForSpecialAttributes()V @ 4 c2
Event: 1.054 Thread 0x00000245711cb2c0 DEOPT PACKING pc=0x0000024507b0ebdc sp=0x00000062d95fe340
Event: 1.054 Thread 0x00000245711cb2c0 DEOPT UNPACKING pc=0x0000024500055c23 sp=0x00000062d95fe2a8 mode 2
Event: 1.059 Thread 0x00000245711cb2c0 DEOPT PACKING pc=0x0000024500678ac8 sp=0x00000062d95fbd30
Event: 1.059 Thread 0x00000245711cb2c0 DEOPT UNPACKING pc=0x0000024500056763 sp=0x00000062d95fb248 mode 0
Event: 1.070 Thread 0x00000245711cb2c0 DEOPT PACKING pc=0x000002450074c636 sp=0x00000062d95fbe10
Event: 1.070 Thread 0x00000245711cb2c0 DEOPT UNPACKING pc=0x0000024500056763 sp=0x00000062d95fb2c0 mode 0
Event: 1.077 Thread 0x00000245711cb2c0 DEOPT PACKING pc=0x000002450074c636 sp=0x00000062d95fa690
Event: 1.077 Thread 0x00000245711cb2c0 DEOPT UNPACKING pc=0x0000024500056763 sp=0x00000062d95f9b40 mode 0
Event: 1.133 Thread 0x00000245711cb2c0 DEOPT PACKING pc=0x000002450076e818 sp=0x00000062d95fd580
Event: 1.133 Thread 0x00000245711cb2c0 DEOPT UNPACKING pc=0x0000024500056763 sp=0x00000062d95fca88 mode 0

Classes unloaded (0 events):
No events

Classes redefined (0 events):
No events

Internal exceptions (8 events):
Event: 0.695 Thread 0x00000245711cb2c0 Exception <a 'java/lang/NoSuchMethodError'{0x000000071e97ea60}: 'java.lang.Object java.lang.invoke.DirectMethodHandle$Holder.invokeStaticInit(java.lang.Object)'> (0x000000071e97ea60) 
thrown [s\src\hotspot\share\interpreter\linkResolver.cpp, line 759]
Event: 0.704 Thread 0x00000245711cb2c0 Exception <a 'java/lang/NoSuchMethodError'{0x000000071e98bf80}: 'void java.lang.invoke.DirectMethodHandle$Holder.invokeStatic(java.lang.Object, java.lang.Object)'> (0x000000071e98bf80) 
thrown [s\src\hotspot\share\interpreter\linkResolver.cpp, line 759]
Event: 0.735 Thread 0x00000245711cb2c0 Exception <a 'java/lang/NoSuchMethodError'{0x000000071e608320}: 'void java.lang.invoke.DirectMethodHandle$Holder.invokeStatic(java.lang.Object, java.lang.Object, java.lang.Object)'> (0x000000071e608320) 
thrown [s\src\hotspot\share\interpreter\linkResolver.cpp, line 759]
Event: 0.737 Thread 0x00000245711cb2c0 Exception <a 'java/lang/NoSuchMethodError'{0x000000071e60ea10}: 'void java.lang.invoke.DirectMethodHandle$Holder.invokeStatic(java.lang.Object, java.lang.Object, java.lang.Object, java.lang.Object)'> (0x000000071e60ea10) 
thrown [s\src\hotspot\share\interpreter\linkResolver.cpp, line 759]
Event: 1.161 Thread 0x00000245711cb2c0 Exception <a 'java/lang/NoSuchMethodError'{0x000000071e993a28}: 'java.lang.Object java.lang.invoke.DirectMethodHandle$Holder.invokeVirtual(java.lang.Object, java.lang.Object, java.lang.Object)'> (0x000000071e993a28) 
thrown [s\src\hotspot\share\interpreter\linkResolver.cpp, line 759]
Event: 1.198 Thread 0x00000245711cb2c0 Exception <a 'java/lang/NoSuchMethodError'{0x000000071e6ec368}: 'void java.lang.invoke.DirectMethodHandle$Holder.invokeSpecial(java.lang.Object, java.lang.Object, java.lang.Object)'> (0x000000071e6ec368) 
thrown [s\src\hotspot\share\interpreter\linkResolver.cpp, line 759]
Event: 1.231 Thread 0x00000245711cb2c0 Exception <a 'java/lang/NoSuchMethodError'{0x000000071ee4ce50}: 'int java.lang.invoke.DirectMethodHandle$Holder.invokeVirtual(java.lang.Object, java.lang.Object)'> (0x000000071ee4ce50) 
thrown [s\src\hotspot\share\interpreter\linkResolver.cpp, line 759]
Event: 1.242 Thread 0x00000245711cb2c0 Exception <a 'java/lang/NoSuchMethodError'{0x000000071eed4738}: 'java.lang.Object java.lang.invoke.DirectMethodHandle$Holder.invokeStaticInit(java.lang.Object, int)'> (0x000000071eed4738) 
thrown [s\src\hotspot\share\interpreter\linkResolver.cpp, line 759]

VM Operations (16 events):
Event: 0.295 Executing VM operation: HandshakeAllThreads
Event: 0.296 Executing VM operation: HandshakeAllThreads done
Event: 0.503 Executing VM operation: HandshakeAllThreads
Event: 0.503 Executing VM operation: HandshakeAllThreads done
Event: 0.663 Executing VM operation: HandshakeAllThreads
Event: 0.663 Executing VM operation: HandshakeAllThreads done
Event: 0.710 Executing VM operation: HandshakeAllThreads
Event: 0.710 Executing VM operation: HandshakeAllThreads done
Event: 0.926 Executing VM operation: G1CollectForAllocation
Event: 0.933 Executing VM operation: G1CollectForAllocation done
Event: 1.053 Executing VM operation: HandshakeAllThreads
Event: 1.053 Executing VM operation: HandshakeAllThreads done
Event: 1.053 Executing VM operation: HandshakeAllThreads
Event: 1.053 Executing VM operation: HandshakeAllThreads done
Event: 1.219 Executing VM operation: G1CollectForAllocation
Event: 1.223 Executing VM operation: G1CollectForAllocation done

Events (20 events):
Event: 1.239 loading class java/util/Locale$Category
Event: 1.240 loading class java/util/Locale$Category done
Event: 1.240 loading class java/util/Formatter$Conversion
Event: 1.240 loading class java/util/Formatter$Conversion done
Event: 1.240 loading class java/util/Formatter$FormatSpecifier
Event: 1.240 loading class java/util/Formatter$FormatString
Event: 1.240 loading class java/util/Formatter$FormatString done
Event: 1.241 loading class java/util/Formatter$FormatSpecifier done
Event: 1.241 loading class java/util/Formatter$Flags
Event: 1.241 loading class java/util/Formatter$Flags done
Event: 1.241 loading class java/util/Formatter$FixedString
Event: 1.241 loading class java/util/Formatter$FixedString done
Event: 1.241 loading class java/util/Formattable
Event: 1.241 loading class java/util/Formattable done
Event: 1.242 loading class java/lang/Character$CharacterCache
Event: 1.242 loading class java/lang/Character$CharacterCache done
Event: 1.243 loading class java/net/URLEncoder
Event: 1.244 loading class java/net/URLEncoder done
Event: 1.244 loading class java/io/CharArrayWriter
Event: 1.244 loading class java/io/CharArrayWriter done


Dynamic libraries:
0x00007ff7aeab0000 - 0x00007ff7aeabe000 	C:\Users\ACK\.p2\pool\plugins\org.eclipse.justj.openjdk.hotspot.jre.full.win32.x86_64_17.0.4.v20221004-1257\jre\bin\javaw.exe
0x00007ffd3e670000 - 0x00007ffd3e868000 	C:\Windows\SYSTEM32\ntdll.dll
0x00007ffd3e130000 - 0x00007ffd3e1ef000 	C:\Windows\System32\KERNEL32.DLL
0x00007ffd3c040000 - 0x00007ffd3c336000 	C:\Windows\System32\KERNELBASE.dll
0x00007ffd3c540000 - 0x00007ffd3c640000 	C:\Windows\System32\ucrtbase.dll
0x00007ffd23b00000 - 0x00007ffd23b18000 	C:\Users\ACK\.p2\pool\plugins\org.eclipse.justj.openjdk.hotspot.jre.full.win32.x86_64_17.0.4.v20221004-1257\jre\bin\jli.dll
0x00007ffd3c6d0000 - 0x00007ffd3c86d000 	C:\Windows\System32\USER32.dll
0x00007ffd3bdd0000 - 0x00007ffd3bdf2000 	C:\Windows\System32\win32u.dll
0x00007ffd3ca90000 - 0x00007ffd3cabc000 	C:\Windows\System32\GDI32.dll
0x00007ffd3beb0000 - 0x00007ffd3bfc5000 	C:\Windows\System32\gdi32full.dll
0x00007ffd3c340000 - 0x00007ffd3c3dd000 	C:\Windows\System32\msvcp_win.dll
0x00007ffd2b470000 - 0x00007ffd2b489000 	C:\Users\ACK\.p2\pool\plugins\org.eclipse.justj.openjdk.hotspot.jre.full.win32.x86_64_17.0.4.v20221004-1257\jre\bin\VCRUNTIME140.dll
0x00007ffd25410000 - 0x00007ffd256aa000 	C:\Windows\WinSxS\amd64_microsoft.windows.common-controls_6595b64144ccf1df_6.0.19041.1110_none_60b5254171f9507e\COMCTL32.dll
0x00007ffd3d710000 - 0x00007ffd3d7ae000 	C:\Windows\System32\msvcrt.dll
0x00007ffd3e1f0000 - 0x00007ffd3e220000 	C:\Windows\System32\IMM32.DLL
0x00007ffd2a830000 - 0x00007ffd2a83c000 	C:\Users\ACK\.p2\pool\plugins\org.eclipse.justj.openjdk.hotspot.jre.full.win32.x86_64_17.0.4.v20221004-1257\jre\bin\vcruntime140_1.dll
0x00007ffd1ff10000 - 0x00007ffd1ffa1000 	C:\Users\ACK\.p2\pool\plugins\org.eclipse.justj.openjdk.hotspot.jre.full.win32.x86_64_17.0.4.v20221004-1257\jre\bin\msvcp140.dll
0x00007ffd0b220000 - 0x00007ffd0be66000 	C:\Users\ACK\.p2\pool\plugins\org.eclipse.justj.openjdk.hotspot.jre.full.win32.x86_64_17.0.4.v20221004-1257\jre\bin\server\jvm.dll
0x00007ffd3e570000 - 0x00007ffd3e61f000 	C:\Windows\System32\ADVAPI32.dll
0x00007ffd3d670000 - 0x00007ffd3d70c000 	C:\Windows\System32\sechost.dll
0x00007ffd3d7d0000 - 0x00007ffd3d8f6000 	C:\Windows\System32\RPCRT4.dll
0x00007ffd3e620000 - 0x00007ffd3e628000 	C:\Windows\System32\PSAPI.DLL
0x00007ffd25130000 - 0x00007ffd25139000 	C:\Windows\SYSTEM32\WSOCK32.dll
0x00007ffd3d600000 - 0x00007ffd3d66b000 	C:\Windows\System32\WS2_32.dll
0x00007ffd213f0000 - 0x00007ffd21417000 	C:\Windows\SYSTEM32\WINMM.dll
0x00007ffd34670000 - 0x00007ffd3467a000 	C:\Windows\SYSTEM32\VERSION.dll
0x00007ffd39a00000 - 0x00007ffd39a12000 	C:\Windows\SYSTEM32\kernel.appcore.dll
0x00007ffd250a0000 - 0x00007ffd250aa000 	C:\Users\ACK\.p2\pool\plugins\org.eclipse.justj.openjdk.hotspot.jre.full.win32.x86_64_17.0.4.v20221004-1257\jre\bin\jimage.dll
0x00007ffd2c210000 - 0x00007ffd2c3f4000 	C:\Windows\SYSTEM32\DBGHELP.DLL
0x00007ffd2c1b0000 - 0x00007ffd2c1e4000 	C:\Windows\SYSTEM32\dbgcore.DLL
0x00007ffd3c640000 - 0x00007ffd3c6c2000 	C:\Windows\System32\bcryptPrimitives.dll
0x00007ffd25030000 - 0x00007ffd2503e000 	C:\Users\ACK\.p2\pool\plugins\org.eclipse.justj.openjdk.hotspot.jre.full.win32.x86_64_17.0.4.v20221004-1257\jre\bin\instrument.dll
0x00007ffd20620000 - 0x00007ffd20645000 	C:\Users\ACK\.p2\pool\plugins\org.eclipse.justj.openjdk.hotspot.jre.full.win32.x86_64_17.0.4.v20221004-1257\jre\bin\java.dll
0x00007ffd20600000 - 0x00007ffd20618000 	C:\Users\ACK\.p2\pool\plugins\org.eclipse.justj.openjdk.hotspot.jre.full.win32.x86_64_17.0.4.v20221004-1257\jre\bin\zip.dll
0x00007ffd3d9e0000 - 0x00007ffd3e124000 	C:\Windows\System32\SHELL32.dll
0x00007ffd39c00000 - 0x00007ffd3a393000 	C:\Windows\SYSTEM32\windows.storage.dll
0x00007ffd3d2a0000 - 0x00007ffd3d5f4000 	C:\Windows\System32\combase.dll
0x00007ffd3b5e0000 - 0x00007ffd3b60e000 	C:\Windows\SYSTEM32\Wldp.dll
0x00007ffd3cac0000 - 0x00007ffd3cb6d000 	C:\Windows\System32\SHCORE.dll
0x00007ffd3ca30000 - 0x00007ffd3ca85000 	C:\Windows\System32\shlwapi.dll
0x00007ffd3bc90000 - 0x00007ffd3bcaf000 	C:\Windows\SYSTEM32\profapi.dll
0x00007ffd205e0000 - 0x00007ffd205f9000 	C:\Users\ACK\.p2\pool\plugins\org.eclipse.justj.openjdk.hotspot.jre.full.win32.x86_64_17.0.4.v20221004-1257\jre\bin\net.dll
0x00007ffd35260000 - 0x00007ffd3536a000 	C:\Windows\SYSTEM32\WINHTTP.dll
0x00007ffd3b3c0000 - 0x00007ffd3b42a000 	C:\Windows\system32\mswsock.dll
0x00007ffd205c0000 - 0x00007ffd205d5000 	C:\Users\ACK\.p2\pool\plugins\org.eclipse.justj.openjdk.hotspot.jre.full.win32.x86_64_17.0.4.v20221004-1257\jre\bin\nio.dll
0x00007ffd25020000 - 0x00007ffd25030000 	C:\Users\ACK\.p2\pool\plugins\org.eclipse.justj.openjdk.hotspot.jre.full.win32.x86_64_17.0.4.v20221004-1257\jre\bin\verify.dll
0x00007ffd30ff0000 - 0x00007ffd31007000 	C:\Windows\system32\napinsp.dll
0x00007ffd31010000 - 0x00007ffd3102b000 	C:\Windows\system32\pnrpnsp.dll
0x00007ffd31030000 - 0x00007ffd31045000 	C:\Windows\system32\wshbth.dll
0x00007ffd38660000 - 0x00007ffd3867d000 	C:\Windows\system32\NLAapi.dll
0x00007ffd3b0d0000 - 0x00007ffd3b10c000 	C:\Windows\SYSTEM32\IPHLPAPI.DLL
0x00007ffd3b110000 - 0x00007ffd3b1da000 	C:\Windows\SYSTEM32\DNSAPI.dll
0x00007ffd3d7b0000 - 0x00007ffd3d7b8000 	C:\Windows\System32\NSI.dll
0x00007ffd32150000 - 0x00007ffd32162000 	C:\Windows\System32\winrnr.dll
0x00007ffd35420000 - 0x00007ffd3542a000 	C:\Windows\System32\rasadhlp.dll
0x00007ffd36ea0000 - 0x00007ffd36f22000 	C:\Windows\System32\fwpuclnt.dll
0x00007ffd3bd50000 - 0x00007ffd3bd77000 	C:\Windows\System32\bcrypt.dll
0x00007ffd36a00000 - 0x00007ffd36a17000 	C:\Windows\SYSTEM32\dhcpcsvc6.DLL
0x00007ffd369e0000 - 0x00007ffd369fd000 	C:\Windows\SYSTEM32\dhcpcsvc.DLL

dbghelp: loaded successfully - version: 4.0.5 - missing functions: none
symbol engine: initialized successfully - sym options: 0x614 - pdb path: .;C:\Users\ACK\.p2\pool\plugins\org.eclipse.justj.openjdk.hotspot.jre.full.win32.x86_64_17.0.4.v20221004-1257\jre\bin;C:\Windows\SYSTEM32;C:\Windows\WinSxS\amd64_microsoft.windows.common-controls_6595b64144ccf1df_6.0.19041.1110_none_60b5254171f9507e;C:\Users\ACK\.p2\pool\plugins\org.eclipse.justj.openjdk.hotspot.jre.full.win32.x86_64_17.0.4.v20221004-1257\jre\bin\server

VM Arguments:
jvm_args: -javaagent:C:\Users\ACK\eclipse\java-2022-09\eclipse\configuration\org.eclipse.osgi\401\0\.cp\jacocoagent.jar=includes=*,excludes=Main:main,exclclassloader=sun.reflect.DelegatingClassLoader,output=tcpclient,port=60518 -ea -Dfile.encoding=UTF-8 -XX:+ShowCodeDetailsInExceptionMessages 
java_command: org.eclipse.jdt.internal.junit.runner.RemoteTestRunner -version 3 -port 60519 -testLoaderClass org.eclipse.jdt.internal.junit5.runner.JUnit5TestLoader -loaderpluginname org.eclipse.jdt.junit5.runtime -packageNameFile C:\Users\ACK\AppData\Local\Temp\packageNames9993011796571414182.txt
java_class_path (initial): C:\Users\ACK\git\HV-1\HV-1\target\test-classes;C:\Users\ACK\git\HV-1\HV-1\target\classes;C:\Users\ACK\.p2\pool\plugins\junit-jupiter-api_5.9.0.jar;C:\Users\ACK\.p2\pool\plugins\junit-jupiter-engine_5.9.0.jar;C:\Users\ACK\.p2\pool\plugins\junit-jupiter-migrationsupport_5.9.0.jar;C:\Users\ACK\.p2\pool\plugins\junit-jupiter-params_5.9.0.jar;C:\Users\ACK\.p2\pool\plugins\junit-platform-commons_1.9.0.jar;C:\Users\ACK\.p2\pool\plugins\junit-platform-engine_1.9.0.jar;C:\Users\ACK\.p2\pool\plugins\junit-platform-launcher_1.9.0.jar;C:\Users\ACK\.p2\pool\plugins\junit-platform-runner_1.9.0.jar;C:\Users\ACK\.p2\pool\plugins\junit-platform-suite-api_1.9.0.jar;C:\Users\ACK\.p2\pool\plugins\junit-platform-suite-engine_1.9.0.jar;C:\Users\ACK\.p2\pool\plugins\junit-platform-suite-commons_1.9.0.jar;C:\Users\ACK\.p2\pool\plugins\junit-vintage-engine_5.9.0.jar;C:\Users\ACK\.p2\pool\plugins\org.opentest4j_1.2.0.jar;C:\Users\ACK\.p2\pool\plugins\org.apiguardian.api_1.1.2.jar;C:\Users\ACK\.p2\pool\plugins\org.junit_4.13.2.v20211018-1956.jar;C:\Users\ACK\.p2\pool\plugins\org.hamcrest.core_1.3.0.v20180420-1519.jar;C:\Users\ACK\git\HV_AllProjects\HV-0\target\classes;C:\Users\ACK\.m2\repository\org\projectlombok\lombok\1.18.24\lombok-1.18.24.jar;C:\Users\ACK\.m2\repository\org\mariadb\jdbc\mariadb-java-client\3.1.1\mariadb-java-client-3.1.1.jar;C:\Users\ACK\.m2\repository\com\github\waffle\waffle-jna\3.2.0\waffle-jna-3.2.0.jar;C:\Users\ACK\.m2\repository\net\java\dev\jna\jna\5.12.1\jna-5.12.1.jar;C:\Users\ACK\.m2\repository\net\java\dev\jna\jna-platform\5.12.1\jna-platform-5.12.1.jar;C:\Users\ACK\.m2\repository\org\slf4j\jcl-over-slf4j\1.7.36\jcl-over-slf4j-1.7.36.jar;C:\Users\ACK\.m2\repository\org\checkerframework\checker-qual\3.23.0\checker-qual-3.23.0.jar;C:\Users\ACK\.m2\repository\org\jdbi\jdbi3-core\3.36.0\jdbi3-core-3.36.0.jar;C:\Users\ACK\.m2\repository\org\slf4j\slf4j-api\1.7.36\slf4j-api-1.7.36.jar;C:\Users\ACK\.m2\repository\io\leangen\geantyref\geant
Launcher Type: SUN_STANDARD

[Global flags]
     intx CICompilerCount                          = 3                                         {product} {ergonomic}
     uint ConcGCThreads                            = 1                                         {product} {ergonomic}
     uint G1ConcRefinementThreads                  = 4                                         {product} {ergonomic}
   size_t G1HeapRegionSize                         = 2097152                                   {product} {ergonomic}
    uintx GCDrainStackTargetSize                   = 64                                        {product} {ergonomic}
   size_t InitialHeapSize                          = 251658240                                 {product} {ergonomic}
   size_t MarkStackSize                            = 4194304                                   {product} {ergonomic}
   size_t MaxHeapSize                              = 4026531840                                {product} {ergonomic}
   size_t MaxNewSize                               = 2415919104                                {product} {ergonomic}
   size_t MinHeapDeltaBytes                        = 2097152                                   {product} {ergonomic}
   size_t MinHeapSize                              = 8388608                                   {product} {ergonomic}
    uintx NonNMethodCodeHeapSize                   = 5832780                                {pd product} {ergonomic}
    uintx NonProfiledCodeHeapSize                  = 122912730                              {pd product} {ergonomic}
    uintx ProfiledCodeHeapSize                     = 122912730                              {pd product} {ergonomic}
    uintx ReservedCodeCacheSize                    = 251658240                              {pd product} {ergonomic}
     bool SegmentedCodeCache                       = true                                      {product} {ergonomic}
     bool ShowCodeDetailsInExceptionMessages       = true                                   {manageable} {command line}
   size_t SoftMaxHeapSize                          = 4026531840                             {manageable} {ergonomic}
     bool UseCompressedClassPointers               = true                           {product lp64_product} {ergonomic}
     bool UseCompressedOops                        = true                           {product lp64_product} {ergonomic}
     bool UseG1GC                                  = true                                      {product} {ergonomic}
     bool UseLargePagesIndividualAllocation        = false                                  {pd product} {ergonomic}

Logging:
Log output configuration:
 #0: stdout all=warning uptime,level,tags
 #1: stderr all=off uptime,level,tags

Environment Variables:
PATH=C:/Users/ACK/.p2/pool/plugins/org.eclipse.justj.openjdk.hotspot.jre.full.win32.x86_64_17.0.4.v20221004-1257/jre/bin/server;C:/Users/ACK/.p2/pool/plugins/org.eclipse.justj.openjdk.hotspot.jre.full.win32.x86_64_17.0.4.v20221004-1257/jre/bin;C:\Program Files (x86)\Common Files\Oracle\Java\javapath;C:\Windows\system32;C:\Windows;C:\Windows\System32\Wbem;C:\Windows\System32\WindowsPowerShell\v1.0\;C:\Windows\System32\OpenSSH\;C:\Program Files (x86)\Bitvise SSH Client;C:\Program Files\Git\cmd;C:\Users\ACK\AppData\Local\Microsoft\WindowsApps;C:\Users\ACK\AppData\Local\Programs\MiKTeX\miktex\bin\x64\;C:\Users\ACK\AppData\Local\GitHubDesktop\bin;C:\Windows\system32;
USERNAME=ack
OS=Windows_NT
PROCESSOR_IDENTIFIER=Intel64 Family 6 Model 106 Stepping 6, GenuineIntel
TMP=C:\Users\ACK\AppData\Local\Temp
TEMP=C:\Users\ACK\AppData\Local\Temp



---------------  S Y S T E M  ---------------

OS:
 Windows 10 , 64 bit Build 19041 (10.0.19041.3031)
OS uptime: 6 days 7:28 hours
Hyper-V role detected

CPU: total 4 (initial active 4) (2 cores per cpu, 2 threads per core) family 6 model 106 stepping 6 microcode 0xffffffff, cx8, cmov, fxsr, ht, mmx, 3dnowpref, sse, sse2, sse3, ssse3, sse4.1, sse4.2, popcnt, lzcnt, tsc, avx, avx2, aes, erms, clmul, bmi1, bmi2, rtm, adx, avx512f, avx512dq, avx512cd, avx512bw, avx512vl, sha, fma, vzeroupper, avx512_vpopcntdq, avx512_vpclmulqdq, avx512_vaes, avx512_vnni, clflush, clflushopt, clwb, avx512_vbmi2, avx512_vbmi, hv

Memory: 4k page, system-wide physical 15358M (3621M free)
TotalPageFile size 15458M (AvailPageFile size 3M)
current process WorkingSet (physical memory assigned to process): 78M, peak: 78M
current process commit charge ("private bytes"): 335M, peak: 335M

vm_info: OpenJDK 64-Bit Server VM (17.0.4.1+1) for windows-amd64 JRE (17.0.4.1+1), built on Aug 17 2022 07:42:43 by "temurin" with MS VC++ 16.7 (VS2019)

END.
