#
# There is insufficient memory for the Java Runtime Environment to continue.
# Native memory allocation (malloc) failed to allocate 76576 bytes for Chunk::new
# Possible reasons:
#   The system is out of physical RAM or swap space
#   The process is running with CompressedOops enabled, and the Java Heap may be blocking the growth of the native heap
# Possible solutions:
#   Reduce memory load on the system
#   Increase physical memory or swap space
#   Check if swap backing store is full
#   Decrease Java heap size (-Xmx/-Xms)
#   Decrease number of Java threads
#   Decrease Java thread stack sizes (-Xss)
#   Set larger code cache with -XX:ReservedCodeCacheSize=
#   JVM is running with Zero Based Compressed Oops mode in which the Java heap is
#     placed in the first 32GB address space. The Java Heap base address is the
#     maximum limit for the native heap growth. Please use -XX:HeapBaseMinAddress
#     to set the Java Heap base and to place the Java Heap above 32GB virtual address.
# This output file may be truncated or incomplete.
#
#  Out of Memory Error (arena.cpp:189), pid=8288, tid=11044
#
# JRE version: OpenJDK Runtime Environment Temurin-17.0.4.1+1 (17.0.4.1+1) (build 17.0.4.1+1)
# Java VM: OpenJDK 64-Bit Server VM Temurin-17.0.4.1+1 (17.0.4.1+1, mixed mode, tiered, compressed oops, compressed class ptrs, g1 gc, windows-amd64)
# No core dump will be written. Minidumps are not enabled by default on client versions of Windows
#

---------------  S U M M A R Y ------------

Command Line: -ea -Dfile.encoding=UTF-8 -XX:+ShowCodeDetailsInExceptionMessages org.eclipse.jdt.internal.junit.runner.RemoteTestRunner -version 3 -port 60531 -testLoaderClass org.eclipse.jdt.internal.junit5.runner.JUnit5TestLoader -loaderpluginname org.eclipse.jdt.junit5.runtime -classNames database.DatabaseImplementationTest

Host: Intel(R) Xeon(R) Gold 6338 CPU @ 2.00GHz, 4 cores, 14G,  Windows 10 , 64 bit Build 19041 (10.0.19041.3031)
Time: Thu Aug 17 17:27:28 2023 Mitteleuropäische Sommerzeit elapsed time: 0.718816 seconds (0d 0h 0m 0s)

---------------  T H R E A D  ---------------

Current thread (0x000001c0d844ab40):  JavaThread "C2 CompilerThread0" daemon [_thread_in_native, id=11044, stack(0x0000005958800000,0x0000005958900000)]


Current CompileTask:
C2:    718  530 %     4       java.lang.StringUTF16::compress @ 3 (50 bytes)

Stack: [0x0000005958800000,0x0000005958900000]
Native frames: (J=compiled Java code, j=interpreted, Vv=VM code, C=native code)
V  [jvm.dll+0x67731a]
V  [jvm.dll+0x832284]
V  [jvm.dll+0x833a2e]
V  [jvm.dll+0x834093]
V  [jvm.dll+0x245775]
V  [jvm.dll+0xabd7b]
V  [jvm.dll+0xac30c]
V  [jvm.dll+0x363a97]
V  [jvm.dll+0x32e011]
V  [jvm.dll+0x32d4ba]
V  [jvm.dll+0x218681]
V  [jvm.dll+0x217aa1]
V  [jvm.dll+0x1a3f8d]
V  [jvm.dll+0x227498]
V  [jvm.dll+0x2255e5]
V  [jvm.dll+0x7e7e9b]
V  [jvm.dll+0x7e240a]
V  [jvm.dll+0x6761a5]
C  [ucrtbase.dll+0x21bb2]
C  [KERNEL32.DLL+0x17614]
C  [ntdll.dll+0x526f1]


---------------  P R O C E S S  ---------------

Threads class SMR info:
_java_thread_list=0x000001c0d8b41910, length=14, elements={
0x000001c0b9e5a240, 0x000001c0d78c23d0, 0x000001c0d8412010, 0x000001c0d8435d30,
0x000001c0d84365f0, 0x000001c0d8447ee0, 0x000001c0d84487a0, 0x000001c0d844ab40,
0x000001c0d844fb10, 0x000001c0d848da90, 0x000001c0d85baac0, 0x000001c0d85dce00,
0x000001c0d8a74a70, 0x000001c0d8c355a0
}

Java Threads: ( => current thread )
  0x000001c0b9e5a240 JavaThread "main" [_thread_in_vm, id=11472, stack(0x0000005957a00000,0x0000005957b00000)]
  0x000001c0d78c23d0 JavaThread "Reference Handler" daemon [_thread_blocked, id=14080, stack(0x0000005958200000,0x0000005958300000)]
  0x000001c0d8412010 JavaThread "Finalizer" daemon [_thread_blocked, id=13472, stack(0x0000005958300000,0x0000005958400000)]
  0x000001c0d8435d30 JavaThread "Signal Dispatcher" daemon [_thread_blocked, id=14308, stack(0x0000005958400000,0x0000005958500000)]
  0x000001c0d84365f0 JavaThread "Attach Listener" daemon [_thread_blocked, id=12888, stack(0x0000005958500000,0x0000005958600000)]
  0x000001c0d8447ee0 JavaThread "Service Thread" daemon [_thread_blocked, id=7020, stack(0x0000005958600000,0x0000005958700000)]
  0x000001c0d84487a0 JavaThread "Monitor Deflation Thread" daemon [_thread_blocked, id=13324, stack(0x0000005958700000,0x0000005958800000)]
=>0x000001c0d844ab40 JavaThread "C2 CompilerThread0" daemon [_thread_in_native, id=11044, stack(0x0000005958800000,0x0000005958900000)]
  0x000001c0d844fb10 JavaThread "C1 CompilerThread0" daemon [_thread_blocked, id=11400, stack(0x0000005958900000,0x0000005958a00000)]
  0x000001c0d848da90 JavaThread "Sweeper thread" daemon [_thread_blocked, id=11444, stack(0x0000005958a00000,0x0000005958b00000)]
  0x000001c0d85baac0 JavaThread "Notification Thread" daemon [_thread_blocked, id=3024, stack(0x0000005958b00000,0x0000005958c00000)]
  0x000001c0d85dce00 JavaThread "Common-Cleaner" daemon [_thread_blocked, id=13392, stack(0x0000005958d00000,0x0000005958e00000)]
  0x000001c0d8a74a70 JavaThread "C2 CompilerThread1" daemon [_thread_blocked, id=9408, stack(0x0000005958e00000,0x0000005958f00000)]
  0x000001c0d8c355a0 JavaThread "ReaderThread" [_thread_in_native, id=11172, stack(0x0000005958f00000,0x0000005959000000)]

Other Threads:
  0x000001c0d78a1490 VMThread "VM Thread" [stack: 0x0000005958100000,0x0000005958200000] [id=9796]
  0x000001c0d85c2fb0 WatcherThread [stack: 0x0000005958c00000,0x0000005958d00000] [id=10888]
  0x000001c0b9ec0c50 GCTaskThread "GC Thread#0" [stack: 0x0000005957c00000,0x0000005957d00000] [id=13772]
  0x000001c0b9ed19b0 ConcurrentGCThread "G1 Main Marker" [stack: 0x0000005957d00000,0x0000005957e00000] [id=6448]
  0x000001c0b9ed31e0 ConcurrentGCThread "G1 Conc#0" [stack: 0x0000005957e00000,0x0000005957f00000] [id=13900]
  0x000001c0b9f2e950 ConcurrentGCThread "G1 Refine#0" [stack: 0x0000005957f00000,0x0000005958000000] [id=12052]
  0x000001c0d77164c0 ConcurrentGCThread "G1 Service" [stack: 0x0000005958000000,0x0000005958100000] [id=9556]

Threads with active compile tasks:
C2 CompilerThread0      740  530 %     4       java.lang.StringUTF16::compress @ 3 (50 bytes)

VM state: not at safepoint (normal execution)

VM Mutex/Monitor currently owned by a thread:  ([mutex/lock_event])
[0x000001c0b7d67010] Metaspace_lock - owner thread: 0x000001c0b9e5a240

Heap address: 0x0000000710000000, size: 3840 MB, Compressed Oops mode: Zero based, Oop shift amount: 3

CDS archive(s) not mapped
Compressed class space mapped at: 0x0000000800000000-0x0000000840000000, reserved size: 1073741824
Narrow klass base: 0x0000000800000000, Narrow klass shift: 0, Narrow klass range: 0x40000000

GC Precious Log:
 CPUs: 4 total, 4 available
 Memory: 15358M
 Large Page Support: Disabled
 NUMA Support: Disabled
 Compressed Oops: Enabled (Zero based)
 Heap Region Size: 2M
 Heap Min Capacity: 8M
 Heap Initial Capacity: 240M
 Heap Max Capacity: 3840M
 Pre-touch: Disabled
 Parallel Workers: 4
 Concurrent Workers: 1
 Concurrent Refinement Workers: 4
 Periodic GC: Disabled

Heap:
 garbage-first heap   total 245760K, used 8192K [0x0000000710000000, 0x0000000800000000)
  region size 2048K, 5 young (10240K), 0 survivors (0K)
 Metaspace       used 8661K, committed 8768K, reserved 1056768K
  class space    used 789K, committed 832K, reserved 1048576K

Heap Regions: E=young(eden), S=young(survivor), O=old, HS=humongous(starts), HC=humongous(continues), CS=collection set, F=free, OA=open archive, CA=closed archive, TAMS=top-at-mark-start (previous, next)
|   0|0x0000000710000000, 0x0000000710000000, 0x0000000710200000|  0%| F|  |TAMS 0x0000000710000000, 0x0000000710000000| Untracked 
|   1|0x0000000710200000, 0x0000000710200000, 0x0000000710400000|  0%| F|  |TAMS 0x0000000710200000, 0x0000000710200000| Untracked 
|   2|0x0000000710400000, 0x0000000710400000, 0x0000000710600000|  0%| F|  |TAMS 0x0000000710400000, 0x0000000710400000| Untracked 
|   3|0x0000000710600000, 0x0000000710600000, 0x0000000710800000|  0%| F|  |TAMS 0x0000000710600000, 0x0000000710600000| Untracked 
|   4|0x0000000710800000, 0x0000000710800000, 0x0000000710a00000|  0%| F|  |TAMS 0x0000000710800000, 0x0000000710800000| Untracked 
|   5|0x0000000710a00000, 0x0000000710a00000, 0x0000000710c00000|  0%| F|  |TAMS 0x0000000710a00000, 0x0000000710a00000| Untracked 
|   6|0x0000000710c00000, 0x0000000710c00000, 0x0000000710e00000|  0%| F|  |TAMS 0x0000000710c00000, 0x0000000710c00000| Untracked 
|   7|0x0000000710e00000, 0x0000000710e00000, 0x0000000711000000|  0%| F|  |TAMS 0x0000000710e00000, 0x0000000710e00000| Untracked 
|   8|0x0000000711000000, 0x0000000711000000, 0x0000000711200000|  0%| F|  |TAMS 0x0000000711000000, 0x0000000711000000| Untracked 
|   9|0x0000000711200000, 0x0000000711200000, 0x0000000711400000|  0%| F|  |TAMS 0x0000000711200000, 0x0000000711200000| Untracked 
|  10|0x0000000711400000, 0x0000000711400000, 0x0000000711600000|  0%| F|  |TAMS 0x0000000711400000, 0x0000000711400000| Untracked 
|  11|0x0000000711600000, 0x0000000711600000, 0x0000000711800000|  0%| F|  |TAMS 0x0000000711600000, 0x0000000711600000| Untracked 
|  12|0x0000000711800000, 0x0000000711800000, 0x0000000711a00000|  0%| F|  |TAMS 0x0000000711800000, 0x0000000711800000| Untracked 
|  13|0x0000000711a00000, 0x0000000711a00000, 0x0000000711c00000|  0%| F|  |TAMS 0x0000000711a00000, 0x0000000711a00000| Untracked 
|  14|0x0000000711c00000, 0x0000000711c00000, 0x0000000711e00000|  0%| F|  |TAMS 0x0000000711c00000, 0x0000000711c00000| Untracked 
|  15|0x0000000711e00000, 0x0000000711e00000, 0x0000000712000000|  0%| F|  |TAMS 0x0000000711e00000, 0x0000000711e00000| Untracked 
|  16|0x0000000712000000, 0x0000000712000000, 0x0000000712200000|  0%| F|  |TAMS 0x0000000712000000, 0x0000000712000000| Untracked 
|  17|0x0000000712200000, 0x0000000712200000, 0x0000000712400000|  0%| F|  |TAMS 0x0000000712200000, 0x0000000712200000| Untracked 
|  18|0x0000000712400000, 0x0000000712400000, 0x0000000712600000|  0%| F|  |TAMS 0x0000000712400000, 0x0000000712400000| Untracked 
|  19|0x0000000712600000, 0x0000000712600000, 0x0000000712800000|  0%| F|  |TAMS 0x0000000712600000, 0x0000000712600000| Untracked 
|  20|0x0000000712800000, 0x0000000712800000, 0x0000000712a00000|  0%| F|  |TAMS 0x0000000712800000, 0x0000000712800000| Untracked 
|  21|0x0000000712a00000, 0x0000000712a00000, 0x0000000712c00000|  0%| F|  |TAMS 0x0000000712a00000, 0x0000000712a00000| Untracked 
|  22|0x0000000712c00000, 0x0000000712c00000, 0x0000000712e00000|  0%| F|  |TAMS 0x0000000712c00000, 0x0000000712c00000| Untracked 
|  23|0x0000000712e00000, 0x0000000712e00000, 0x0000000713000000|  0%| F|  |TAMS 0x0000000712e00000, 0x0000000712e00000| Untracked 
|  24|0x0000000713000000, 0x0000000713000000, 0x0000000713200000|  0%| F|  |TAMS 0x0000000713000000, 0x0000000713000000| Untracked 
|  25|0x0000000713200000, 0x0000000713200000, 0x0000000713400000|  0%| F|  |TAMS 0x0000000713200000, 0x0000000713200000| Untracked 
|  26|0x0000000713400000, 0x0000000713400000, 0x0000000713600000|  0%| F|  |TAMS 0x0000000713400000, 0x0000000713400000| Untracked 
|  27|0x0000000713600000, 0x0000000713600000, 0x0000000713800000|  0%| F|  |TAMS 0x0000000713600000, 0x0000000713600000| Untracked 
|  28|0x0000000713800000, 0x0000000713800000, 0x0000000713a00000|  0%| F|  |TAMS 0x0000000713800000, 0x0000000713800000| Untracked 
|  29|0x0000000713a00000, 0x0000000713a00000, 0x0000000713c00000|  0%| F|  |TAMS 0x0000000713a00000, 0x0000000713a00000| Untracked 
|  30|0x0000000713c00000, 0x0000000713c00000, 0x0000000713e00000|  0%| F|  |TAMS 0x0000000713c00000, 0x0000000713c00000| Untracked 
|  31|0x0000000713e00000, 0x0000000713e00000, 0x0000000714000000|  0%| F|  |TAMS 0x0000000713e00000, 0x0000000713e00000| Untracked 
|  32|0x0000000714000000, 0x0000000714000000, 0x0000000714200000|  0%| F|  |TAMS 0x0000000714000000, 0x0000000714000000| Untracked 
|  33|0x0000000714200000, 0x0000000714200000, 0x0000000714400000|  0%| F|  |TAMS 0x0000000714200000, 0x0000000714200000| Untracked 
|  34|0x0000000714400000, 0x0000000714400000, 0x0000000714600000|  0%| F|  |TAMS 0x0000000714400000, 0x0000000714400000| Untracked 
|  35|0x0000000714600000, 0x0000000714600000, 0x0000000714800000|  0%| F|  |TAMS 0x0000000714600000, 0x0000000714600000| Untracked 
|  36|0x0000000714800000, 0x0000000714800000, 0x0000000714a00000|  0%| F|  |TAMS 0x0000000714800000, 0x0000000714800000| Untracked 
|  37|0x0000000714a00000, 0x0000000714a00000, 0x0000000714c00000|  0%| F|  |TAMS 0x0000000714a00000, 0x0000000714a00000| Untracked 
|  38|0x0000000714c00000, 0x0000000714c00000, 0x0000000714e00000|  0%| F|  |TAMS 0x0000000714c00000, 0x0000000714c00000| Untracked 
|  39|0x0000000714e00000, 0x0000000714e00000, 0x0000000715000000|  0%| F|  |TAMS 0x0000000714e00000, 0x0000000714e00000| Untracked 
|  40|0x0000000715000000, 0x0000000715000000, 0x0000000715200000|  0%| F|  |TAMS 0x0000000715000000, 0x0000000715000000| Untracked 
|  41|0x0000000715200000, 0x0000000715200000, 0x0000000715400000|  0%| F|  |TAMS 0x0000000715200000, 0x0000000715200000| Untracked 
|  42|0x0000000715400000, 0x0000000715400000, 0x0000000715600000|  0%| F|  |TAMS 0x0000000715400000, 0x0000000715400000| Untracked 
|  43|0x0000000715600000, 0x0000000715600000, 0x0000000715800000|  0%| F|  |TAMS 0x0000000715600000, 0x0000000715600000| Untracked 
|  44|0x0000000715800000, 0x0000000715800000, 0x0000000715a00000|  0%| F|  |TAMS 0x0000000715800000, 0x0000000715800000| Untracked 
|  45|0x0000000715a00000, 0x0000000715a00000, 0x0000000715c00000|  0%| F|  |TAMS 0x0000000715a00000, 0x0000000715a00000| Untracked 
|  46|0x0000000715c00000, 0x0000000715c00000, 0x0000000715e00000|  0%| F|  |TAMS 0x0000000715c00000, 0x0000000715c00000| Untracked 
|  47|0x0000000715e00000, 0x0000000715e00000, 0x0000000716000000|  0%| F|  |TAMS 0x0000000715e00000, 0x0000000715e00000| Untracked 
|  48|0x0000000716000000, 0x0000000716000000, 0x0000000716200000|  0%| F|  |TAMS 0x0000000716000000, 0x0000000716000000| Untracked 
|  49|0x0000000716200000, 0x0000000716200000, 0x0000000716400000|  0%| F|  |TAMS 0x0000000716200000, 0x0000000716200000| Untracked 
|  50|0x0000000716400000, 0x0000000716400000, 0x0000000716600000|  0%| F|  |TAMS 0x0000000716400000, 0x0000000716400000| Untracked 
|  51|0x0000000716600000, 0x0000000716600000, 0x0000000716800000|  0%| F|  |TAMS 0x0000000716600000, 0x0000000716600000| Untracked 
|  52|0x0000000716800000, 0x0000000716800000, 0x0000000716a00000|  0%| F|  |TAMS 0x0000000716800000, 0x0000000716800000| Untracked 
|  53|0x0000000716a00000, 0x0000000716a00000, 0x0000000716c00000|  0%| F|  |TAMS 0x0000000716a00000, 0x0000000716a00000| Untracked 
|  54|0x0000000716c00000, 0x0000000716c00000, 0x0000000716e00000|  0%| F|  |TAMS 0x0000000716c00000, 0x0000000716c00000| Untracked 
|  55|0x0000000716e00000, 0x0000000716e00000, 0x0000000717000000|  0%| F|  |TAMS 0x0000000716e00000, 0x0000000716e00000| Untracked 
|  56|0x0000000717000000, 0x0000000717000000, 0x0000000717200000|  0%| F|  |TAMS 0x0000000717000000, 0x0000000717000000| Untracked 
|  57|0x0000000717200000, 0x0000000717200000, 0x0000000717400000|  0%| F|  |TAMS 0x0000000717200000, 0x0000000717200000| Untracked 
|  58|0x0000000717400000, 0x0000000717400000, 0x0000000717600000|  0%| F|  |TAMS 0x0000000717400000, 0x0000000717400000| Untracked 
|  59|0x0000000717600000, 0x0000000717600000, 0x0000000717800000|  0%| F|  |TAMS 0x0000000717600000, 0x0000000717600000| Untracked 
|  60|0x0000000717800000, 0x0000000717800000, 0x0000000717a00000|  0%| F|  |TAMS 0x0000000717800000, 0x0000000717800000| Untracked 
|  61|0x0000000717a00000, 0x0000000717a00000, 0x0000000717c00000|  0%| F|  |TAMS 0x0000000717a00000, 0x0000000717a00000| Untracked 
|  62|0x0000000717c00000, 0x0000000717c00000, 0x0000000717e00000|  0%| F|  |TAMS 0x0000000717c00000, 0x0000000717c00000| Untracked 
|  63|0x0000000717e00000, 0x0000000717e00000, 0x0000000718000000|  0%| F|  |TAMS 0x0000000717e00000, 0x0000000717e00000| Untracked 
|  64|0x0000000718000000, 0x0000000718000000, 0x0000000718200000|  0%| F|  |TAMS 0x0000000718000000, 0x0000000718000000| Untracked 
|  65|0x0000000718200000, 0x0000000718200000, 0x0000000718400000|  0%| F|  |TAMS 0x0000000718200000, 0x0000000718200000| Untracked 
|  66|0x0000000718400000, 0x0000000718400000, 0x0000000718600000|  0%| F|  |TAMS 0x0000000718400000, 0x0000000718400000| Untracked 
|  67|0x0000000718600000, 0x0000000718600000, 0x0000000718800000|  0%| F|  |TAMS 0x0000000718600000, 0x0000000718600000| Untracked 
|  68|0x0000000718800000, 0x0000000718800000, 0x0000000718a00000|  0%| F|  |TAMS 0x0000000718800000, 0x0000000718800000| Untracked 
|  69|0x0000000718a00000, 0x0000000718a00000, 0x0000000718c00000|  0%| F|  |TAMS 0x0000000718a00000, 0x0000000718a00000| Untracked 
|  70|0x0000000718c00000, 0x0000000718c00000, 0x0000000718e00000|  0%| F|  |TAMS 0x0000000718c00000, 0x0000000718c00000| Untracked 
|  71|0x0000000718e00000, 0x0000000718e00000, 0x0000000719000000|  0%| F|  |TAMS 0x0000000718e00000, 0x0000000718e00000| Untracked 
|  72|0x0000000719000000, 0x0000000719000000, 0x0000000719200000|  0%| F|  |TAMS 0x0000000719000000, 0x0000000719000000| Untracked 
|  73|0x0000000719200000, 0x0000000719200000, 0x0000000719400000|  0%| F|  |TAMS 0x0000000719200000, 0x0000000719200000| Untracked 
|  74|0x0000000719400000, 0x0000000719400000, 0x0000000719600000|  0%| F|  |TAMS 0x0000000719400000, 0x0000000719400000| Untracked 
|  75|0x0000000719600000, 0x0000000719600000, 0x0000000719800000|  0%| F|  |TAMS 0x0000000719600000, 0x0000000719600000| Untracked 
|  76|0x0000000719800000, 0x0000000719800000, 0x0000000719a00000|  0%| F|  |TAMS 0x0000000719800000, 0x0000000719800000| Untracked 
|  77|0x0000000719a00000, 0x0000000719a00000, 0x0000000719c00000|  0%| F|  |TAMS 0x0000000719a00000, 0x0000000719a00000| Untracked 
|  78|0x0000000719c00000, 0x0000000719c00000, 0x0000000719e00000|  0%| F|  |TAMS 0x0000000719c00000, 0x0000000719c00000| Untracked 
|  79|0x0000000719e00000, 0x0000000719e00000, 0x000000071a000000|  0%| F|  |TAMS 0x0000000719e00000, 0x0000000719e00000| Untracked 
|  80|0x000000071a000000, 0x000000071a000000, 0x000000071a200000|  0%| F|  |TAMS 0x000000071a000000, 0x000000071a000000| Untracked 
|  81|0x000000071a200000, 0x000000071a200000, 0x000000071a400000|  0%| F|  |TAMS 0x000000071a200000, 0x000000071a200000| Untracked 
|  82|0x000000071a400000, 0x000000071a400000, 0x000000071a600000|  0%| F|  |TAMS 0x000000071a400000, 0x000000071a400000| Untracked 
|  83|0x000000071a600000, 0x000000071a600000, 0x000000071a800000|  0%| F|  |TAMS 0x000000071a600000, 0x000000071a600000| Untracked 
|  84|0x000000071a800000, 0x000000071a800000, 0x000000071aa00000|  0%| F|  |TAMS 0x000000071a800000, 0x000000071a800000| Untracked 
|  85|0x000000071aa00000, 0x000000071aa00000, 0x000000071ac00000|  0%| F|  |TAMS 0x000000071aa00000, 0x000000071aa00000| Untracked 
|  86|0x000000071ac00000, 0x000000071ac00000, 0x000000071ae00000|  0%| F|  |TAMS 0x000000071ac00000, 0x000000071ac00000| Untracked 
|  87|0x000000071ae00000, 0x000000071ae00000, 0x000000071b000000|  0%| F|  |TAMS 0x000000071ae00000, 0x000000071ae00000| Untracked 
|  88|0x000000071b000000, 0x000000071b000000, 0x000000071b200000|  0%| F|  |TAMS 0x000000071b000000, 0x000000071b000000| Untracked 
|  89|0x000000071b200000, 0x000000071b200000, 0x000000071b400000|  0%| F|  |TAMS 0x000000071b200000, 0x000000071b200000| Untracked 
|  90|0x000000071b400000, 0x000000071b400000, 0x000000071b600000|  0%| F|  |TAMS 0x000000071b400000, 0x000000071b400000| Untracked 
|  91|0x000000071b600000, 0x000000071b600000, 0x000000071b800000|  0%| F|  |TAMS 0x000000071b600000, 0x000000071b600000| Untracked 
|  92|0x000000071b800000, 0x000000071b800000, 0x000000071ba00000|  0%| F|  |TAMS 0x000000071b800000, 0x000000071b800000| Untracked 
|  93|0x000000071ba00000, 0x000000071ba00000, 0x000000071bc00000|  0%| F|  |TAMS 0x000000071ba00000, 0x000000071ba00000| Untracked 
|  94|0x000000071bc00000, 0x000000071bc00000, 0x000000071be00000|  0%| F|  |TAMS 0x000000071bc00000, 0x000000071bc00000| Untracked 
|  95|0x000000071be00000, 0x000000071be00000, 0x000000071c000000|  0%| F|  |TAMS 0x000000071be00000, 0x000000071be00000| Untracked 
|  96|0x000000071c000000, 0x000000071c000000, 0x000000071c200000|  0%| F|  |TAMS 0x000000071c000000, 0x000000071c000000| Untracked 
|  97|0x000000071c200000, 0x000000071c200000, 0x000000071c400000|  0%| F|  |TAMS 0x000000071c200000, 0x000000071c200000| Untracked 
|  98|0x000000071c400000, 0x000000071c400000, 0x000000071c600000|  0%| F|  |TAMS 0x000000071c400000, 0x000000071c400000| Untracked 
|  99|0x000000071c600000, 0x000000071c600000, 0x000000071c800000|  0%| F|  |TAMS 0x000000071c600000, 0x000000071c600000| Untracked 
| 100|0x000000071c800000, 0x000000071c800000, 0x000000071ca00000|  0%| F|  |TAMS 0x000000071c800000, 0x000000071c800000| Untracked 
| 101|0x000000071ca00000, 0x000000071ca00000, 0x000000071cc00000|  0%| F|  |TAMS 0x000000071ca00000, 0x000000071ca00000| Untracked 
| 102|0x000000071cc00000, 0x000000071cc00000, 0x000000071ce00000|  0%| F|  |TAMS 0x000000071cc00000, 0x000000071cc00000| Untracked 
| 103|0x000000071ce00000, 0x000000071ce00000, 0x000000071d000000|  0%| F|  |TAMS 0x000000071ce00000, 0x000000071ce00000| Untracked 
| 104|0x000000071d000000, 0x000000071d000000, 0x000000071d200000|  0%| F|  |TAMS 0x000000071d000000, 0x000000071d000000| Untracked 
| 105|0x000000071d200000, 0x000000071d200000, 0x000000071d400000|  0%| F|  |TAMS 0x000000071d200000, 0x000000071d200000| Untracked 
| 106|0x000000071d400000, 0x000000071d400000, 0x000000071d600000|  0%| F|  |TAMS 0x000000071d400000, 0x000000071d400000| Untracked 
| 107|0x000000071d600000, 0x000000071d600000, 0x000000071d800000|  0%| F|  |TAMS 0x000000071d600000, 0x000000071d600000| Untracked 
| 108|0x000000071d800000, 0x000000071d800000, 0x000000071da00000|  0%| F|  |TAMS 0x000000071d800000, 0x000000071d800000| Untracked 
| 109|0x000000071da00000, 0x000000071da00000, 0x000000071dc00000|  0%| F|  |TAMS 0x000000071da00000, 0x000000071da00000| Untracked 
| 110|0x000000071dc00000, 0x000000071dc00000, 0x000000071de00000|  0%| F|  |TAMS 0x000000071dc00000, 0x000000071dc00000| Untracked 
| 111|0x000000071de00000, 0x000000071de00000, 0x000000071e000000|  0%| F|  |TAMS 0x000000071de00000, 0x000000071de00000| Untracked 
| 112|0x000000071e000000, 0x000000071e000000, 0x000000071e200000|  0%| F|  |TAMS 0x000000071e000000, 0x000000071e000000| Untracked 
| 113|0x000000071e200000, 0x000000071e200000, 0x000000071e400000|  0%| F|  |TAMS 0x000000071e200000, 0x000000071e200000| Untracked 
| 114|0x000000071e400000, 0x000000071e400000, 0x000000071e600000|  0%| F|  |TAMS 0x000000071e400000, 0x000000071e400000| Untracked 
| 115|0x000000071e600000, 0x000000071e67d700, 0x000000071e800000| 24%| E|  |TAMS 0x000000071e600000, 0x000000071e600000| Complete 
| 116|0x000000071e800000, 0x000000071ea00000, 0x000000071ea00000|100%| E|CS|TAMS 0x000000071e800000, 0x000000071e800000| Complete 
| 117|0x000000071ea00000, 0x000000071ec00000, 0x000000071ec00000|100%| E|CS|TAMS 0x000000071ea00000, 0x000000071ea00000| Complete 
| 118|0x000000071ec00000, 0x000000071ee00000, 0x000000071ee00000|100%| E|CS|TAMS 0x000000071ec00000, 0x000000071ec00000| Complete 
| 119|0x000000071ee00000, 0x000000071f000000, 0x000000071f000000|100%| E|CS|TAMS 0x000000071ee00000, 0x000000071ee00000| Complete 

Card table byte_map: [0x000001c0ccca0000,0x000001c0cd420000] _byte_map_base: 0x000001c0c9420000

Marking Bits (Prev, Next): (CMBitMap*) 0x000001c0b9ec2080, (CMBitMap*) 0x000001c0b9ec20c0
 Prev Bits: [0x000001c0cdba0000, 0x000001c0d17a0000)
 Next Bits: [0x000001c0d17a0000, 0x000001c0d53a0000)

Polling page: 0x000001c0b7e00000

Metaspace:

Usage:
  Non-class:      7.69 MB used.
      Class:    789.86 KB used.
       Both:      8.46 MB used.

Virtual space:
  Non-class space:        8.00 MB reserved,       7.75 MB ( 97%) committed,  1 nodes.
      Class space:        1.00 GB reserved,     832.00 KB ( <1%) committed,  1 nodes.
             Both:        1.01 GB reserved,       8.56 MB ( <1%) committed. 

Chunk freelists:
   Non-Class:  44.00 KB
       Class:  3.16 MB
        Both:  3.20 MB

MaxMetaspaceSize: unlimited
CompressedClassSpaceSize: 1.00 GB
Initial GC threshold: 21.00 MB
Current GC threshold: 21.00 MB
CDS: off
MetaspaceReclaimPolicy: balanced
 - commit_granule_bytes: 65536.
 - commit_granule_words: 8192.
 - virtual_space_node_default_size: 1048576.
 - enlarge_chunks_in_place: 1.
 - new_chunks_are_fully_committed: 0.
 - uncommit_free_chunks: 1.
 - use_allocation_guard: 0.
 - handle_deallocations: 1.


Internal statistics:

num_allocs_failed_limit: 0.
num_arena_births: 26.
num_arena_deaths: 0.
num_vsnodes_births: 2.
num_vsnodes_deaths: 0.
num_space_committed: 137.
num_space_uncommitted: 0.
num_chunks_returned_to_freelist: 0.
num_chunks_taken_from_freelist: 82.
num_chunk_merges: 0.
num_chunk_splits: 39.
num_chunks_enlarged: 28.
num_purges: 0.
num_inconsistent_stats: 0.

CodeHeap 'non-profiled nmethods': size=120000Kb used=179Kb max_used=179Kb free=119820Kb
 bounds [0x000001c0c4ff0000, 0x000001c0c5260000, 0x000001c0cc520000]
CodeHeap 'profiled nmethods': size=120000Kb used=909Kb max_used=909Kb free=119090Kb
 bounds [0x000001c0bdac0000, 0x000001c0bdd30000, 0x000001c0c4ff0000]
CodeHeap 'non-nmethods': size=5760Kb used=1135Kb max_used=1150Kb free=4624Kb
 bounds [0x000001c0bd520000, 0x000001c0bd790000, 0x000001c0bdac0000]
 total_blobs=946 nmethods=541 adapters=318
 compilation: enabled
              stopped_count=0, restarted_count=0
 full_count=0

Compilation events (20 events):
Event: 0.706 Thread 0x000001c0d844fb10 nmethod 518 0x000001c0bdb95510 code [0x000001c0bdb956c0, 0x000001c0bdb95918]
Event: 0.706 Thread 0x000001c0d844fb10  521       3       java.util.WeakHashMap::remove (131 bytes)
Event: 0.707 Thread 0x000001c0d844ab40  523       4       jdk.internal.misc.Unsafe::putReferenceRelease (9 bytes)
Event: 0.708 Thread 0x000001c0d844fb10 nmethod 521 0x000001c0bdb95a10 code [0x000001c0bdb95c60, 0x000001c0bdb967f8]
Event: 0.708 Thread 0x000001c0d844fb10  522       3       jdk.internal.ref.CleanerFactory::cleaner (4 bytes)
Event: 0.708 Thread 0x000001c0d844fb10 nmethod 522 0x000001c0bdb96c10 code [0x000001c0bdb96da0, 0x000001c0bdb96e98]
Event: 0.708 Thread 0x000001c0d844fb10  519   !   3       java.util.zip.ZipFile$ZipFileInputStream::close (59 bytes)
Event: 0.708 Thread 0x000001c0d844fb10 nmethod 519 0x000001c0bdb96f10 code [0x000001c0bdb970c0, 0x000001c0bdb97448]
Event: 0.708 Thread 0x000001c0d844fb10  520       3       java.util.Collections$SetFromMap::remove (19 bytes)
Event: 0.709 Thread 0x000001c0d844fb10 nmethod 520 0x000001c0bdb97610 code [0x000001c0bdb977c0, 0x000001c0bdb979e8]
Event: 0.710 Thread 0x000001c0d844ab40 nmethod 523 0x000001c0c501b610 code [0x000001c0c501b780, 0x000001c0c501b8b8]
Event: 0.711 Thread 0x000001c0d844fb10  527       3       jdk.internal.org.objectweb.asm.MethodWriter::visitVarInsn (302 bytes)
Event: 0.712 Thread 0x000001c0d8a74a70 nmethod 516% 0x000001c0c501c410 code [0x000001c0c501c5a0, 0x000001c0c501c938]
Event: 0.712 Thread 0x000001c0d844ab40  530 %     4       java.lang.StringUTF16::compress @ 3 (50 bytes)
Event: 0.712 Thread 0x000001c0d844fb10 nmethod 527 0x000001c0bdb97a90 code [0x000001c0bdb97ce0, 0x000001c0bdb98688]
Event: 0.712 Thread 0x000001c0d844fb10  528       3       java.lang.invoke.MethodTypeForm::canonicalize (59 bytes)
Event: 0.713 Thread 0x000001c0d844fb10 nmethod 528 0x000001c0bdb98910 code [0x000001c0bdb98ae0, 0x000001c0bdb98e08]
Event: 0.713 Thread 0x000001c0d844fb10  529       3       java.lang.invoke.MethodType$ConcurrentWeakInternSet::add (66 bytes)
Event: 0.714 Thread 0x000001c0d844fb10 nmethod 529 0x000001c0bdb98f10 code [0x000001c0bdb99180, 0x000001c0bdb99fa8]
Event: 0.715 Thread 0x000001c0d844fb10  531       3       java.lang.invoke.TypeConvertingMethodAdapter::descriptorToName (36 bytes)

GC Heap History (0 events):
No events

Deoptimization events (20 events):
Event: 0.307 Thread 0x000001c0b9e5a240 DEOPT PACKING pc=0x000001c0bdada88c sp=0x0000005957afdcd0
Event: 0.307 Thread 0x000001c0b9e5a240 DEOPT UNPACKING pc=0x000001c0bd576763 sp=0x0000005957afd160 mode 0
Event: 0.344 Thread 0x000001c0b9e5a240 DEOPT PACKING pc=0x000001c0bdad6c67 sp=0x0000005957afe3b0
Event: 0.344 Thread 0x000001c0b9e5a240 DEOPT UNPACKING pc=0x000001c0bd576763 sp=0x0000005957afd7d0 mode 0
Event: 0.356 Thread 0x000001c0b9e5a240 DEOPT PACKING pc=0x000001c0bdac7ad1 sp=0x0000005957afdb30
Event: 0.356 Thread 0x000001c0b9e5a240 DEOPT UNPACKING pc=0x000001c0bd576763 sp=0x0000005957afcfa8 mode 0
Event: 0.410 Thread 0x000001c0b9e5a240 DEOPT PACKING pc=0x000001c0bdb021f4 sp=0x0000005957afc260
Event: 0.410 Thread 0x000001c0b9e5a240 DEOPT UNPACKING pc=0x000001c0bd576763 sp=0x0000005957afb710 mode 0
Event: 0.517 Thread 0x000001c0b9e5a240 Uncommon trap: trap_request=0xffffff45 fr.pc=0x000001c0c4ffa364 relative=0x0000000000000064
Event: 0.517 Thread 0x000001c0b9e5a240 Uncommon trap: reason=unstable_if action=reinterpret pc=0x000001c0c4ffa364 method=java.io.WinNTFileSystem.isSlash(C)Z @ 9 c2
Event: 0.517 Thread 0x000001c0b9e5a240 DEOPT PACKING pc=0x000001c0c4ffa364 sp=0x0000005957afded0
Event: 0.517 Thread 0x000001c0b9e5a240 DEOPT UNPACKING pc=0x000001c0bd575c23 sp=0x0000005957afde58 mode 2
Event: 0.520 Thread 0x000001c0b9e5a240 DEOPT PACKING pc=0x000001c0bdae93e8 sp=0x0000005957afd390
Event: 0.520 Thread 0x000001c0b9e5a240 DEOPT UNPACKING pc=0x000001c0bd576763 sp=0x0000005957afc820 mode 0
Event: 0.532 Thread 0x000001c0b9e5a240 DEOPT PACKING pc=0x000001c0bdaed456 sp=0x0000005957afd280
Event: 0.532 Thread 0x000001c0b9e5a240 DEOPT UNPACKING pc=0x000001c0bd576763 sp=0x0000005957afc708 mode 0
Event: 0.581 Thread 0x000001c0b9e5a240 DEOPT PACKING pc=0x000001c0bdb09b65 sp=0x0000005957afd5a0
Event: 0.581 Thread 0x000001c0b9e5a240 DEOPT UNPACKING pc=0x000001c0bd576763 sp=0x0000005957afc9f0 mode 0
Event: 0.606 Thread 0x000001c0b9e5a240 DEOPT PACKING pc=0x000001c0bdb09b65 sp=0x0000005957afde30
Event: 0.606 Thread 0x000001c0b9e5a240 DEOPT UNPACKING pc=0x000001c0bd576763 sp=0x0000005957afd280 mode 0

Classes unloaded (0 events):
No events

Classes redefined (0 events):
No events

Internal exceptions (7 events):
Event: 0.563 Thread 0x000001c0b9e5a240 Exception <a 'java/lang/NoSuchMethodError'{0x000000071ebc5d60}: 'void java.lang.invoke.DirectMethodHandle$Holder.invokeStatic(java.lang.Object, java.lang.Object, java.lang.Object)'> (0x000000071ebc5d60) 
thrown [s\src\hotspot\share\interpreter\linkResolver.cpp, line 759]
Event: 0.604 Thread 0x000001c0b9e5a240 Exception <a 'java/lang/NoSuchMethodError'{0x000000071e85a2d0}: 'java.lang.Object java.lang.invoke.DirectMethodHandle$Holder.invokeVirtual(java.lang.Object, java.lang.Object, java.lang.Object)'> (0x000000071e85a2d0) 
thrown [s\src\hotspot\share\interpreter\linkResolver.cpp, line 759]
Event: 0.628 Thread 0x000001c0b9e5a240 Exception <a 'java/lang/NoSuchMethodError'{0x000000071e86d228}: 'java.lang.Object java.lang.invoke.DirectMethodHandle$Holder.invokeStaticInit(java.lang.Object)'> (0x000000071e86d228) 
thrown [s\src\hotspot\share\interpreter\linkResolver.cpp, line 759]
Event: 0.635 Thread 0x000001c0b9e5a240 Exception <a 'java/lang/NoSuchMethodError'{0x000000071e87a400}: 'void java.lang.invoke.DirectMethodHandle$Holder.invokeStatic(java.lang.Object, java.lang.Object)'> (0x000000071e87a400) 
thrown [s\src\hotspot\share\interpreter\linkResolver.cpp, line 759]
Event: 0.648 Thread 0x000001c0b9e5a240 Exception <a 'java/lang/NoSuchMethodError'{0x000000071e9002f8}: 'void java.lang.invoke.DirectMethodHandle$Holder.invokeSpecial(java.lang.Object, java.lang.Object, java.lang.Object)'> (0x000000071e9002f8) 
thrown [s\src\hotspot\share\interpreter\linkResolver.cpp, line 759]
Event: 0.664 Thread 0x000001c0b9e5a240 Exception <a 'java/lang/NoSuchMethodError'{0x000000071e95b350}: 'int java.lang.invoke.DirectMethodHandle$Holder.invokeVirtual(java.lang.Object, java.lang.Object)'> (0x000000071e95b350) 
thrown [s\src\hotspot\share\interpreter\linkResolver.cpp, line 759]
Event: 0.683 Thread 0x000001c0b9e5a240 Exception <a 'java/lang/NoSuchMethodError'{0x000000071e984258}: 'java.lang.Object java.lang.invoke.DirectMethodHandle$Holder.invokeStaticInit(java.lang.Object, int)'> (0x000000071e984258) 
thrown [s\src\hotspot\share\interpreter\linkResolver.cpp, line 759]

VM Operations (6 events):
Event: 0.302 Executing VM operation: HandshakeAllThreads
Event: 0.302 Executing VM operation: HandshakeAllThreads done
Event: 0.517 Executing VM operation: HandshakeAllThreads
Event: 0.517 Executing VM operation: HandshakeAllThreads done
Event: 0.618 Executing VM operation: HandshakeAllThreads
Event: 0.618 Executing VM operation: HandshakeAllThreads done

Events (20 events):
Event: 0.679 loading class java/util/Formatter$FormatString done
Event: 0.679 loading class java/util/Formatter$FormatSpecifier done
Event: 0.679 loading class java/util/Formatter$Flags
Event: 0.679 loading class java/util/Formatter$Flags done
Event: 0.679 loading class java/util/Formatter$FixedString
Event: 0.680 loading class java/util/Formatter$FixedString done
Event: 0.680 loading class java/util/Formattable
Event: 0.680 loading class java/util/Formattable done
Event: 0.680 loading class java/util/regex/ASCII
Event: 0.680 loading class java/util/regex/ASCII done
Event: 0.682 loading class java/lang/Character$CharacterCache
Event: 0.682 loading class java/lang/Character$CharacterCache done
Event: 0.684 loading class java/net/URLEncoder
Event: 0.684 loading class java/net/URLEncoder done
Event: 0.684 loading class java/util/BitSet
Event: 0.684 loading class java/util/BitSet done
Event: 0.685 loading class java/io/CharArrayWriter
Event: 0.685 loading class java/io/CharArrayWriter done
Event: 0.688 loading class java/util/Collections$SingletonList
Event: 0.689 loading class java/util/Collections$SingletonList done


Dynamic libraries:
0x00007ff7aeab0000 - 0x00007ff7aeabe000 	C:\Users\ACK\.p2\pool\plugins\org.eclipse.justj.openjdk.hotspot.jre.full.win32.x86_64_17.0.4.v20221004-1257\jre\bin\javaw.exe
0x00007ffd3e670000 - 0x00007ffd3e868000 	C:\Windows\SYSTEM32\ntdll.dll
0x00007ffd3e130000 - 0x00007ffd3e1ef000 	C:\Windows\System32\KERNEL32.DLL
0x00007ffd3c040000 - 0x00007ffd3c336000 	C:\Windows\System32\KERNELBASE.dll
0x00007ffd3c540000 - 0x00007ffd3c640000 	C:\Windows\System32\ucrtbase.dll
0x00007ffd23b00000 - 0x00007ffd23b18000 	C:\Users\ACK\.p2\pool\plugins\org.eclipse.justj.openjdk.hotspot.jre.full.win32.x86_64_17.0.4.v20221004-1257\jre\bin\jli.dll
0x00007ffd3c6d0000 - 0x00007ffd3c86d000 	C:\Windows\System32\USER32.dll
0x00007ffd3bdd0000 - 0x00007ffd3bdf2000 	C:\Windows\System32\win32u.dll
0x00007ffd3ca90000 - 0x00007ffd3cabc000 	C:\Windows\System32\GDI32.dll
0x00007ffd3beb0000 - 0x00007ffd3bfc5000 	C:\Windows\System32\gdi32full.dll
0x00007ffd3c340000 - 0x00007ffd3c3dd000 	C:\Windows\System32\msvcp_win.dll
0x00007ffd2b470000 - 0x00007ffd2b489000 	C:\Users\ACK\.p2\pool\plugins\org.eclipse.justj.openjdk.hotspot.jre.full.win32.x86_64_17.0.4.v20221004-1257\jre\bin\VCRUNTIME140.dll
0x00007ffd25410000 - 0x00007ffd256aa000 	C:\Windows\WinSxS\amd64_microsoft.windows.common-controls_6595b64144ccf1df_6.0.19041.1110_none_60b5254171f9507e\COMCTL32.dll
0x00007ffd3d710000 - 0x00007ffd3d7ae000 	C:\Windows\System32\msvcrt.dll
0x00007ffd3e1f0000 - 0x00007ffd3e220000 	C:\Windows\System32\IMM32.DLL
0x00007ffd2a830000 - 0x00007ffd2a83c000 	C:\Users\ACK\.p2\pool\plugins\org.eclipse.justj.openjdk.hotspot.jre.full.win32.x86_64_17.0.4.v20221004-1257\jre\bin\vcruntime140_1.dll
0x00007ffd1ff10000 - 0x00007ffd1ffa1000 	C:\Users\ACK\.p2\pool\plugins\org.eclipse.justj.openjdk.hotspot.jre.full.win32.x86_64_17.0.4.v20221004-1257\jre\bin\msvcp140.dll
0x00007ffd0b220000 - 0x00007ffd0be66000 	C:\Users\ACK\.p2\pool\plugins\org.eclipse.justj.openjdk.hotspot.jre.full.win32.x86_64_17.0.4.v20221004-1257\jre\bin\server\jvm.dll
0x00007ffd3e570000 - 0x00007ffd3e61f000 	C:\Windows\System32\ADVAPI32.dll
0x00007ffd3d670000 - 0x00007ffd3d70c000 	C:\Windows\System32\sechost.dll
0x00007ffd3d7d0000 - 0x00007ffd3d8f6000 	C:\Windows\System32\RPCRT4.dll
0x00007ffd3e620000 - 0x00007ffd3e628000 	C:\Windows\System32\PSAPI.DLL
0x00007ffd25130000 - 0x00007ffd25139000 	C:\Windows\SYSTEM32\WSOCK32.dll
0x00007ffd3d600000 - 0x00007ffd3d66b000 	C:\Windows\System32\WS2_32.dll
0x00007ffd213f0000 - 0x00007ffd21417000 	C:\Windows\SYSTEM32\WINMM.dll
0x00007ffd34670000 - 0x00007ffd3467a000 	C:\Windows\SYSTEM32\VERSION.dll
0x00007ffd39a00000 - 0x00007ffd39a12000 	C:\Windows\SYSTEM32\kernel.appcore.dll
0x00007ffd250a0000 - 0x00007ffd250aa000 	C:\Users\ACK\.p2\pool\plugins\org.eclipse.justj.openjdk.hotspot.jre.full.win32.x86_64_17.0.4.v20221004-1257\jre\bin\jimage.dll
0x00007ffd2c210000 - 0x00007ffd2c3f4000 	C:\Windows\SYSTEM32\DBGHELP.DLL
0x00007ffd2c1b0000 - 0x00007ffd2c1e4000 	C:\Windows\SYSTEM32\dbgcore.DLL
0x00007ffd3c640000 - 0x00007ffd3c6c2000 	C:\Windows\System32\bcryptPrimitives.dll
0x00007ffd20620000 - 0x00007ffd20645000 	C:\Users\ACK\.p2\pool\plugins\org.eclipse.justj.openjdk.hotspot.jre.full.win32.x86_64_17.0.4.v20221004-1257\jre\bin\java.dll
0x00007ffd20600000 - 0x00007ffd20618000 	C:\Users\ACK\.p2\pool\plugins\org.eclipse.justj.openjdk.hotspot.jre.full.win32.x86_64_17.0.4.v20221004-1257\jre\bin\zip.dll
0x00007ffd3d9e0000 - 0x00007ffd3e124000 	C:\Windows\System32\SHELL32.dll
0x00007ffd39c00000 - 0x00007ffd3a393000 	C:\Windows\SYSTEM32\windows.storage.dll
0x00007ffd3d2a0000 - 0x00007ffd3d5f4000 	C:\Windows\System32\combase.dll
0x00007ffd3b5e0000 - 0x00007ffd3b60e000 	C:\Windows\SYSTEM32\Wldp.dll
0x00007ffd3cac0000 - 0x00007ffd3cb6d000 	C:\Windows\System32\SHCORE.dll
0x00007ffd3ca30000 - 0x00007ffd3ca85000 	C:\Windows\System32\shlwapi.dll
0x00007ffd3bc90000 - 0x00007ffd3bcaf000 	C:\Windows\SYSTEM32\profapi.dll
0x00007ffd205e0000 - 0x00007ffd205f9000 	C:\Users\ACK\.p2\pool\plugins\org.eclipse.justj.openjdk.hotspot.jre.full.win32.x86_64_17.0.4.v20221004-1257\jre\bin\net.dll
0x00007ffd35260000 - 0x00007ffd3536a000 	C:\Windows\SYSTEM32\WINHTTP.dll
0x00007ffd3b3c0000 - 0x00007ffd3b42a000 	C:\Windows\system32\mswsock.dll
0x00007ffd205c0000 - 0x00007ffd205d5000 	C:\Users\ACK\.p2\pool\plugins\org.eclipse.justj.openjdk.hotspot.jre.full.win32.x86_64_17.0.4.v20221004-1257\jre\bin\nio.dll
0x00007ffd3b0d0000 - 0x00007ffd3b10c000 	C:\Windows\SYSTEM32\IPHLPAPI.DLL
0x00007ffd3d7b0000 - 0x00007ffd3d7b8000 	C:\Windows\System32\NSI.dll
0x00007ffd36a00000 - 0x00007ffd36a17000 	C:\Windows\SYSTEM32\dhcpcsvc6.DLL
0x00007ffd369e0000 - 0x00007ffd369fd000 	C:\Windows\SYSTEM32\dhcpcsvc.DLL
0x00007ffd3b110000 - 0x00007ffd3b1da000 	C:\Windows\SYSTEM32\DNSAPI.dll

dbghelp: loaded successfully - version: 4.0.5 - missing functions: none
symbol engine: initialized successfully - sym options: 0x614 - pdb path: .;C:\Users\ACK\.p2\pool\plugins\org.eclipse.justj.openjdk.hotspot.jre.full.win32.x86_64_17.0.4.v20221004-1257\jre\bin;C:\Windows\SYSTEM32;C:\Windows\WinSxS\amd64_microsoft.windows.common-controls_6595b64144ccf1df_6.0.19041.1110_none_60b5254171f9507e;C:\Users\ACK\.p2\pool\plugins\org.eclipse.justj.openjdk.hotspot.jre.full.win32.x86_64_17.0.4.v20221004-1257\jre\bin\server

VM Arguments:
jvm_args: -ea -Dfile.encoding=UTF-8 -XX:+ShowCodeDetailsInExceptionMessages 
java_command: org.eclipse.jdt.internal.junit.runner.RemoteTestRunner -version 3 -port 60531 -testLoaderClass org.eclipse.jdt.internal.junit5.runner.JUnit5TestLoader -loaderpluginname org.eclipse.jdt.junit5.runtime -classNames database.DatabaseImplementationTest
java_class_path (initial): C:\Users\ACK\git\HV-1\HV-1\target\test-classes;C:\Users\ACK\git\HV-1\HV-1\target\classes;C:\Users\ACK\.p2\pool\plugins\junit-jupiter-api_5.9.0.jar;C:\Users\ACK\.p2\pool\plugins\junit-jupiter-engine_5.9.0.jar;C:\Users\ACK\.p2\pool\plugins\junit-jupiter-migrationsupport_5.9.0.jar;C:\Users\ACK\.p2\pool\plugins\junit-jupiter-params_5.9.0.jar;C:\Users\ACK\.p2\pool\plugins\junit-platform-commons_1.9.0.jar;C:\Users\ACK\.p2\pool\plugins\junit-platform-engine_1.9.0.jar;C:\Users\ACK\.p2\pool\plugins\junit-platform-launcher_1.9.0.jar;C:\Users\ACK\.p2\pool\plugins\junit-platform-runner_1.9.0.jar;C:\Users\ACK\.p2\pool\plugins\junit-platform-suite-api_1.9.0.jar;C:\Users\ACK\.p2\pool\plugins\junit-platform-suite-engine_1.9.0.jar;C:\Users\ACK\.p2\pool\plugins\junit-platform-suite-commons_1.9.0.jar;C:\Users\ACK\.p2\pool\plugins\junit-vintage-engine_5.9.0.jar;C:\Users\ACK\.p2\pool\plugins\org.opentest4j_1.2.0.jar;C:\Users\ACK\.p2\pool\plugins\org.apiguardian.api_1.1.2.jar;C:\Users\ACK\.p2\pool\plugins\org.junit_4.13.2.v20211018-1956.jar;C:\Users\ACK\.p2\pool\plugins\org.hamcrest.core_1.3.0.v20180420-1519.jar;C:\Users\ACK\git\HV_AllProjects\HV-0\target\classes;C:\Users\ACK\.m2\repository\org\projectlombok\lombok\1.18.24\lombok-1.18.24.jar;C:\Users\ACK\.m2\repository\org\mariadb\jdbc\mariadb-java-client\3.1.1\mariadb-java-client-3.1.1.jar;C:\Users\ACK\.m2\repository\com\github\waffle\waffle-jna\3.2.0\waffle-jna-3.2.0.jar;C:\Users\ACK\.m2\repository\net\java\dev\jna\jna\5.12.1\jna-5.12.1.jar;C:\Users\ACK\.m2\repository\net\java\dev\jna\jna-platform\5.12.1\jna-platform-5.12.1.jar;C:\Users\ACK\.m2\repository\org\slf4j\jcl-over-slf4j\1.7.36\jcl-over-slf4j-1.7.36.jar;C:\Users\ACK\.m2\repository\org\checkerframework\checker-qual\3.23.0\checker-qual-3.23.0.jar;C:\Users\ACK\.m2\repository\org\jdbi\jdbi3-core\3.36.0\jdbi3-core-3.36.0.jar;C:\Users\ACK\.m2\repository\org\slf4j\slf4j-api\1.7.36\slf4j-api-1.7.36.jar;C:\Users\ACK\.m2\repository\io\leangen\geantyref\geant
Launcher Type: SUN_STANDARD

[Global flags]
     intx CICompilerCount                          = 3                                         {product} {ergonomic}
     uint ConcGCThreads                            = 1                                         {product} {ergonomic}
     uint G1ConcRefinementThreads                  = 4                                         {product} {ergonomic}
   size_t G1HeapRegionSize                         = 2097152                                   {product} {ergonomic}
    uintx GCDrainStackTargetSize                   = 64                                        {product} {ergonomic}
   size_t InitialHeapSize                          = 251658240                                 {product} {ergonomic}
   size_t MarkStackSize                            = 4194304                                   {product} {ergonomic}
   size_t MaxHeapSize                              = 4026531840                                {product} {ergonomic}
   size_t MaxNewSize                               = 2415919104                                {product} {ergonomic}
   size_t MinHeapDeltaBytes                        = 2097152                                   {product} {ergonomic}
   size_t MinHeapSize                              = 8388608                                   {product} {ergonomic}
    uintx NonNMethodCodeHeapSize                   = 5832780                                {pd product} {ergonomic}
    uintx NonProfiledCodeHeapSize                  = 122912730                              {pd product} {ergonomic}
    uintx ProfiledCodeHeapSize                     = 122912730                              {pd product} {ergonomic}
    uintx ReservedCodeCacheSize                    = 251658240                              {pd product} {ergonomic}
     bool SegmentedCodeCache                       = true                                      {product} {ergonomic}
     bool ShowCodeDetailsInExceptionMessages       = true                                   {manageable} {command line}
   size_t SoftMaxHeapSize                          = 4026531840                             {manageable} {ergonomic}
     bool UseCompressedClassPointers               = true                           {product lp64_product} {ergonomic}
     bool UseCompressedOops                        = true                           {product lp64_product} {ergonomic}
     bool UseG1GC                                  = true                                      {product} {ergonomic}
     bool UseLargePagesIndividualAllocation        = false                                  {pd product} {ergonomic}

Logging:
Log output configuration:
 #0: stdout all=warning uptime,level,tags
 #1: stderr all=off uptime,level,tags

Environment Variables:
PATH=C:/Users/ACK/.p2/pool/plugins/org.eclipse.justj.openjdk.hotspot.jre.full.win32.x86_64_17.0.4.v20221004-1257/jre/bin/server;C:/Users/ACK/.p2/pool/plugins/org.eclipse.justj.openjdk.hotspot.jre.full.win32.x86_64_17.0.4.v20221004-1257/jre/bin;C:\Program Files (x86)\Common Files\Oracle\Java\javapath;C:\Windows\system32;C:\Windows;C:\Windows\System32\Wbem;C:\Windows\System32\WindowsPowerShell\v1.0\;C:\Windows\System32\OpenSSH\;C:\Program Files (x86)\Bitvise SSH Client;C:\Program Files\Git\cmd;C:\Users\ACK\AppData\Local\Microsoft\WindowsApps;C:\Users\ACK\AppData\Local\Programs\MiKTeX\miktex\bin\x64\;C:\Users\ACK\AppData\Local\GitHubDesktop\bin;C:\Windows\system32;
USERNAME=ack
OS=Windows_NT
PROCESSOR_IDENTIFIER=Intel64 Family 6 Model 106 Stepping 6, GenuineIntel
TMP=C:\Users\ACK\AppData\Local\Temp
TEMP=C:\Users\ACK\AppData\Local\Temp



---------------  S Y S T E M  ---------------

OS:
 Windows 10 , 64 bit Build 19041 (10.0.19041.3031)
OS uptime: 6 days 7:29 hours
Hyper-V role detected

CPU: total 4 (initial active 4) (2 cores per cpu, 2 threads per core) family 6 model 106 stepping 6 microcode 0xffffffff, cx8, cmov, fxsr, ht, mmx, 3dnowpref, sse, sse2, sse3, ssse3, sse4.1, sse4.2, popcnt, lzcnt, tsc, avx, avx2, aes, erms, clmul, bmi1, bmi2, rtm, adx, avx512f, avx512dq, avx512cd, avx512bw, avx512vl, sha, fma, vzeroupper, avx512_vpopcntdq, avx512_vpclmulqdq, avx512_vaes, avx512_vnni, clflush, clflushopt, clwb, avx512_vbmi2, avx512_vbmi, hv

Memory: 4k page, system-wide physical 15358M (3623M free)
TotalPageFile size 15458M (AvailPageFile size 5M)
current process WorkingSet (physical memory assigned to process): 54M, peak: 54M
current process commit charge ("private bytes"): 325M, peak: 325M

vm_info: OpenJDK 64-Bit Server VM (17.0.4.1+1) for windows-amd64 JRE (17.0.4.1+1), built on Aug 17 2022 07:42:43 by "temurin" with MS VC++ 16.7 (VS2019)

END.
